--------------------- Problem 1 ---------------------
---- Accuracy: 0.100000 ----
PR Best: 1.000000
PR Worst: 1.000000
PR Average: 1.000000
PR Median: 1.000000
PR Standard Deviation: 0.000000
SR: 1.000000
---- Accuracy 0.100000 ----
---- Accuracy: 0.010000 ----
PR Best: 1.000000
PR Worst: 1.000000
PR Average: 1.000000
PR Median: 1.000000
PR Standard Deviation: 0.000000
SR: 1.000000
---- Accuracy 0.010000 ----
---- Accuracy: 0.001000 ----
PR Best: 1.000000
PR Worst: 0.500000
PR Average: 0.875000
PR Median: 1.000000
PR Standard Deviation: 0.038886
SR: 0.750000
---- Accuracy 0.001000 ----
---- Accuracy: 0.000100 ----
PR Best: 1.000000
PR Worst: 0.000000
PR Average: 0.187500
PR Median: 0.000000
PR Standard Deviation: 0.048930
SR: 0.031250
---- Accuracy 0.000100 ----
---- Accuracy: 0.000010 ----
PR Best: 0.500000
PR Worst: 0.000000
PR Average: 0.015625
PR Median: 0.000000
PR Standard Deviation: 0.015625
SR: 0.000000
---- Accuracy 0.000010 ----
--------------------- Problem 1 ---------------------

--------------------- Problem 2 ---------------------
---- Accuracy: 0.100000 ----
PR Best: 1.000000
PR Worst: 1.000000
PR Average: 1.000000
PR Median: 1.000000
PR Standard Deviation: 0.000000
SR: 1.000000
---- Accuracy 0.100000 ----
---- Accuracy: 0.010000 ----
PR Best: 1.000000
PR Worst: 1.000000
PR Average: 1.000000
PR Median: 1.000000
PR Standard Deviation: 0.000000
SR: 1.000000
---- Accuracy 0.010000 ----
---- Accuracy: 0.001000 ----
PR Best: 1.000000
PR Worst: 0.000000
PR Average: 0.796875
PR Median: 1.000000
PR Standard Deviation: 0.049490
SR: 0.625000
---- Accuracy 0.001000 ----
---- Accuracy: 0.000100 ----
PR Best: 0.000000
PR Worst: 0.000000
PR Average: 0.000000
PR Median: 0.000000
PR Standard Deviation: 0.000000
SR: 0.000000
---- Accuracy 0.000100 ----
---- Accuracy: 0.000010 ----
PR Best: 0.000000
PR Worst: 0.000000
PR Average: 0.000000
PR Median: 0.000000
PR Standard Deviation: 0.000000
SR: 0.000000
---- Accuracy 0.000010 ----
--------------------- Problem 2 ---------------------

--------------------- Problem 3 ---------------------
---- Accuracy: 0.100000 ----
PR Best: 1.000000
PR Worst: 1.000000
PR Average: 1.000000
PR Median: 1.000000
PR Standard Deviation: 0.000000
SR: 1.000000
---- Accuracy 0.100000 ----
---- Accuracy: 0.010000 ----
PR Best: 1.000000
PR Worst: 0.500000
PR Average: 0.820312
PR Median: 0.750000
PR Standard Deviation: 0.023099
SR: 0.312500
---- Accuracy 0.010000 ----
---- Accuracy: 0.001000 ----
PR Best: 0.500000
PR Worst: 0.000000
PR Average: 0.109375
PR Median: 0.000000
PR Standard Deviation: 0.024943
SR: 0.000000
---- Accuracy 0.001000 ----
---- Accuracy: 0.000100 ----
PR Best: 0.000000
PR Worst: 0.000000
PR Average: 0.000000
PR Median: 0.000000
PR Standard Deviation: 0.000000
SR: 0.000000
---- Accuracy 0.000100 ----
---- Accuracy: 0.000010 ----
PR Best: 0.000000
PR Worst: 0.000000
PR Average: 0.000000
PR Median: 0.000000
PR Standard Deviation: 0.000000
SR: 0.000000
---- Accuracy 0.000010 ----
--------------------- Problem 3 ---------------------

--------------------- Problem 4 ---------------------
---- Accuracy: 0.100000 ----
PR Best: 1.000000
PR Worst: 1.000000
PR Average: 1.000000
PR Median: 1.000000
PR Standard Deviation: 0.000000
SR: 1.000000
---- Accuracy 0.100000 ----
---- Accuracy: 0.010000 ----
PR Best: 1.000000
PR Worst: 1.000000
PR Average: 1.000000
PR Median: 1.000000
PR Standard Deviation: 0.000000
SR: 1.000000
---- Accuracy 0.010000 ----
---- Accuracy: 0.001000 ----
PR Best: 1.000000
PR Worst: 0.000000
PR Average: 0.578125
PR Median: 0.500000
PR Standard Deviation: 0.071382
SR: 0.406250
---- Accuracy 0.001000 ----
---- Accuracy: 0.000100 ----
PR Best: 0.000000
PR Worst: 0.000000
PR Average: 0.000000
PR Median: 0.000000
PR Standard Deviation: 0.000000
SR: 0.000000
---- Accuracy 0.000100 ----
---- Accuracy: 0.000010 ----
PR Best: 0.000000
PR Worst: 0.000000
PR Average: 0.000000
PR Median: 0.000000
PR Standard Deviation: 0.000000
SR: 0.000000
---- Accuracy 0.000010 ----
--------------------- Problem 4 ---------------------

--------------------- Problem 5 ---------------------
---- Accuracy: 0.100000 ----
PR Best: 1.000000
PR Worst: 1.000000
PR Average: 1.000000
PR Median: 1.000000
PR Standard Deviation: 0.000000
SR: 1.000000
---- Accuracy 0.100000 ----
---- Accuracy: 0.010000 ----
PR Best: 1.000000
PR Worst: 0.875000
PR Average: 0.968750
PR Median: 1.000000
PR Standard Deviation: 0.009721
SR: 0.750000
---- Accuracy 0.010000 ----
---- Accuracy: 0.001000 ----
PR Best: 0.500000
PR Worst: 0.000000
PR Average: 0.359375
PR Median: 0.375000
PR Standard Deviation: 0.024943
SR: 0.000000
---- Accuracy 0.001000 ----
---- Accuracy: 0.000100 ----
PR Best: 0.125000
PR Worst: 0.000000
PR Average: 0.019531
PR Median: 0.000000
PR Standard Deviation: 0.008152
SR: 0.000000
---- Accuracy 0.000100 ----
---- Accuracy: 0.000010 ----
PR Best: 0.000000
PR Worst: 0.000000
PR Average: 0.000000
PR Median: 0.000000
PR Standard Deviation: 0.000000
SR: 0.000000
---- Accuracy 0.000010 ----
--------------------- Problem 5 ---------------------

--------------------- Problem 6 ---------------------
---- Accuracy: 0.100000 ----
PR Best: 0.437500
PR Worst: 0.281250
PR Average: 0.379883
PR Median: 0.406250
PR Standard Deviation: 0.008997
SR: 0.000000
---- Accuracy 0.100000 ----
---- Accuracy: 0.010000 ----
PR Best: 0.281250
PR Worst: 0.156250
PR Average: 0.218750
PR Median: 0.218750
PR Standard Deviation: 0.005250
SR: 0.000000
---- Accuracy 0.010000 ----
---- Accuracy: 0.001000 ----
PR Best: 0.218750
PR Worst: 0.062500
PR Average: 0.148438
PR Median: 0.156250
PR Standard Deviation: 0.005785
SR: 0.000000
---- Accuracy 0.001000 ----
---- Accuracy: 0.000100 ----
PR Best: 0.156250
PR Worst: 0.000000
PR Average: 0.054688
PR Median: 0.031250
PR Standard Deviation: 0.009413
SR: 0.000000
---- Accuracy 0.000100 ----
---- Accuracy: 0.000010 ----
PR Best: 0.062500
PR Worst: 0.000000
PR Average: 0.007812
PR Median: 0.000000
PR Standard Deviation: 0.003437
SR: 0.000000
---- Accuracy 0.000010 ----
--------------------- Problem 6 ---------------------

--------------------- Problem 7 ---------------------
---- Accuracy: 0.100000 ----
PR Best: 1.000000
PR Worst: 1.000000
PR Average: 1.000000
PR Median: 1.000000
PR Standard Deviation: 0.000000
SR: 1.000000
---- Accuracy 0.100000 ----
---- Accuracy: 0.010000 ----
PR Best: 1.000000
PR Worst: 0.000000
PR Average: 0.890625
PR Median: 1.000000
PR Standard Deviation: 0.053762
SR: 0.875000
---- Accuracy 0.010000 ----
---- Accuracy: 0.001000 ----
PR Best: 0.500000
PR Worst: 0.000000
PR Average: 0.140625
PR Median: 0.000000
PR Standard Deviation: 0.040376
SR: 0.000000
---- Accuracy 0.001000 ----
---- Accuracy: 0.000100 ----
PR Best: 0.000000
PR Worst: 0.000000
PR Average: 0.000000
PR Median: 0.000000
PR Standard Deviation: 0.000000
SR: 0.000000
---- Accuracy 0.000100 ----
---- Accuracy: 0.000010 ----
PR Best: 0.000000
PR Worst: 0.000000
PR Average: 0.000000
PR Median: 0.000000
PR Standard Deviation: 0.000000
SR: 0.000000
---- Accuracy 0.000010 ----
--------------------- Problem 7 ---------------------

--------------------- Problem 8 ---------------------
---- Accuracy: 0.100000 ----
PR Best: 1.000000
PR Worst: 1.000000
PR Average: 1.000000
PR Median: 1.000000
PR Standard Deviation: 0.000000
SR: 1.000000
---- Accuracy 0.100000 ----
---- Accuracy: 0.010000 ----
PR Best: 1.000000
PR Worst: 0.250000
PR Average: 0.910156
PR Median: 1.000000
PR Standard Deviation: 0.030347
SR: 0.718750
---- Accuracy 0.010000 ----
---- Accuracy: 0.001000 ----
PR Best: 0.250000
PR Worst: 0.000000
PR Average: 0.144531
PR Median: 0.125000
PR Standard Deviation: 0.017846
SR: 0.000000
---- Accuracy 0.001000 ----
---- Accuracy: 0.000100 ----
PR Best: 0.125000
PR Worst: 0.000000
PR Average: 0.003906
PR Median: 0.000000
PR Standard Deviation: 0.003906
SR: 0.000000
---- Accuracy 0.000100 ----
---- Accuracy: 0.000010 ----
PR Best: 0.000000
PR Worst: 0.000000
PR Average: 0.000000
PR Median: 0.000000
PR Standard Deviation: 0.000000
SR: 0.000000
---- Accuracy 0.000010 ----
--------------------- Problem 8 ---------------------

--------------------- Problem 9 ---------------------
---- Accuracy: 0.100000 ----
PR Best: 0.750000
PR Worst: 0.250000
PR Average: 0.485352
PR Median: 0.500000
PR Standard Deviation: 0.023013
SR: 0.000000
---- Accuracy 0.100000 ----
---- Accuracy: 0.010000 ----
PR Best: 0.281250
PR Worst: 0.000000
PR Average: 0.107422
PR Median: 0.093750
PR Standard Deviation: 0.012701
SR: 0.000000
---- Accuracy 0.010000 ----
---- Accuracy: 0.001000 ----
PR Best: 0.093750
PR Worst: 0.000000
PR Average: 0.022461
PR Median: 0.031250
PR Standard Deviation: 0.004908
SR: 0.000000
---- Accuracy 0.001000 ----
---- Accuracy: 0.000100 ----
PR Best: 0.093750
PR Worst: 0.000000
PR Average: 0.004883
PR Median: 0.000000
PR Standard Deviation: 0.003172
SR: 0.000000
---- Accuracy 0.000100 ----
---- Accuracy: 0.000010 ----
PR Best: 0.000000
PR Worst: 0.000000
PR Average: 0.000000
PR Median: 0.000000
PR Standard Deviation: 0.000000
SR: 0.000000
---- Accuracy 0.000010 ----
--------------------- Problem 9 ---------------------

--------------------- Problem 10 ---------------------
---- Accuracy: 0.100000 ----
PR Best: 1.000000
PR Worst: 1.000000
PR Average: 1.000000
PR Median: 1.000000
PR Standard Deviation: 0.000000
SR: 1.000000
---- Accuracy 0.100000 ----
---- Accuracy: 0.010000 ----
PR Best: 1.000000
PR Worst: 0.800000
PR Average: 0.921875
PR Median: 0.900000
PR Standard Deviation: 0.010752
SR: 0.312500
---- Accuracy 0.010000 ----
---- Accuracy: 0.001000 ----
PR Best: 0.900000
PR Worst: 0.300000
PR Average: 0.606250
PR Median: 0.600000
PR Standard Deviation: 0.021968
SR: 0.000000
---- Accuracy 0.001000 ----
---- Accuracy: 0.000100 ----
PR Best: 0.500000
PR Worst: 0.100000
PR Average: 0.290625
PR Median: 0.300000
PR Standard Deviation: 0.022611
SR: 0.000000
---- Accuracy 0.000100 ----
---- Accuracy: 0.000010 ----
PR Best: 0.200000
PR Worst: 0.000000
PR Average: 0.065625
PR Median: 0.100000
PR Standard Deviation: 0.010634
SR: 0.000000
---- Accuracy 0.000010 ----
--------------------- Problem 10 ---------------------

--------------------- Problem 11 ---------------------
---- Accuracy: 0.100000 ----
PR Best: 1.000000
PR Worst: 1.000000
PR Average: 1.000000
PR Median: 1.000000
PR Standard Deviation: 0.000000
SR: 1.000000
---- Accuracy 0.100000 ----
---- Accuracy: 0.010000 ----
PR Best: 1.000000
PR Worst: 0.750000
PR Average: 0.968750
PR Median: 1.000000
PR Standard Deviation: 0.014850
SR: 0.875000
---- Accuracy 0.010000 ----
---- Accuracy: 0.001000 ----
PR Best: 1.000000
PR Worst: 0.250000
PR Average: 0.734375
PR Median: 0.750000
PR Standard Deviation: 0.037124
SR: 0.281250
---- Accuracy 0.001000 ----
---- Accuracy: 0.000100 ----
PR Best: 0.750000
PR Worst: 0.000000
PR Average: 0.171875
PR Median: 0.250000
PR Standard Deviation: 0.032607
SR: 0.000000
---- Accuracy 0.000100 ----
---- Accuracy: 0.000010 ----
PR Best: 0.250000
PR Worst: 0.000000
PR Average: 0.031250
PR Median: 0.000000
PR Standard Deviation: 0.014850
SR: 0.000000
---- Accuracy 0.000010 ----
--------------------- Problem 11 ---------------------

--------------------- Problem 12 ---------------------
---- Accuracy: 0.100000 ----
PR Best: 0.000000
PR Worst: 0.000000
PR Average: 0.000000
PR Median: 0.000000
PR Standard Deviation: 0.000000
SR: 0.000000
---- Accuracy 0.100000 ----
---- Accuracy: 0.010000 ----
PR Best: 0.000000
PR Worst: 0.000000
PR Average: 0.000000
PR Median: 0.000000
PR Standard Deviation: 0.000000
SR: 0.000000
---- Accuracy 0.010000 ----
---- Accuracy: 0.001000 ----
PR Best: 0.000000
PR Worst: 0.000000
PR Average: 0.000000
PR Median: 0.000000
PR Standard Deviation: 0.000000
SR: 0.000000
---- Accuracy 0.001000 ----
---- Accuracy: 0.000100 ----
PR Best: 0.000000
PR Worst: 0.000000
PR Average: 0.000000
PR Median: 0.000000
PR Standard Deviation: 0.000000
SR: 0.000000
---- Accuracy 0.000100 ----
---- Accuracy: 0.000010 ----
PR Best: 0.000000
PR Worst: 0.000000
PR Average: 0.000000
PR Median: 0.000000
PR Standard Deviation: 0.000000
SR: 0.000000
---- Accuracy 0.000010 ----
--------------------- Problem 12 ---------------------

--------------------- Problem 13 ---------------------
---- Accuracy: 0.100000 ----
PR Best: 1.000000
PR Worst: 1.000000
PR Average: 1.000000
PR Median: 1.000000
PR Standard Deviation: 0.000000
SR: 1.000000
---- Accuracy 0.100000 ----
---- Accuracy: 0.010000 ----
PR Best: 1.000000
PR Worst: 1.000000
PR Average: 1.000000
PR Median: 1.000000
PR Standard Deviation: 0.000000
SR: 1.000000
---- Accuracy 0.010000 ----
---- Accuracy: 0.001000 ----
PR Best: 1.000000
PR Worst: 0.000000
PR Average: 0.296875
PR Median: 0.500000
PR Standard Deviation: 0.054344
SR: 0.062500
---- Accuracy 0.001000 ----
---- Accuracy: 0.000100 ----
PR Best: 0.000000
PR Worst: 0.000000
PR Average: 0.000000
PR Median: 0.000000
PR Standard Deviation: 0.000000
SR: 0.000000
---- Accuracy 0.000100 ----
---- Accuracy: 0.000010 ----
PR Best: 0.000000
PR Worst: 0.000000
PR Average: 0.000000
PR Median: 0.000000
PR Standard Deviation: 0.000000
SR: 0.000000
---- Accuracy 0.000010 ----
--------------------- Problem 13 ---------------------

--------------------- Problem 14 ---------------------
---- Accuracy: 0.100000 ----
PR Best: 1.000000
PR Worst: 1.000000
PR Average: 1.000000
PR Median: 1.000000
PR Standard Deviation: 0.000000
SR: 1.000000
---- Accuracy 0.100000 ----
---- Accuracy: 0.010000 ----
PR Best: 0.600000
PR Worst: 0.200000
PR Average: 0.415625
PR Median: 0.400000
PR Standard Deviation: 0.022047
SR: 0.000000
---- Accuracy 0.010000 ----
---- Accuracy: 0.001000 ----
PR Best: 0.300000
PR Worst: 0.000000
PR Average: 0.118750
PR Median: 0.100000
PR Standard Deviation: 0.014506
SR: 0.000000
---- Accuracy 0.001000 ----
---- Accuracy: 0.000100 ----
PR Best: 0.100000
PR Worst: 0.000000
PR Average: 0.034375
PR Median: 0.000000
PR Standard Deviation: 0.008531
SR: 0.000000
---- Accuracy 0.000100 ----
---- Accuracy: 0.000010 ----
PR Best: 0.000000
PR Worst: 0.000000
PR Average: 0.000000
PR Median: 0.000000
PR Standard Deviation: 0.000000
SR: 0.000000
---- Accuracy 0.000010 ----
--------------------- Problem 14 ---------------------

--------------------- Problem 15 ---------------------
---- Accuracy: 0.100000 ----
PR Best: 1.000000
PR Worst: 0.625000
PR Average: 0.878906
PR Median: 1.000000
PR Standard Deviation: 0.029425
SR: 0.625000
---- Accuracy 0.100000 ----
---- Accuracy: 0.010000 ----
PR Best: 0.625000
PR Worst: 0.000000
PR Average: 0.269531
PR Median: 0.250000
PR Standard Deviation: 0.033257
SR: 0.000000
---- Accuracy 0.010000 ----
---- Accuracy: 0.001000 ----
PR Best: 0.000000
PR Worst: 0.000000
PR Average: 0.000000
PR Median: 0.000000
PR Standard Deviation: 0.000000
SR: 0.000000
---- Accuracy 0.001000 ----
---- Accuracy: 0.000100 ----
PR Best: 0.000000
PR Worst: 0.000000
PR Average: 0.000000
PR Median: 0.000000
PR Standard Deviation: 0.000000
SR: 0.000000
---- Accuracy 0.000100 ----
---- Accuracy: 0.000010 ----
PR Best: 0.000000
PR Worst: 0.000000
PR Average: 0.000000
PR Median: 0.000000
PR Standard Deviation: 0.000000
SR: 0.000000
---- Accuracy 0.000010 ----
--------------------- Problem 15 ---------------------

--------------------- Problem 16 ---------------------
---- Accuracy: 0.100000 ----
PR Best: 0.708333
PR Worst: 0.458333
PR Average: 0.619792
PR Median: 0.625000
PR Standard Deviation: 0.014094
SR: 0.000000
---- Accuracy 0.100000 ----
---- Accuracy: 0.010000 ----
PR Best: 0.291667
PR Worst: 0.083333
PR Average: 0.207031
PR Median: 0.208333
PR Standard Deviation: 0.008672
SR: 0.000000
---- Accuracy 0.010000 ----
---- Accuracy: 0.001000 ----
PR Best: 0.125000
PR Worst: 0.000000
PR Average: 0.045573
PR Median: 0.041667
PR Standard Deviation: 0.007090
SR: 0.000000
---- Accuracy 0.001000 ----
---- Accuracy: 0.000100 ----
PR Best: 0.041667
PR Worst: 0.000000
PR Average: 0.010417
PR Median: 0.000000
PR Standard Deviation: 0.003240
SR: 0.000000
---- Accuracy 0.000100 ----
---- Accuracy: 0.000010 ----
PR Best: 0.000000
PR Worst: 0.000000
PR Average: 0.000000
PR Median: 0.000000
PR Standard Deviation: 0.000000
SR: 0.000000
---- Accuracy 0.000010 ----
--------------------- Problem 16 ---------------------

--------------------- Problem 17 ---------------------
---- Accuracy: 0.100000 ----
PR Best: 0.750000
PR Worst: 0.312500
PR Average: 0.562500
PR Median: 0.562500
PR Standard Deviation: 0.022275
SR: 0.000000
---- Accuracy 0.100000 ----
---- Accuracy: 0.010000 ----
PR Best: 0.312500
PR Worst: 0.000000
PR Average: 0.095703
PR Median: 0.125000
PR Standard Deviation: 0.011901
SR: 0.000000
---- Accuracy 0.010000 ----
---- Accuracy: 0.001000 ----
PR Best: 0.062500
PR Worst: 0.000000
PR Average: 0.001953
PR Median: 0.000000
PR Standard Deviation: 0.001953
SR: 0.000000
---- Accuracy 0.001000 ----
---- Accuracy: 0.000100 ----
PR Best: 0.000000
PR Worst: 0.000000
PR Average: 0.000000
PR Median: 0.000000
PR Standard Deviation: 0.000000
SR: 0.000000
---- Accuracy 0.000100 ----
---- Accuracy: 0.000010 ----
PR Best: 0.000000
PR Worst: 0.000000
PR Average: 0.000000
PR Median: 0.000000
PR Standard Deviation: 0.000000
SR: 0.000000
---- Accuracy 0.000010 ----
--------------------- Problem 17 ---------------------

--------------------- Problem 18 ---------------------
---- Accuracy: 0.100000 ----
PR Best: 0.156250
PR Worst: 0.046875
PR Average: 0.112793
PR Median: 0.109375
PR Standard Deviation: 0.006646
SR: 0.000000
---- Accuracy 0.100000 ----
---- Accuracy: 0.010000 ----
PR Best: 0.031250
PR Worst: 0.000000
PR Average: 0.010742
PR Median: 0.015625
PR Standard Deviation: 0.001636
SR: 0.000000
---- Accuracy 0.010000 ----
---- Accuracy: 0.001000 ----
PR Best: 0.000000
PR Worst: 0.000000
PR Average: 0.000000
PR Median: 0.000000
PR Standard Deviation: 0.000000
SR: 0.000000
---- Accuracy 0.001000 ----
---- Accuracy: 0.000100 ----
PR Best: 0.000000
PR Worst: 0.000000
PR Average: 0.000000
PR Median: 0.000000
PR Standard Deviation: 0.000000
SR: 0.000000
---- Accuracy 0.000100 ----
---- Accuracy: 0.000010 ----
PR Best: 0.000000
PR Worst: 0.000000
PR Average: 0.000000
PR Median: 0.000000
PR Standard Deviation: 0.000000
SR: 0.000000
---- Accuracy 0.000010 ----
--------------------- Problem 18 ---------------------

--------------------- Stats ---------------------
Problem: 1, Average Peak Ratio: 0.615625
Problem: 2, Average Peak Ratio: 0.559375
Problem: 3, Average Peak Ratio: 0.385937
Problem: 4, Average Peak Ratio: 0.515625
Problem: 5, Average Peak Ratio: 0.469531
Problem: 6, Average Peak Ratio: 0.161914
Problem: 7, Average Peak Ratio: 0.406250
Problem: 8, Average Peak Ratio: 0.411719
Problem: 9, Average Peak Ratio: 0.124023
Problem: 10, Average Peak Ratio: 0.576875
Problem: 11, Average Peak Ratio: 0.581250
Problem: 12, Average Peak Ratio: 0.000000
Problem: 13, Average Peak Ratio: 0.459375
Problem: 14, Average Peak Ratio: 0.313750
Problem: 15, Average Peak Ratio: 0.229687
Problem: 16, Average Peak Ratio: 0.176563
Problem: 17, Average Peak Ratio: 0.132031
Problem: 18, Average Peak Ratio: 0.024707
Overall Average Peak Ratio: 0.341347
--------------------- Stats ---------------------
