--------------------- Problem 1 ---------------------
---- Accuracy: 0.100000 ----
PR Best: 1.000000
PR Worst: 1.000000
PR Average: 1.000000
PR Median: 1.000000
PR Standard Deviation: 0.000000
SR: 1.000000
---- Accuracy: 0.100000 ----
---- Accuracy: 0.010000 ----
PR Best: 1.000000
PR Worst: 1.000000
PR Average: 1.000000
PR Median: 1.000000
PR Standard Deviation: 0.000000
SR: 1.000000
---- Accuracy: 0.010000 ----
---- Accuracy: 0.001000 ----
PR Best: 1.000000
PR Worst: 1.000000
PR Average: 1.000000
PR Median: 1.000000
PR Standard Deviation: 0.000000
SR: 1.000000
---- Accuracy: 0.001000 ----
---- Accuracy: 0.000100 ----
PR Best: 1.000000
PR Worst: 1.000000
PR Average: 1.000000
PR Median: 1.000000
PR Standard Deviation: 0.000000
SR: 1.000000
---- Accuracy: 0.000100 ----
---- Accuracy: 0.000010 ----
PR Best: 1.000000
PR Worst: 1.000000
PR Average: 1.000000
PR Median: 1.000000
PR Standard Deviation: 0.000000
SR: 1.000000
---- Accuracy: 0.000010 ----
--------------------- Problem 1 ---------------------

--------------------- Problem 2 ---------------------
---- Accuracy: 0.100000 ----
PR Best: 1.000000
PR Worst: 1.000000
PR Average: 1.000000
PR Median: 1.000000
PR Standard Deviation: 0.000000
SR: 1.000000
---- Accuracy: 0.100000 ----
---- Accuracy: 0.010000 ----
PR Best: 1.000000
PR Worst: 1.000000
PR Average: 1.000000
PR Median: 1.000000
PR Standard Deviation: 0.000000
SR: 1.000000
---- Accuracy: 0.010000 ----
---- Accuracy: 0.001000 ----
PR Best: 1.000000
PR Worst: 1.000000
PR Average: 1.000000
PR Median: 1.000000
PR Standard Deviation: 0.000000
SR: 1.000000
---- Accuracy: 0.001000 ----
---- Accuracy: 0.000100 ----
PR Best: 1.000000
PR Worst: 1.000000
PR Average: 1.000000
PR Median: 1.000000
PR Standard Deviation: 0.000000
SR: 1.000000
---- Accuracy: 0.000100 ----
---- Accuracy: 0.000010 ----
PR Best: 1.000000
PR Worst: 1.000000
PR Average: 1.000000
PR Median: 1.000000
PR Standard Deviation: 0.000000
SR: 1.000000
---- Accuracy: 0.000010 ----
--------------------- Problem 2 ---------------------

--------------------- Problem 3 ---------------------
---- Accuracy: 0.100000 ----
PR Best: 1.000000
PR Worst: 0.500000
PR Average: 0.875000
PR Median: 1.000000
PR Standard Deviation: 0.027496
SR: 0.562500
---- Accuracy: 0.100000 ----
---- Accuracy: 0.010000 ----
PR Best: 1.000000
PR Worst: 0.500000
PR Average: 0.875000
PR Median: 1.000000
PR Standard Deviation: 0.027496
SR: 0.562500
---- Accuracy: 0.010000 ----
---- Accuracy: 0.001000 ----
PR Best: 1.000000
PR Worst: 0.500000
PR Average: 0.875000
PR Median: 1.000000
PR Standard Deviation: 0.027496
SR: 0.562500
---- Accuracy: 0.001000 ----
---- Accuracy: 0.000100 ----
PR Best: 1.000000
PR Worst: 0.500000
PR Average: 0.875000
PR Median: 1.000000
PR Standard Deviation: 0.027496
SR: 0.562500
---- Accuracy: 0.000100 ----
---- Accuracy: 0.000010 ----
PR Best: 1.000000
PR Worst: 0.500000
PR Average: 0.875000
PR Median: 1.000000
PR Standard Deviation: 0.027496
SR: 0.562500
---- Accuracy: 0.000010 ----
--------------------- Problem 3 ---------------------

--------------------- Problem 4 ---------------------
---- Accuracy: 0.100000 ----
PR Best: 1.000000
PR Worst: 1.000000
PR Average: 1.000000
PR Median: 1.000000
PR Standard Deviation: 0.000000
SR: 1.000000
---- Accuracy: 0.100000 ----
---- Accuracy: 0.010000 ----
PR Best: 1.000000
PR Worst: 1.000000
PR Average: 1.000000
PR Median: 1.000000
PR Standard Deviation: 0.000000
SR: 1.000000
---- Accuracy: 0.010000 ----
---- Accuracy: 0.001000 ----
PR Best: 1.000000
PR Worst: 1.000000
PR Average: 1.000000
PR Median: 1.000000
PR Standard Deviation: 0.000000
SR: 1.000000
---- Accuracy: 0.001000 ----
---- Accuracy: 0.000100 ----
PR Best: 1.000000
PR Worst: 1.000000
PR Average: 1.000000
PR Median: 1.000000
PR Standard Deviation: 0.000000
SR: 1.000000
---- Accuracy: 0.000100 ----
---- Accuracy: 0.000010 ----
PR Best: 1.000000
PR Worst: 1.000000
PR Average: 1.000000
PR Median: 1.000000
PR Standard Deviation: 0.000000
SR: 1.000000
---- Accuracy: 0.000010 ----
--------------------- Problem 4 ---------------------

--------------------- Problem 5 ---------------------
---- Accuracy: 0.100000 ----
PR Best: 0.750000
PR Worst: 0.375000
PR Average: 0.546875
PR Median: 0.500000
PR Standard Deviation: 0.017526
SR: 0.000000
---- Accuracy: 0.100000 ----
---- Accuracy: 0.010000 ----
PR Best: 0.750000
PR Worst: 0.375000
PR Average: 0.546875
PR Median: 0.500000
PR Standard Deviation: 0.017526
SR: 0.000000
---- Accuracy: 0.010000 ----
---- Accuracy: 0.001000 ----
PR Best: 0.750000
PR Worst: 0.375000
PR Average: 0.546875
PR Median: 0.500000
PR Standard Deviation: 0.017526
SR: 0.000000
---- Accuracy: 0.001000 ----
---- Accuracy: 0.000100 ----
PR Best: 0.750000
PR Worst: 0.375000
PR Average: 0.546875
PR Median: 0.500000
PR Standard Deviation: 0.017526
SR: 0.000000
---- Accuracy: 0.000100 ----
---- Accuracy: 0.000010 ----
PR Best: 0.750000
PR Worst: 0.375000
PR Average: 0.546875
PR Median: 0.500000
PR Standard Deviation: 0.017526
SR: 0.000000
---- Accuracy: 0.000010 ----
--------------------- Problem 5 ---------------------

--------------------- Problem 6 ---------------------
---- Accuracy: 0.100000 ----
PR Best: 0.250000
PR Worst: 0.000000
PR Average: 0.180664
PR Median: 0.187500
PR Standard Deviation: 0.008028
SR: 0.000000
---- Accuracy: 0.100000 ----
---- Accuracy: 0.010000 ----
PR Best: 0.250000
PR Worst: 0.000000
PR Average: 0.180664
PR Median: 0.187500
PR Standard Deviation: 0.008028
SR: 0.000000
---- Accuracy: 0.010000 ----
---- Accuracy: 0.001000 ----
PR Best: 0.250000
PR Worst: 0.000000
PR Average: 0.180664
PR Median: 0.187500
PR Standard Deviation: 0.008028
SR: 0.000000
---- Accuracy: 0.001000 ----
---- Accuracy: 0.000100 ----
PR Best: 0.250000
PR Worst: 0.000000
PR Average: 0.180664
PR Median: 0.187500
PR Standard Deviation: 0.008028
SR: 0.000000
---- Accuracy: 0.000100 ----
---- Accuracy: 0.000010 ----
PR Best: 0.250000
PR Worst: 0.000000
PR Average: 0.180664
PR Median: 0.187500
PR Standard Deviation: 0.008028
SR: 0.000000
---- Accuracy: 0.000010 ----
--------------------- Problem 6 ---------------------

--------------------- Problem 7 ---------------------
---- Accuracy: 0.100000 ----
PR Best: 1.000000
PR Worst: 0.500000
PR Average: 0.953125
PR Median: 1.000000
PR Standard Deviation: 0.026176
SR: 0.906250
---- Accuracy: 0.100000 ----
---- Accuracy: 0.010000 ----
PR Best: 1.000000
PR Worst: 0.500000
PR Average: 0.953125
PR Median: 1.000000
PR Standard Deviation: 0.026176
SR: 0.906250
---- Accuracy: 0.010000 ----
---- Accuracy: 0.001000 ----
PR Best: 1.000000
PR Worst: 0.500000
PR Average: 0.953125
PR Median: 1.000000
PR Standard Deviation: 0.026176
SR: 0.906250
---- Accuracy: 0.001000 ----
---- Accuracy: 0.000100 ----
PR Best: 1.000000
PR Worst: 0.500000
PR Average: 0.953125
PR Median: 1.000000
PR Standard Deviation: 0.026176
SR: 0.906250
---- Accuracy: 0.000100 ----
---- Accuracy: 0.000010 ----
PR Best: 1.000000
PR Worst: 0.500000
PR Average: 0.953125
PR Median: 1.000000
PR Standard Deviation: 0.026176
SR: 0.906250
---- Accuracy: 0.000010 ----
--------------------- Problem 7 ---------------------

--------------------- Problem 8 ---------------------
---- Accuracy: 0.100000 ----
PR Best: 0.875000
PR Worst: 0.375000
PR Average: 0.609375
PR Median: 0.625000
PR Standard Deviation: 0.025567
SR: 0.000000
---- Accuracy: 0.100000 ----
---- Accuracy: 0.010000 ----
PR Best: 0.875000
PR Worst: 0.375000
PR Average: 0.609375
PR Median: 0.625000
PR Standard Deviation: 0.025567
SR: 0.000000
---- Accuracy: 0.010000 ----
---- Accuracy: 0.001000 ----
PR Best: 0.875000
PR Worst: 0.375000
PR Average: 0.609375
PR Median: 0.625000
PR Standard Deviation: 0.025567
SR: 0.000000
---- Accuracy: 0.001000 ----
---- Accuracy: 0.000100 ----
PR Best: 0.875000
PR Worst: 0.375000
PR Average: 0.609375
PR Median: 0.625000
PR Standard Deviation: 0.025567
SR: 0.000000
---- Accuracy: 0.000100 ----
---- Accuracy: 0.000010 ----
PR Best: 0.875000
PR Worst: 0.375000
PR Average: 0.609375
PR Median: 0.625000
PR Standard Deviation: 0.025567
SR: 0.000000
---- Accuracy: 0.000010 ----
--------------------- Problem 8 ---------------------

--------------------- Problem 9 ---------------------
---- Accuracy: 0.100000 ----
PR Best: 0.281250
PR Worst: 0.093750
PR Average: 0.183594
PR Median: 0.187500
PR Standard Deviation: 0.007781
SR: 0.000000
---- Accuracy: 0.100000 ----
---- Accuracy: 0.010000 ----
PR Best: 0.281250
PR Worst: 0.093750
PR Average: 0.183594
PR Median: 0.187500
PR Standard Deviation: 0.007781
SR: 0.000000
---- Accuracy: 0.010000 ----
---- Accuracy: 0.001000 ----
PR Best: 0.281250
PR Worst: 0.093750
PR Average: 0.183594
PR Median: 0.187500
PR Standard Deviation: 0.007781
SR: 0.000000
---- Accuracy: 0.001000 ----
---- Accuracy: 0.000100 ----
PR Best: 0.281250
PR Worst: 0.093750
PR Average: 0.183594
PR Median: 0.187500
PR Standard Deviation: 0.007781
SR: 0.000000
---- Accuracy: 0.000100 ----
---- Accuracy: 0.000010 ----
PR Best: 0.281250
PR Worst: 0.093750
PR Average: 0.183594
PR Median: 0.187500
PR Standard Deviation: 0.007781
SR: 0.000000
---- Accuracy: 0.000010 ----
--------------------- Problem 9 ---------------------

--------------------- Problem 10 ---------------------
---- Accuracy: 0.100000 ----
PR Best: 0.400000
PR Worst: 0.200000
PR Average: 0.293750
PR Median: 0.300000
PR Standard Deviation: 0.007696
SR: 0.000000
---- Accuracy: 0.100000 ----
---- Accuracy: 0.010000 ----
PR Best: 0.400000
PR Worst: 0.200000
PR Average: 0.293750
PR Median: 0.300000
PR Standard Deviation: 0.007696
SR: 0.000000
---- Accuracy: 0.010000 ----
---- Accuracy: 0.001000 ----
PR Best: 0.400000
PR Worst: 0.200000
PR Average: 0.293750
PR Median: 0.300000
PR Standard Deviation: 0.007696
SR: 0.000000
---- Accuracy: 0.001000 ----
---- Accuracy: 0.000100 ----
PR Best: 0.400000
PR Worst: 0.200000
PR Average: 0.293750
PR Median: 0.300000
PR Standard Deviation: 0.007696
SR: 0.000000
---- Accuracy: 0.000100 ----
---- Accuracy: 0.000010 ----
PR Best: 0.400000
PR Worst: 0.200000
PR Average: 0.293750
PR Median: 0.300000
PR Standard Deviation: 0.007696
SR: 0.000000
---- Accuracy: 0.000010 ----
--------------------- Problem 10 ---------------------

--------------------- Problem 11 ---------------------
---- Accuracy: 0.100000 ----
PR Best: 1.000000
PR Worst: 0.750000
PR Average: 0.968750
PR Median: 1.000000
PR Standard Deviation: 0.014850
SR: 0.875000
---- Accuracy: 0.100000 ----
---- Accuracy: 0.010000 ----
PR Best: 1.000000
PR Worst: 0.750000
PR Average: 0.968750
PR Median: 1.000000
PR Standard Deviation: 0.014850
SR: 0.875000
---- Accuracy: 0.010000 ----
---- Accuracy: 0.001000 ----
PR Best: 1.000000
PR Worst: 0.750000
PR Average: 0.968750
PR Median: 1.000000
PR Standard Deviation: 0.014850
SR: 0.875000
---- Accuracy: 0.001000 ----
---- Accuracy: 0.000100 ----
PR Best: 1.000000
PR Worst: 0.750000
PR Average: 0.968750
PR Median: 1.000000
PR Standard Deviation: 0.014850
SR: 0.875000
---- Accuracy: 0.000100 ----
---- Accuracy: 0.000010 ----
PR Best: 1.000000
PR Worst: 0.750000
PR Average: 0.968750
PR Median: 1.000000
PR Standard Deviation: 0.014850
SR: 0.875000
---- Accuracy: 0.000010 ----
--------------------- Problem 11 ---------------------

--------------------- Problem 12 ---------------------
---- Accuracy: 0.100000 ----
PR Best: 1.000000
PR Worst: 0.750000
PR Average: 0.937500
PR Median: 1.000000
PR Standard Deviation: 0.019443
SR: 0.750000
---- Accuracy: 0.100000 ----
---- Accuracy: 0.010000 ----
PR Best: 1.000000
PR Worst: 0.750000
PR Average: 0.937500
PR Median: 1.000000
PR Standard Deviation: 0.019443
SR: 0.750000
---- Accuracy: 0.010000 ----
---- Accuracy: 0.001000 ----
PR Best: 1.000000
PR Worst: 0.750000
PR Average: 0.937500
PR Median: 1.000000
PR Standard Deviation: 0.019443
SR: 0.750000
---- Accuracy: 0.001000 ----
---- Accuracy: 0.000100 ----
PR Best: 1.000000
PR Worst: 0.750000
PR Average: 0.937500
PR Median: 1.000000
PR Standard Deviation: 0.019443
SR: 0.750000
---- Accuracy: 0.000100 ----
---- Accuracy: 0.000010 ----
PR Best: 1.000000
PR Worst: 0.750000
PR Average: 0.937500
PR Median: 1.000000
PR Standard Deviation: 0.019443
SR: 0.750000
---- Accuracy: 0.000010 ----
--------------------- Problem 12 ---------------------

--------------------- Problem 13 ---------------------
---- Accuracy: 0.100000 ----
PR Best: 1.000000
PR Worst: 1.000000
PR Average: 1.000000
PR Median: 1.000000
PR Standard Deviation: 0.000000
SR: 1.000000
---- Accuracy: 0.100000 ----
---- Accuracy: 0.010000 ----
PR Best: 1.000000
PR Worst: 1.000000
PR Average: 1.000000
PR Median: 1.000000
PR Standard Deviation: 0.000000
SR: 1.000000
---- Accuracy: 0.010000 ----
---- Accuracy: 0.001000 ----
PR Best: 1.000000
PR Worst: 1.000000
PR Average: 1.000000
PR Median: 1.000000
PR Standard Deviation: 0.000000
SR: 1.000000
---- Accuracy: 0.001000 ----
---- Accuracy: 0.000100 ----
PR Best: 1.000000
PR Worst: 1.000000
PR Average: 1.000000
PR Median: 1.000000
PR Standard Deviation: 0.000000
SR: 1.000000
---- Accuracy: 0.000100 ----
---- Accuracy: 0.000010 ----
PR Best: 1.000000
PR Worst: 1.000000
PR Average: 1.000000
PR Median: 1.000000
PR Standard Deviation: 0.000000
SR: 1.000000
---- Accuracy: 0.000010 ----
--------------------- Problem 13 ---------------------

--------------------- Problem 14 ---------------------
---- Accuracy: 0.100000 ----
PR Best: 0.300000
PR Worst: 0.200000
PR Average: 0.278125
PR Median: 0.300000
PR Standard Deviation: 0.007425
SR: 0.000000
---- Accuracy: 0.100000 ----
---- Accuracy: 0.010000 ----
PR Best: 0.300000
PR Worst: 0.200000
PR Average: 0.278125
PR Median: 0.300000
PR Standard Deviation: 0.007425
SR: 0.000000
---- Accuracy: 0.010000 ----
---- Accuracy: 0.001000 ----
PR Best: 0.300000
PR Worst: 0.200000
PR Average: 0.278125
PR Median: 0.300000
PR Standard Deviation: 0.007425
SR: 0.000000
---- Accuracy: 0.001000 ----
---- Accuracy: 0.000100 ----
PR Best: 0.300000
PR Worst: 0.200000
PR Average: 0.278125
PR Median: 0.300000
PR Standard Deviation: 0.007425
SR: 0.000000
---- Accuracy: 0.000100 ----
---- Accuracy: 0.000010 ----
PR Best: 0.300000
PR Worst: 0.200000
PR Average: 0.278125
PR Median: 0.300000
PR Standard Deviation: 0.007425
SR: 0.000000
---- Accuracy: 0.000010 ----
--------------------- Problem 14 ---------------------

--------------------- Problem 15 ---------------------
---- Accuracy: 0.100000 ----
PR Best: 1.000000
PR Worst: 0.125000
PR Average: 0.453125
PR Median: 0.375000
PR Standard Deviation: 0.027923
SR: 0.031250
---- Accuracy: 0.100000 ----
---- Accuracy: 0.010000 ----
PR Best: 1.000000
PR Worst: 0.125000
PR Average: 0.453125
PR Median: 0.375000
PR Standard Deviation: 0.027923
SR: 0.031250
---- Accuracy: 0.010000 ----
---- Accuracy: 0.001000 ----
PR Best: 0.625000
PR Worst: 0.125000
PR Average: 0.441406
PR Median: 0.375000
PR Standard Deviation: 0.022440
SR: 0.000000
---- Accuracy: 0.001000 ----
---- Accuracy: 0.000100 ----
PR Best: 0.625000
PR Worst: 0.125000
PR Average: 0.437500
PR Median: 0.375000
PR Standard Deviation: 0.021738
SR: 0.000000
---- Accuracy: 0.000100 ----
---- Accuracy: 0.000010 ----
PR Best: 0.625000
PR Worst: 0.125000
PR Average: 0.425781
PR Median: 0.375000
PR Standard Deviation: 0.023719
SR: 0.000000
---- Accuracy: 0.000010 ----
--------------------- Problem 15 ---------------------

--------------------- Problem 16 ---------------------
---- Accuracy: 0.100000 ----
PR Best: 0.666667
PR Worst: 0.125000
PR Average: 0.200521
PR Median: 0.166667
PR Standard Deviation: 0.022092
SR: 0.000000
---- Accuracy: 0.100000 ----
---- Accuracy: 0.010000 ----
PR Best: 0.375000
PR Worst: 0.125000
PR Average: 0.177083
PR Median: 0.166667
PR Standard Deviation: 0.007938
SR: 0.000000
---- Accuracy: 0.010000 ----
---- Accuracy: 0.001000 ----
PR Best: 0.208333
PR Worst: 0.083333
PR Average: 0.165365
PR Median: 0.166667
PR Standard Deviation: 0.005450
SR: 0.000000
---- Accuracy: 0.001000 ----
---- Accuracy: 0.000100 ----
PR Best: 0.208333
PR Worst: 0.041667
PR Average: 0.162760
PR Median: 0.166667
PR Standard Deviation: 0.006577
SR: 0.000000
---- Accuracy: 0.000100 ----
---- Accuracy: 0.000010 ----
PR Best: 0.208333
PR Worst: 0.041667
PR Average: 0.162760
PR Median: 0.166667
PR Standard Deviation: 0.006577
SR: 0.000000
---- Accuracy: 0.000010 ----
--------------------- Problem 16 ---------------------

--------------------- Problem 17 ---------------------
---- Accuracy: 0.100000 ----
PR Best: 1.000000
PR Worst: 0.125000
PR Average: 0.373047
PR Median: 0.312500
PR Standard Deviation: 0.031561
SR: 0.031250
---- Accuracy: 0.100000 ----
---- Accuracy: 0.010000 ----
PR Best: 0.500000
PR Worst: 0.000000
PR Average: 0.187500
PR Median: 0.187500
PR Standard Deviation: 0.024625
SR: 0.000000
---- Accuracy: 0.010000 ----
---- Accuracy: 0.001000 ----
PR Best: 0.312500
PR Worst: 0.000000
PR Average: 0.138672
PR Median: 0.125000
PR Standard Deviation: 0.024583
SR: 0.000000
---- Accuracy: 0.001000 ----
---- Accuracy: 0.000100 ----
PR Best: 0.312500
PR Worst: 0.000000
PR Average: 0.132812
PR Median: 0.093750
PR Standard Deviation: 0.024425
SR: 0.000000
---- Accuracy: 0.000100 ----
---- Accuracy: 0.000010 ----
PR Best: 0.312500
PR Worst: 0.000000
PR Average: 0.130859
PR Median: 0.093750
PR Standard Deviation: 0.024036
SR: 0.000000
---- Accuracy: 0.000010 ----
--------------------- Problem 17 ---------------------

--------------------- Problem 18 ---------------------
---- Accuracy: 0.100000 ----
PR Best: 0.062500
PR Worst: 0.000000
PR Average: 0.012695
PR Median: 0.000000
PR Standard Deviation: 0.003013
SR: 0.000000
---- Accuracy: 0.100000 ----
---- Accuracy: 0.010000 ----
PR Best: 0.062500
PR Worst: 0.000000
PR Average: 0.001953
PR Median: 0.000000
PR Standard Deviation: 0.001953
SR: 0.000000
---- Accuracy: 0.010000 ----
---- Accuracy: 0.001000 ----
PR Best: 0.015625
PR Worst: 0.000000
PR Average: 0.000488
PR Median: 0.000000
PR Standard Deviation: 0.000488
SR: 0.000000
---- Accuracy: 0.001000 ----
---- Accuracy: 0.000100 ----
PR Best: 0.000000
PR Worst: 0.000000
PR Average: 0.000000
PR Median: 0.000000
PR Standard Deviation: 0.000000
SR: 0.000000
---- Accuracy: 0.000100 ----
---- Accuracy: 0.000010 ----
PR Best: 0.000000
PR Worst: 0.000000
PR Average: 0.000000
PR Median: 0.000000
PR Standard Deviation: 0.000000
SR: 0.000000
---- Accuracy: 0.000010 ----
--------------------- Problem 18 ---------------------

--------------------- Stats ---------------------
Problem: 1, Average Peak Ratio: 1.000000
Problem: 2, Average Peak Ratio: 1.000000
Problem: 3, Average Peak Ratio: 0.875000
Problem: 4, Average Peak Ratio: 1.000000
Problem: 5, Average Peak Ratio: 0.546875
Problem: 6, Average Peak Ratio: 0.180664
Problem: 7, Average Peak Ratio: 0.953125
Problem: 8, Average Peak Ratio: 0.609375
Problem: 9, Average Peak Ratio: 0.183594
Problem: 10, Average Peak Ratio: 0.293750
Problem: 11, Average Peak Ratio: 0.968750
Problem: 12, Average Peak Ratio: 0.937500
Problem: 13, Average Peak Ratio: 1.000000
Problem: 14, Average Peak Ratio: 0.278125
Problem: 15, Average Peak Ratio: 0.442188
Problem: 16, Average Peak Ratio: 0.173698
Problem: 17, Average Peak Ratio: 0.192578
Problem: 18, Average Peak Ratio: 0.003027
Overall Average Peak Ratio: 0.591014
Accuracy: 0.100000, Average Peak Ratio: 0.603675
Accuracy: 0.010000, Average Peak Ratio: 0.591468
Accuracy: 0.001000, Average Peak Ratio: 0.587372
Accuracy: 0.000100, Average Peak Ratio: 0.586657
Accuracy: 0.000010, Average Peak Ratio: 0.585898
Accuracy: 0.100000, Average Success Ratio: 0.397569
Accuracy: 0.010000, Average Success Ratio: 0.395833
Accuracy: 0.001000, Average Success Ratio: 0.394097
Accuracy: 0.000100, Average Success Ratio: 0.394097
Accuracy: 0.000010, Average Success Ratio: 0.394097
--------------------- Stats ---------------------
