--------------------- Problem 1 ---------------------
---- Accuracy: 0.100000 ----
PR Best: 1.000000
PR Worst: 0.500000
PR Average: 0.921875
PR Median: 1.000000
PR Standard Deviation: 0.032607
SR: 0.843750
---- Accuracy 0.100000 ----
---- Accuracy: 0.010000 ----
PR Best: 1.000000
PR Worst: 0.500000
PR Average: 0.921875
PR Median: 1.000000
PR Standard Deviation: 0.032607
SR: 0.843750
---- Accuracy 0.010000 ----
---- Accuracy: 0.001000 ----
PR Best: 1.000000
PR Worst: 0.500000
PR Average: 0.921875
PR Median: 1.000000
PR Standard Deviation: 0.032607
SR: 0.843750
---- Accuracy 0.001000 ----
---- Accuracy: 0.000100 ----
PR Best: 1.000000
PR Worst: 0.500000
PR Average: 0.921875
PR Median: 1.000000
PR Standard Deviation: 0.032607
SR: 0.843750
---- Accuracy 0.000100 ----
---- Accuracy: 0.000010 ----
PR Best: 1.000000
PR Worst: 0.500000
PR Average: 0.921875
PR Median: 1.000000
PR Standard Deviation: 0.032607
SR: 0.843750
---- Accuracy 0.000010 ----
--------------------- Problem 1 ---------------------

--------------------- Problem 2 ---------------------
---- Accuracy: 0.100000 ----
PR Best: 1.000000
PR Worst: 1.000000
PR Average: 1.000000
PR Median: 1.000000
PR Standard Deviation: 0.000000
SR: 1.000000
---- Accuracy 0.100000 ----
---- Accuracy: 0.010000 ----
PR Best: 1.000000
PR Worst: 1.000000
PR Average: 1.000000
PR Median: 1.000000
PR Standard Deviation: 0.000000
SR: 1.000000
---- Accuracy 0.010000 ----
---- Accuracy: 0.001000 ----
PR Best: 1.000000
PR Worst: 1.000000
PR Average: 1.000000
PR Median: 1.000000
PR Standard Deviation: 0.000000
SR: 1.000000
---- Accuracy 0.001000 ----
---- Accuracy: 0.000100 ----
PR Best: 1.000000
PR Worst: 1.000000
PR Average: 1.000000
PR Median: 1.000000
PR Standard Deviation: 0.000000
SR: 1.000000
---- Accuracy 0.000100 ----
---- Accuracy: 0.000010 ----
PR Best: 1.000000
PR Worst: 1.000000
PR Average: 1.000000
PR Median: 1.000000
PR Standard Deviation: 0.000000
SR: 1.000000
---- Accuracy 0.000010 ----
--------------------- Problem 2 ---------------------

--------------------- Problem 3 ---------------------
---- Accuracy: 0.100000 ----
PR Best: 1.000000
PR Worst: 0.750000
PR Average: 0.968750
PR Median: 1.000000
PR Standard Deviation: 0.014850
SR: 0.875000
---- Accuracy 0.100000 ----
---- Accuracy: 0.010000 ----
PR Best: 1.000000
PR Worst: 0.750000
PR Average: 0.968750
PR Median: 1.000000
PR Standard Deviation: 0.014850
SR: 0.875000
---- Accuracy 0.010000 ----
---- Accuracy: 0.001000 ----
PR Best: 1.000000
PR Worst: 0.750000
PR Average: 0.968750
PR Median: 1.000000
PR Standard Deviation: 0.014850
SR: 0.875000
---- Accuracy 0.001000 ----
---- Accuracy: 0.000100 ----
PR Best: 1.000000
PR Worst: 0.750000
PR Average: 0.937500
PR Median: 1.000000
PR Standard Deviation: 0.019443
SR: 0.750000
---- Accuracy 0.000100 ----
---- Accuracy: 0.000010 ----
PR Best: 1.000000
PR Worst: 0.500000
PR Average: 0.921875
PR Median: 1.000000
PR Standard Deviation: 0.023647
SR: 0.718750
---- Accuracy 0.000010 ----
--------------------- Problem 3 ---------------------

--------------------- Problem 4 ---------------------
---- Accuracy: 0.100000 ----
PR Best: 1.000000
PR Worst: 1.000000
PR Average: 1.000000
PR Median: 1.000000
PR Standard Deviation: 0.000000
SR: 1.000000
---- Accuracy 0.100000 ----
---- Accuracy: 0.010000 ----
PR Best: 1.000000
PR Worst: 1.000000
PR Average: 1.000000
PR Median: 1.000000
PR Standard Deviation: 0.000000
SR: 1.000000
---- Accuracy 0.010000 ----
---- Accuracy: 0.001000 ----
PR Best: 1.000000
PR Worst: 1.000000
PR Average: 1.000000
PR Median: 1.000000
PR Standard Deviation: 0.000000
SR: 1.000000
---- Accuracy 0.001000 ----
---- Accuracy: 0.000100 ----
PR Best: 1.000000
PR Worst: 1.000000
PR Average: 1.000000
PR Median: 1.000000
PR Standard Deviation: 0.000000
SR: 1.000000
---- Accuracy 0.000100 ----
---- Accuracy: 0.000010 ----
PR Best: 1.000000
PR Worst: 0.500000
PR Average: 0.984375
PR Median: 1.000000
PR Standard Deviation: 0.015625
SR: 0.968750
---- Accuracy 0.000010 ----
--------------------- Problem 4 ---------------------

--------------------- Problem 5 ---------------------
---- Accuracy: 0.100000 ----
PR Best: 1.000000
PR Worst: 0.375000
PR Average: 0.664062
PR Median: 0.625000
PR Standard Deviation: 0.022052
SR: 0.031250
---- Accuracy 0.100000 ----
---- Accuracy: 0.010000 ----
PR Best: 0.875000
PR Worst: 0.375000
PR Average: 0.644531
PR Median: 0.625000
PR Standard Deviation: 0.021083
SR: 0.000000
---- Accuracy 0.010000 ----
---- Accuracy: 0.001000 ----
PR Best: 0.875000
PR Worst: 0.000000
PR Average: 0.632812
PR Median: 0.625000
PR Standard Deviation: 0.028028
SR: 0.000000
---- Accuracy 0.001000 ----
---- Accuracy: 0.000100 ----
PR Best: 0.875000
PR Worst: 0.000000
PR Average: 0.625000
PR Median: 0.625000
PR Standard Deviation: 0.028063
SR: 0.000000
---- Accuracy 0.000100 ----
---- Accuracy: 0.000010 ----
PR Best: 0.750000
PR Worst: 0.000000
PR Average: 0.574219
PR Median: 0.625000
PR Standard Deviation: 0.032659
SR: 0.000000
---- Accuracy 0.000010 ----
--------------------- Problem 5 ---------------------

--------------------- Problem 6 ---------------------
---- Accuracy: 0.100000 ----
PR Best: 0.375000
PR Worst: 0.156250
PR Average: 0.208984
PR Median: 0.187500
PR Standard Deviation: 0.007867
SR: 0.000000
---- Accuracy 0.100000 ----
---- Accuracy: 0.010000 ----
PR Best: 0.312500
PR Worst: 0.000000
PR Average: 0.197266
PR Median: 0.187500
PR Standard Deviation: 0.008585
SR: 0.000000
---- Accuracy 0.010000 ----
---- Accuracy: 0.001000 ----
PR Best: 0.250000
PR Worst: 0.000000
PR Average: 0.190430
PR Median: 0.187500
PR Standard Deviation: 0.008344
SR: 0.000000
---- Accuracy 0.001000 ----
---- Accuracy: 0.000100 ----
PR Best: 0.250000
PR Worst: 0.000000
PR Average: 0.181641
PR Median: 0.187500
PR Standard Deviation: 0.009866
SR: 0.000000
---- Accuracy 0.000100 ----
---- Accuracy: 0.000010 ----
PR Best: 0.250000
PR Worst: 0.000000
PR Average: 0.162109
PR Median: 0.187500
PR Standard Deviation: 0.011437
SR: 0.000000
---- Accuracy 0.000010 ----
--------------------- Problem 6 ---------------------

--------------------- Problem 7 ---------------------
---- Accuracy: 0.100000 ----
PR Best: 1.000000
PR Worst: 1.000000
PR Average: 1.000000
PR Median: 1.000000
PR Standard Deviation: 0.000000
SR: 1.000000
---- Accuracy 0.100000 ----
---- Accuracy: 0.010000 ----
PR Best: 1.000000
PR Worst: 1.000000
PR Average: 1.000000
PR Median: 1.000000
PR Standard Deviation: 0.000000
SR: 1.000000
---- Accuracy 0.010000 ----
---- Accuracy: 0.001000 ----
PR Best: 1.000000
PR Worst: 0.000000
PR Average: 0.265625
PR Median: 0.000000
PR Standard Deviation: 0.054921
SR: 0.062500
---- Accuracy 0.001000 ----
---- Accuracy: 0.000100 ----
PR Best: 0.500000
PR Worst: 0.000000
PR Average: 0.015625
PR Median: 0.000000
PR Standard Deviation: 0.015625
SR: 0.000000
---- Accuracy 0.000100 ----
---- Accuracy: 0.000010 ----
PR Best: 0.000000
PR Worst: 0.000000
PR Average: 0.000000
PR Median: 0.000000
PR Standard Deviation: 0.000000
SR: 0.000000
---- Accuracy 0.000010 ----
--------------------- Problem 7 ---------------------

--------------------- Problem 8 ---------------------
---- Accuracy: 0.100000 ----
PR Best: 1.000000
PR Worst: 0.750000
PR Average: 0.984375
PR Median: 1.000000
PR Standard Deviation: 0.010869
SR: 0.937500
---- Accuracy 0.100000 ----
---- Accuracy: 0.010000 ----
PR Best: 1.000000
PR Worst: 0.375000
PR Average: 0.835938
PR Median: 1.000000
PR Standard Deviation: 0.036563
SR: 0.562500
---- Accuracy 0.010000 ----
---- Accuracy: 0.001000 ----
PR Best: 0.750000
PR Worst: 0.125000
PR Average: 0.378906
PR Median: 0.375000
PR Standard Deviation: 0.027772
SR: 0.000000
---- Accuracy 0.001000 ----
---- Accuracy: 0.000100 ----
PR Best: 0.250000
PR Worst: 0.000000
PR Average: 0.085938
PR Median: 0.125000
PR Standard Deviation: 0.013088
SR: 0.000000
---- Accuracy 0.000100 ----
---- Accuracy: 0.000010 ----
PR Best: 0.125000
PR Worst: 0.000000
PR Average: 0.003906
PR Median: 0.000000
PR Standard Deviation: 0.003906
SR: 0.000000
---- Accuracy 0.000010 ----
--------------------- Problem 8 ---------------------

--------------------- Problem 9 ---------------------
---- Accuracy: 0.100000 ----
PR Best: 0.375000
PR Worst: 0.156250
PR Average: 0.255859
PR Median: 0.250000
PR Standard Deviation: 0.007215
SR: 0.000000
---- Accuracy 0.100000 ----
---- Accuracy: 0.010000 ----
PR Best: 0.343750
PR Worst: 0.125000
PR Average: 0.229492
PR Median: 0.250000
PR Standard Deviation: 0.008255
SR: 0.000000
---- Accuracy 0.010000 ----
---- Accuracy: 0.001000 ----
PR Best: 0.250000
PR Worst: 0.031250
PR Average: 0.149414
PR Median: 0.156250
PR Standard Deviation: 0.010286
SR: 0.000000
---- Accuracy 0.001000 ----
---- Accuracy: 0.000100 ----
PR Best: 0.093750
PR Worst: 0.000000
PR Average: 0.043945
PR Median: 0.046875
PR Standard Deviation: 0.005409
SR: 0.000000
---- Accuracy 0.000100 ----
---- Accuracy: 0.000010 ----
PR Best: 0.031250
PR Worst: 0.000000
PR Average: 0.002930
PR Median: 0.000000
PR Standard Deviation: 0.001636
SR: 0.000000
---- Accuracy 0.000010 ----
--------------------- Problem 9 ---------------------

--------------------- Problem 10 ---------------------
---- Accuracy: 0.100000 ----
PR Best: 0.500000
PR Worst: 0.300000
PR Average: 0.306250
PR Median: 0.300000
PR Standard Deviation: 0.006250
SR: 0.000000
---- Accuracy 0.100000 ----
---- Accuracy: 0.010000 ----
PR Best: 0.500000
PR Worst: 0.300000
PR Average: 0.306250
PR Median: 0.300000
PR Standard Deviation: 0.006250
SR: 0.000000
---- Accuracy 0.010000 ----
---- Accuracy: 0.001000 ----
PR Best: 0.500000
PR Worst: 0.300000
PR Average: 0.306250
PR Median: 0.300000
PR Standard Deviation: 0.006250
SR: 0.000000
---- Accuracy 0.001000 ----
---- Accuracy: 0.000100 ----
PR Best: 0.500000
PR Worst: 0.300000
PR Average: 0.306250
PR Median: 0.300000
PR Standard Deviation: 0.006250
SR: 0.000000
---- Accuracy 0.000100 ----
---- Accuracy: 0.000010 ----
PR Best: 0.500000
PR Worst: 0.300000
PR Average: 0.306250
PR Median: 0.300000
PR Standard Deviation: 0.006250
SR: 0.000000
---- Accuracy 0.000010 ----
--------------------- Problem 10 ---------------------

--------------------- Problem 11 ---------------------
---- Accuracy: 0.100000 ----
PR Best: 1.000000
PR Worst: 0.500000
PR Average: 0.781250
PR Median: 0.750000
PR Standard Deviation: 0.031250
SR: 0.312500
---- Accuracy 0.100000 ----
---- Accuracy: 0.010000 ----
PR Best: 1.000000
PR Worst: 0.500000
PR Average: 0.781250
PR Median: 0.750000
PR Standard Deviation: 0.031250
SR: 0.312500
---- Accuracy 0.010000 ----
---- Accuracy: 0.001000 ----
PR Best: 1.000000
PR Worst: 0.500000
PR Average: 0.781250
PR Median: 0.750000
PR Standard Deviation: 0.031250
SR: 0.312500
---- Accuracy 0.001000 ----
---- Accuracy: 0.000100 ----
PR Best: 1.000000
PR Worst: 0.500000
PR Average: 0.781250
PR Median: 0.750000
PR Standard Deviation: 0.031250
SR: 0.312500
---- Accuracy 0.000100 ----
---- Accuracy: 0.000010 ----
PR Best: 1.000000
PR Worst: 0.500000
PR Average: 0.781250
PR Median: 0.750000
PR Standard Deviation: 0.031250
SR: 0.312500
---- Accuracy 0.000010 ----
--------------------- Problem 11 ---------------------

--------------------- Problem 12 ---------------------
---- Accuracy: 0.100000 ----
PR Best: 0.750000
PR Worst: 0.000000
PR Average: 0.242188
PR Median: 0.250000
PR Standard Deviation: 0.038041
SR: 0.000000
---- Accuracy 0.100000 ----
---- Accuracy: 0.010000 ----
PR Best: 0.750000
PR Worst: 0.000000
PR Average: 0.242188
PR Median: 0.250000
PR Standard Deviation: 0.038041
SR: 0.000000
---- Accuracy 0.010000 ----
---- Accuracy: 0.001000 ----
PR Best: 0.750000
PR Worst: 0.000000
PR Average: 0.242188
PR Median: 0.250000
PR Standard Deviation: 0.038041
SR: 0.000000
---- Accuracy 0.001000 ----
---- Accuracy: 0.000100 ----
PR Best: 0.750000
PR Worst: 0.000000
PR Average: 0.242188
PR Median: 0.250000
PR Standard Deviation: 0.038041
SR: 0.000000
---- Accuracy 0.000100 ----
---- Accuracy: 0.000010 ----
PR Best: 0.750000
PR Worst: 0.000000
PR Average: 0.242188
PR Median: 0.250000
PR Standard Deviation: 0.038041
SR: 0.000000
---- Accuracy 0.000010 ----
--------------------- Problem 12 ---------------------

--------------------- Problem 13 ---------------------
---- Accuracy: 0.100000 ----
PR Best: 1.000000
PR Worst: 1.000000
PR Average: 1.000000
PR Median: 1.000000
PR Standard Deviation: 0.000000
SR: 1.000000
---- Accuracy 0.100000 ----
---- Accuracy: 0.010000 ----
PR Best: 1.000000
PR Worst: 1.000000
PR Average: 1.000000
PR Median: 1.000000
PR Standard Deviation: 0.000000
SR: 1.000000
---- Accuracy 0.010000 ----
---- Accuracy: 0.001000 ----
PR Best: 1.000000
PR Worst: 1.000000
PR Average: 1.000000
PR Median: 1.000000
PR Standard Deviation: 0.000000
SR: 1.000000
---- Accuracy 0.001000 ----
---- Accuracy: 0.000100 ----
PR Best: 1.000000
PR Worst: 1.000000
PR Average: 1.000000
PR Median: 1.000000
PR Standard Deviation: 0.000000
SR: 1.000000
---- Accuracy 0.000100 ----
---- Accuracy: 0.000010 ----
PR Best: 1.000000
PR Worst: 1.000000
PR Average: 1.000000
PR Median: 1.000000
PR Standard Deviation: 0.000000
SR: 1.000000
---- Accuracy 0.000010 ----
--------------------- Problem 13 ---------------------

--------------------- Problem 14 ---------------------
---- Accuracy: 0.100000 ----
PR Best: 0.300000
PR Worst: 0.200000
PR Average: 0.287500
PR Median: 0.300000
PR Standard Deviation: 0.005940
SR: 0.000000
---- Accuracy 0.100000 ----
---- Accuracy: 0.010000 ----
PR Best: 0.300000
PR Worst: 0.200000
PR Average: 0.287500
PR Median: 0.300000
PR Standard Deviation: 0.005940
SR: 0.000000
---- Accuracy 0.010000 ----
---- Accuracy: 0.001000 ----
PR Best: 0.300000
PR Worst: 0.200000
PR Average: 0.287500
PR Median: 0.300000
PR Standard Deviation: 0.005940
SR: 0.000000
---- Accuracy 0.001000 ----
---- Accuracy: 0.000100 ----
PR Best: 0.300000
PR Worst: 0.200000
PR Average: 0.287500
PR Median: 0.300000
PR Standard Deviation: 0.005940
SR: 0.000000
---- Accuracy 0.000100 ----
---- Accuracy: 0.000010 ----
PR Best: 0.300000
PR Worst: 0.200000
PR Average: 0.287500
PR Median: 0.300000
PR Standard Deviation: 0.005940
SR: 0.000000
---- Accuracy 0.000010 ----
--------------------- Problem 14 ---------------------

--------------------- Problem 15 ---------------------
---- Accuracy: 0.100000 ----
PR Best: 0.750000
PR Worst: 0.500000
PR Average: 0.519531
PR Median: 0.500000
PR Standard Deviation: 0.011378
SR: 0.000000
---- Accuracy 0.100000 ----
---- Accuracy: 0.010000 ----
PR Best: 0.500000
PR Worst: 0.000000
PR Average: 0.468750
PR Median: 0.500000
PR Standard Deviation: 0.018615
SR: 0.000000
---- Accuracy 0.010000 ----
---- Accuracy: 0.001000 ----
PR Best: 0.500000
PR Worst: 0.000000
PR Average: 0.433594
PR Median: 0.500000
PR Standard Deviation: 0.026316
SR: 0.000000
---- Accuracy 0.001000 ----
---- Accuracy: 0.000100 ----
PR Best: 0.500000
PR Worst: 0.000000
PR Average: 0.367188
PR Median: 0.437500
PR Standard Deviation: 0.028585
SR: 0.000000
---- Accuracy 0.000100 ----
---- Accuracy: 0.000010 ----
PR Best: 0.500000
PR Worst: 0.000000
PR Average: 0.339844
PR Median: 0.375000
PR Standard Deviation: 0.028195
SR: 0.000000
---- Accuracy 0.000010 ----
--------------------- Problem 15 ---------------------

--------------------- Problem 16 ---------------------
---- Accuracy: 0.100000 ----
PR Best: 1.000000
PR Worst: 0.125000
PR Average: 0.338542
PR Median: 0.166667
PR Standard Deviation: 0.043626
SR: 0.031250
---- Accuracy 0.100000 ----
---- Accuracy: 0.010000 ----
PR Best: 0.166667
PR Worst: 0.000000
PR Average: 0.122396
PR Median: 0.125000
PR Standard Deviation: 0.008960
SR: 0.000000
---- Accuracy 0.010000 ----
---- Accuracy: 0.001000 ----
PR Best: 0.166667
PR Worst: 0.000000
PR Average: 0.091146
PR Median: 0.125000
PR Standard Deviation: 0.013418
SR: 0.000000
---- Accuracy 0.001000 ----
---- Accuracy: 0.000100 ----
PR Best: 0.166667
PR Worst: 0.000000
PR Average: 0.087240
PR Median: 0.125000
PR Standard Deviation: 0.014045
SR: 0.000000
---- Accuracy 0.000100 ----
---- Accuracy: 0.000010 ----
PR Best: 0.166667
PR Worst: 0.000000
PR Average: 0.087240
PR Median: 0.125000
PR Standard Deviation: 0.014045
SR: 0.000000
---- Accuracy 0.000010 ----
--------------------- Problem 16 ---------------------

--------------------- Problem 17 ---------------------
---- Accuracy: 0.100000 ----
PR Best: 0.562500
PR Worst: 0.062500
PR Average: 0.251953
PR Median: 0.250000
PR Standard Deviation: 0.021091
SR: 0.000000
---- Accuracy 0.100000 ----
---- Accuracy: 0.010000 ----
PR Best: 0.312500
PR Worst: 0.000000
PR Average: 0.089844
PR Median: 0.000000
PR Standard Deviation: 0.021544
SR: 0.000000
---- Accuracy 0.010000 ----
---- Accuracy: 0.001000 ----
PR Best: 0.312500
PR Worst: 0.000000
PR Average: 0.052734
PR Median: 0.000000
PR Standard Deviation: 0.016148
SR: 0.000000
---- Accuracy 0.001000 ----
---- Accuracy: 0.000100 ----
PR Best: 0.250000
PR Worst: 0.000000
PR Average: 0.027344
PR Median: 0.000000
PR Standard Deviation: 0.010846
SR: 0.000000
---- Accuracy 0.000100 ----
---- Accuracy: 0.000010 ----
PR Best: 0.250000
PR Worst: 0.000000
PR Average: 0.025391
PR Median: 0.000000
PR Standard Deviation: 0.010064
SR: 0.000000
---- Accuracy 0.000010 ----
--------------------- Problem 17 ---------------------

--------------------- Problem 18 ---------------------
---- Accuracy: 0.100000 ----
PR Best: 0.015625
PR Worst: 0.000000
PR Average: 0.000977
PR Median: 0.000000
PR Standard Deviation: 0.000679
SR: 0.000000
---- Accuracy 0.100000 ----
---- Accuracy: 0.010000 ----
PR Best: 0.000000
PR Worst: 0.000000
PR Average: 0.000000
PR Median: 0.000000
PR Standard Deviation: 0.000000
SR: 0.000000
---- Accuracy 0.010000 ----
---- Accuracy: 0.001000 ----
PR Best: 0.000000
PR Worst: 0.000000
PR Average: 0.000000
PR Median: 0.000000
PR Standard Deviation: 0.000000
SR: 0.000000
---- Accuracy 0.001000 ----
---- Accuracy: 0.000100 ----
PR Best: 0.000000
PR Worst: 0.000000
PR Average: 0.000000
PR Median: 0.000000
PR Standard Deviation: 0.000000
SR: 0.000000
---- Accuracy 0.000100 ----
---- Accuracy: 0.000010 ----
PR Best: 0.000000
PR Worst: 0.000000
PR Average: 0.000000
PR Median: 0.000000
PR Standard Deviation: 0.000000
SR: 0.000000
---- Accuracy 0.000010 ----
--------------------- Problem 18 ---------------------

--------------------- Stats ---------------------
Problem: 1, Average Peak Ratio: 0.921875
Problem: 2, Average Peak Ratio: 1.000000
Problem: 3, Average Peak Ratio: 0.953125
Problem: 4, Average Peak Ratio: 0.996875
Problem: 5, Average Peak Ratio: 0.628125
Problem: 6, Average Peak Ratio: 0.188086
Problem: 7, Average Peak Ratio: 0.456250
Problem: 8, Average Peak Ratio: 0.457813
Problem: 9, Average Peak Ratio: 0.136328
Problem: 10, Average Peak Ratio: 0.306250
Problem: 11, Average Peak Ratio: 0.781250
Problem: 12, Average Peak Ratio: 0.242188
Problem: 13, Average Peak Ratio: 1.000000
Problem: 14, Average Peak Ratio: 0.287500
Problem: 15, Average Peak Ratio: 0.425781
Problem: 16, Average Peak Ratio: 0.145313
Problem: 17, Average Peak Ratio: 0.089453
Problem: 18, Average Peak Ratio: 0.000195
Overall Average Peak Ratio: 0.500911
Ratio: 0.100000, Average Peak Ratio: 0.596228
Ratio: 0.010000, Average Peak Ratio: 0.560890
Ratio: 0.001000, Average Peak Ratio: 0.483471
Ratio: 0.000100, Average Peak Ratio: 0.439471
Ratio: 0.000010, Average Peak Ratio: 0.424497
Ratio: 0.100000, Average Success Ratio: 0.390625
Ratio: 0.010000, Average Success Ratio: 0.366319
Ratio: 0.001000, Average Success Ratio: 0.282986
Ratio: 0.000100, Average Success Ratio: 0.272569
Ratio: 0.000010, Average Success Ratio: 0.269097
--------------------- Stats ---------------------
