--------------------- Problem 1 ---------------------
---- Accuracy: 0.100000 ----
PR Best: 1.000000
PR Worst: 0.000000
PR Average: 0.609375
PR Median: 1.000000
PR Standard Deviation: 0.080116
SR: 0.531250
---- Accuracy: 0.100000 ----
---- Accuracy: 0.010000 ----
PR Best: 1.000000
PR Worst: 0.000000
PR Average: 0.609375
PR Median: 1.000000
PR Standard Deviation: 0.080116
SR: 0.531250
---- Accuracy: 0.010000 ----
---- Accuracy: 0.001000 ----
PR Best: 1.000000
PR Worst: 0.000000
PR Average: 0.609375
PR Median: 1.000000
PR Standard Deviation: 0.080116
SR: 0.531250
---- Accuracy: 0.001000 ----
---- Accuracy: 0.000100 ----
PR Best: 1.000000
PR Worst: 0.000000
PR Average: 0.578125
PR Median: 1.000000
PR Standard Deviation: 0.084330
SR: 0.531250
---- Accuracy: 0.000100 ----
---- Accuracy: 0.000010 ----
PR Best: 1.000000
PR Worst: 0.000000
PR Average: 0.578125
PR Median: 1.000000
PR Standard Deviation: 0.084330
SR: 0.531250
---- Accuracy: 0.000010 ----
--------------------- Problem 1 ---------------------

--------------------- Problem 2 ---------------------
---- Accuracy: 0.100000 ----
PR Best: 1.000000
PR Worst: 0.000000
PR Average: 0.859375
PR Median: 1.000000
PR Standard Deviation: 0.056056
SR: 0.812500
---- Accuracy: 0.100000 ----
---- Accuracy: 0.010000 ----
PR Best: 1.000000
PR Worst: 0.000000
PR Average: 0.859375
PR Median: 1.000000
PR Standard Deviation: 0.056056
SR: 0.812500
---- Accuracy: 0.010000 ----
---- Accuracy: 0.001000 ----
PR Best: 1.000000
PR Worst: 0.000000
PR Average: 0.843750
PR Median: 1.000000
PR Standard Deviation: 0.056962
SR: 0.781250
---- Accuracy: 0.001000 ----
---- Accuracy: 0.000100 ----
PR Best: 1.000000
PR Worst: 0.000000
PR Average: 0.843750
PR Median: 1.000000
PR Standard Deviation: 0.056962
SR: 0.781250
---- Accuracy: 0.000100 ----
---- Accuracy: 0.000010 ----
PR Best: 1.000000
PR Worst: 0.000000
PR Average: 0.843750
PR Median: 1.000000
PR Standard Deviation: 0.056962
SR: 0.781250
---- Accuracy: 0.000010 ----
--------------------- Problem 2 ---------------------

--------------------- Problem 3 ---------------------
---- Accuracy: 0.100000 ----
PR Best: 1.000000
PR Worst: 0.000000
PR Average: 0.468750
PR Median: 0.500000
PR Standard Deviation: 0.075927
SR: 0.281250
---- Accuracy: 0.100000 ----
---- Accuracy: 0.010000 ----
PR Best: 1.000000
PR Worst: 0.000000
PR Average: 0.445312
PR Median: 0.375000
PR Standard Deviation: 0.073382
SR: 0.218750
---- Accuracy: 0.010000 ----
---- Accuracy: 0.001000 ----
PR Best: 1.000000
PR Worst: 0.000000
PR Average: 0.445312
PR Median: 0.375000
PR Standard Deviation: 0.073382
SR: 0.218750
---- Accuracy: 0.001000 ----
---- Accuracy: 0.000100 ----
PR Best: 1.000000
PR Worst: 0.000000
PR Average: 0.445312
PR Median: 0.375000
PR Standard Deviation: 0.073382
SR: 0.218750
---- Accuracy: 0.000100 ----
---- Accuracy: 0.000010 ----
PR Best: 1.000000
PR Worst: 0.000000
PR Average: 0.445312
PR Median: 0.375000
PR Standard Deviation: 0.073382
SR: 0.218750
---- Accuracy: 0.000010 ----
--------------------- Problem 3 ---------------------

--------------------- Problem 4 ---------------------
---- Accuracy: 0.100000 ----
PR Best: 1.000000
PR Worst: 0.000000
PR Average: 0.625000
PR Median: 1.000000
PR Standard Deviation: 0.080947
SR: 0.562500
---- Accuracy: 0.100000 ----
---- Accuracy: 0.010000 ----
PR Best: 1.000000
PR Worst: 0.000000
PR Average: 0.625000
PR Median: 1.000000
PR Standard Deviation: 0.080947
SR: 0.562500
---- Accuracy: 0.010000 ----
---- Accuracy: 0.001000 ----
PR Best: 1.000000
PR Worst: 0.000000
PR Average: 0.625000
PR Median: 1.000000
PR Standard Deviation: 0.080947
SR: 0.562500
---- Accuracy: 0.001000 ----
---- Accuracy: 0.000100 ----
PR Best: 1.000000
PR Worst: 0.000000
PR Average: 0.593750
PR Median: 0.750000
PR Standard Deviation: 0.079176
SR: 0.500000
---- Accuracy: 0.000100 ----
---- Accuracy: 0.000010 ----
PR Best: 1.000000
PR Worst: 0.000000
PR Average: 0.593750
PR Median: 0.750000
PR Standard Deviation: 0.079176
SR: 0.500000
---- Accuracy: 0.000010 ----
--------------------- Problem 4 ---------------------

--------------------- Problem 5 ---------------------
---- Accuracy: 0.100000 ----
PR Best: 1.000000
PR Worst: 0.000000
PR Average: 0.437500
PR Median: 0.375000
PR Standard Deviation: 0.064240
SR: 0.031250
---- Accuracy: 0.100000 ----
---- Accuracy: 0.010000 ----
PR Best: 1.000000
PR Worst: 0.000000
PR Average: 0.429688
PR Median: 0.375000
PR Standard Deviation: 0.064956
SR: 0.031250
---- Accuracy: 0.010000 ----
---- Accuracy: 0.001000 ----
PR Best: 1.000000
PR Worst: 0.000000
PR Average: 0.414062
PR Median: 0.375000
PR Standard Deviation: 0.065077
SR: 0.031250
---- Accuracy: 0.001000 ----
---- Accuracy: 0.000100 ----
PR Best: 1.000000
PR Worst: 0.000000
PR Average: 0.398438
PR Median: 0.375000
PR Standard Deviation: 0.064835
SR: 0.031250
---- Accuracy: 0.000100 ----
---- Accuracy: 0.000010 ----
PR Best: 1.000000
PR Worst: 0.000000
PR Average: 0.394531
PR Median: 0.375000
PR Standard Deviation: 0.064998
SR: 0.031250
---- Accuracy: 0.000010 ----
--------------------- Problem 5 ---------------------

--------------------- Problem 6 ---------------------
---- Accuracy: 0.100000 ----
PR Best: 0.406250
PR Worst: 0.000000
PR Average: 0.188477
PR Median: 0.250000
PR Standard Deviation: 0.026678
SR: 0.000000
---- Accuracy: 0.100000 ----
---- Accuracy: 0.010000 ----
PR Best: 0.343750
PR Worst: 0.000000
PR Average: 0.166992
PR Median: 0.218750
PR Standard Deviation: 0.023879
SR: 0.000000
---- Accuracy: 0.010000 ----
---- Accuracy: 0.001000 ----
PR Best: 0.312500
PR Worst: 0.000000
PR Average: 0.130859
PR Median: 0.156250
PR Standard Deviation: 0.019566
SR: 0.000000
---- Accuracy: 0.001000 ----
---- Accuracy: 0.000100 ----
PR Best: 0.281250
PR Worst: 0.000000
PR Average: 0.101562
PR Median: 0.093750
PR Standard Deviation: 0.016060
SR: 0.000000
---- Accuracy: 0.000100 ----
---- Accuracy: 0.000010 ----
PR Best: 0.218750
PR Worst: 0.000000
PR Average: 0.076172
PR Median: 0.062500
PR Standard Deviation: 0.012932
SR: 0.000000
---- Accuracy: 0.000010 ----
--------------------- Problem 6 ---------------------

--------------------- Problem 7 ---------------------
---- Accuracy: 0.100000 ----
PR Best: 1.000000
PR Worst: 0.000000
PR Average: 0.500000
PR Median: 0.500000
PR Standard Deviation: 0.089803
SR: 0.500000
---- Accuracy: 0.100000 ----
---- Accuracy: 0.010000 ----
PR Best: 1.000000
PR Worst: 0.000000
PR Average: 0.468750
PR Median: 0.000000
PR Standard Deviation: 0.089627
SR: 0.468750
---- Accuracy: 0.010000 ----
---- Accuracy: 0.001000 ----
PR Best: 1.000000
PR Worst: 0.000000
PR Average: 0.390625
PR Median: 0.000000
PR Standard Deviation: 0.080116
SR: 0.312500
---- Accuracy: 0.001000 ----
---- Accuracy: 0.000100 ----
PR Best: 1.000000
PR Worst: 0.000000
PR Average: 0.328125
PR Median: 0.000000
PR Standard Deviation: 0.073126
SR: 0.218750
---- Accuracy: 0.000100 ----
---- Accuracy: 0.000010 ----
PR Best: 1.000000
PR Worst: 0.000000
PR Average: 0.312500
PR Median: 0.000000
PR Standard Deviation: 0.070102
SR: 0.187500
---- Accuracy: 0.000010 ----
--------------------- Problem 7 ---------------------

--------------------- Problem 8 ---------------------
---- Accuracy: 0.100000 ----
PR Best: 1.000000
PR Worst: 0.000000
PR Average: 0.468750
PR Median: 0.562500
PR Standard Deviation: 0.074249
SR: 0.125000
---- Accuracy: 0.100000 ----
---- Accuracy: 0.010000 ----
PR Best: 0.750000
PR Worst: 0.000000
PR Average: 0.226562
PR Median: 0.187500
PR Standard Deviation: 0.041411
SR: 0.000000
---- Accuracy: 0.010000 ----
---- Accuracy: 0.001000 ----
PR Best: 0.375000
PR Worst: 0.000000
PR Average: 0.121094
PR Median: 0.062500
PR Standard Deviation: 0.026015
SR: 0.000000
---- Accuracy: 0.001000 ----
---- Accuracy: 0.000100 ----
PR Best: 0.375000
PR Worst: 0.000000
PR Average: 0.058594
PR Median: 0.000000
PR Standard Deviation: 0.016823
SR: 0.000000
---- Accuracy: 0.000100 ----
---- Accuracy: 0.000010 ----
PR Best: 0.125000
PR Worst: 0.000000
PR Average: 0.023438
PR Median: 0.000000
PR Standard Deviation: 0.008763
SR: 0.000000
---- Accuracy: 0.000010 ----
--------------------- Problem 8 ---------------------

--------------------- Problem 9 ---------------------
---- Accuracy: 0.100000 ----
PR Best: 0.375000
PR Worst: 0.000000
PR Average: 0.185547
PR Median: 0.218750
PR Standard Deviation: 0.021091
SR: 0.000000
---- Accuracy: 0.100000 ----
---- Accuracy: 0.010000 ----
PR Best: 0.125000
PR Worst: 0.000000
PR Average: 0.023438
PR Median: 0.031250
PR Standard Deviation: 0.004654
SR: 0.000000
---- Accuracy: 0.010000 ----
---- Accuracy: 0.001000 ----
PR Best: 0.031250
PR Worst: 0.000000
PR Average: 0.005859
PR Median: 0.000000
PR Standard Deviation: 0.002191
SR: 0.000000
---- Accuracy: 0.001000 ----
---- Accuracy: 0.000100 ----
PR Best: 0.000000
PR Worst: 0.000000
PR Average: 0.000000
PR Median: 0.000000
PR Standard Deviation: 0.000000
SR: 0.000000
---- Accuracy: 0.000100 ----
---- Accuracy: 0.000010 ----
PR Best: 0.000000
PR Worst: 0.000000
PR Average: 0.000000
PR Median: 0.000000
PR Standard Deviation: 0.000000
SR: 0.000000
---- Accuracy: 0.000010 ----
--------------------- Problem 9 ---------------------

--------------------- Problem 10 ---------------------
---- Accuracy: 0.100000 ----
PR Best: 1.000000
PR Worst: 0.000000
PR Average: 0.553125
PR Median: 0.500000
PR Standard Deviation: 0.064911
SR: 0.187500
---- Accuracy: 0.100000 ----
---- Accuracy: 0.010000 ----
PR Best: 1.000000
PR Worst: 0.000000
PR Average: 0.553125
PR Median: 0.500000
PR Standard Deviation: 0.064911
SR: 0.187500
---- Accuracy: 0.010000 ----
---- Accuracy: 0.001000 ----
PR Best: 1.000000
PR Worst: 0.000000
PR Average: 0.550000
PR Median: 0.500000
PR Standard Deviation: 0.064446
SR: 0.187500
---- Accuracy: 0.001000 ----
---- Accuracy: 0.000100 ----
PR Best: 0.900000
PR Worst: 0.000000
PR Average: 0.490625
PR Median: 0.500000
PR Standard Deviation: 0.057914
SR: 0.000000
---- Accuracy: 0.000100 ----
---- Accuracy: 0.000010 ----
PR Best: 0.900000
PR Worst: 0.000000
PR Average: 0.393750
PR Median: 0.300000
PR Standard Deviation: 0.051771
SR: 0.000000
---- Accuracy: 0.000010 ----
--------------------- Problem 10 ---------------------

--------------------- Problem 11 ---------------------
---- Accuracy: 0.100000 ----
PR Best: 1.000000
PR Worst: 0.750000
PR Average: 0.984375
PR Median: 1.000000
PR Standard Deviation: 0.010869
SR: 0.937500
---- Accuracy: 0.100000 ----
---- Accuracy: 0.010000 ----
PR Best: 1.000000
PR Worst: 0.750000
PR Average: 0.976562
PR Median: 1.000000
PR Standard Deviation: 0.013088
SR: 0.906250
---- Accuracy: 0.010000 ----
---- Accuracy: 0.001000 ----
PR Best: 1.000000
PR Worst: 0.750000
PR Average: 0.976562
PR Median: 1.000000
PR Standard Deviation: 0.013088
SR: 0.906250
---- Accuracy: 0.001000 ----
---- Accuracy: 0.000100 ----
PR Best: 1.000000
PR Worst: 0.750000
PR Average: 0.976562
PR Median: 1.000000
PR Standard Deviation: 0.013088
SR: 0.906250
---- Accuracy: 0.000100 ----
---- Accuracy: 0.000010 ----
PR Best: 1.000000
PR Worst: 0.750000
PR Average: 0.976562
PR Median: 1.000000
PR Standard Deviation: 0.013088
SR: 0.906250
---- Accuracy: 0.000010 ----
--------------------- Problem 11 ---------------------

--------------------- Problem 12 ---------------------
---- Accuracy: 0.100000 ----
PR Best: 1.000000
PR Worst: 0.000000
PR Average: 0.820312
PR Median: 1.000000
PR Standard Deviation: 0.054108
SR: 0.625000
---- Accuracy: 0.100000 ----
---- Accuracy: 0.010000 ----
PR Best: 1.000000
PR Worst: 0.000000
PR Average: 0.820312
PR Median: 1.000000
PR Standard Deviation: 0.054108
SR: 0.625000
---- Accuracy: 0.010000 ----
---- Accuracy: 0.001000 ----
PR Best: 1.000000
PR Worst: 0.000000
PR Average: 0.820312
PR Median: 1.000000
PR Standard Deviation: 0.054108
SR: 0.625000
---- Accuracy: 0.001000 ----
---- Accuracy: 0.000100 ----
PR Best: 1.000000
PR Worst: 0.000000
PR Average: 0.820312
PR Median: 1.000000
PR Standard Deviation: 0.054108
SR: 0.625000
---- Accuracy: 0.000100 ----
---- Accuracy: 0.000010 ----
PR Best: 1.000000
PR Worst: 0.000000
PR Average: 0.820312
PR Median: 1.000000
PR Standard Deviation: 0.054108
SR: 0.625000
---- Accuracy: 0.000010 ----
--------------------- Problem 12 ---------------------

--------------------- Problem 13 ---------------------
---- Accuracy: 0.100000 ----
PR Best: 1.000000
PR Worst: 0.000000
PR Average: 0.890625
PR Median: 1.000000
PR Standard Deviation: 0.053762
SR: 0.875000
---- Accuracy: 0.100000 ----
---- Accuracy: 0.010000 ----
PR Best: 1.000000
PR Worst: 0.000000
PR Average: 0.890625
PR Median: 1.000000
PR Standard Deviation: 0.053762
SR: 0.875000
---- Accuracy: 0.010000 ----
---- Accuracy: 0.001000 ----
PR Best: 1.000000
PR Worst: 0.000000
PR Average: 0.843750
PR Median: 1.000000
PR Standard Deviation: 0.056962
SR: 0.781250
---- Accuracy: 0.001000 ----
---- Accuracy: 0.000100 ----
PR Best: 1.000000
PR Worst: 0.000000
PR Average: 0.843750
PR Median: 1.000000
PR Standard Deviation: 0.056962
SR: 0.781250
---- Accuracy: 0.000100 ----
---- Accuracy: 0.000010 ----
PR Best: 1.000000
PR Worst: 0.000000
PR Average: 0.843750
PR Median: 1.000000
PR Standard Deviation: 0.056962
SR: 0.781250
---- Accuracy: 0.000010 ----
--------------------- Problem 13 ---------------------

--------------------- Problem 14 ---------------------
---- Accuracy: 0.100000 ----
PR Best: 1.000000
PR Worst: 0.000000
PR Average: 0.803125
PR Median: 1.000000
PR Standard Deviation: 0.062134
SR: 0.656250
---- Accuracy: 0.100000 ----
---- Accuracy: 0.010000 ----
PR Best: 1.000000
PR Worst: 0.000000
PR Average: 0.750000
PR Median: 0.900000
PR Standard Deviation: 0.063022
SR: 0.468750
---- Accuracy: 0.010000 ----
---- Accuracy: 0.001000 ----
PR Best: 1.000000
PR Worst: 0.000000
PR Average: 0.578125
PR Median: 0.700000
PR Standard Deviation: 0.058842
SR: 0.031250
---- Accuracy: 0.001000 ----
---- Accuracy: 0.000100 ----
PR Best: 1.000000
PR Worst: 0.000000
PR Average: 0.550000
PR Median: 0.700000
PR Standard Deviation: 0.058716
SR: 0.031250
---- Accuracy: 0.000100 ----
---- Accuracy: 0.000010 ----
PR Best: 1.000000
PR Worst: 0.000000
PR Average: 0.546875
PR Median: 0.650000
PR Standard Deviation: 0.058541
SR: 0.031250
---- Accuracy: 0.000010 ----
--------------------- Problem 14 ---------------------

--------------------- Problem 15 ---------------------
---- Accuracy: 0.100000 ----
PR Best: 0.875000
PR Worst: 0.000000
PR Average: 0.500000
PR Median: 0.625000
PR Standard Deviation: 0.051134
SR: 0.000000
---- Accuracy: 0.100000 ----
---- Accuracy: 0.010000 ----
PR Best: 0.875000
PR Worst: 0.000000
PR Average: 0.375000
PR Median: 0.375000
PR Standard Deviation: 0.045598
SR: 0.000000
---- Accuracy: 0.010000 ----
---- Accuracy: 0.001000 ----
PR Best: 0.750000
PR Worst: 0.000000
PR Average: 0.277344
PR Median: 0.375000
PR Standard Deviation: 0.035822
SR: 0.000000
---- Accuracy: 0.001000 ----
---- Accuracy: 0.000100 ----
PR Best: 0.500000
PR Worst: 0.000000
PR Average: 0.164062
PR Median: 0.125000
PR Standard Deviation: 0.026586
SR: 0.000000
---- Accuracy: 0.000100 ----
---- Accuracy: 0.000010 ----
PR Best: 0.375000
PR Worst: 0.000000
PR Average: 0.070312
PR Median: 0.000000
PR Standard Deviation: 0.020188
SR: 0.000000
---- Accuracy: 0.000010 ----
--------------------- Problem 15 ---------------------

--------------------- Problem 16 ---------------------
---- Accuracy: 0.100000 ----
PR Best: 0.583333
PR Worst: 0.000000
PR Average: 0.252604
PR Median: 0.250000
PR Standard Deviation: 0.037880
SR: 0.000000
---- Accuracy: 0.100000 ----
---- Accuracy: 0.010000 ----
PR Best: 0.458333
PR Worst: 0.000000
PR Average: 0.171875
PR Median: 0.145833
PR Standard Deviation: 0.029802
SR: 0.000000
---- Accuracy: 0.010000 ----
---- Accuracy: 0.001000 ----
PR Best: 0.333333
PR Worst: 0.000000
PR Average: 0.096354
PR Median: 0.062500
PR Standard Deviation: 0.018750
SR: 0.000000
---- Accuracy: 0.001000 ----
---- Accuracy: 0.000100 ----
PR Best: 0.291667
PR Worst: 0.000000
PR Average: 0.057292
PR Median: 0.041667
PR Standard Deviation: 0.012233
SR: 0.000000
---- Accuracy: 0.000100 ----
---- Accuracy: 0.000010 ----
PR Best: 0.125000
PR Worst: 0.000000
PR Average: 0.028646
PR Median: 0.000000
PR Standard Deviation: 0.006858
SR: 0.000000
---- Accuracy: 0.000010 ----
--------------------- Problem 16 ---------------------

--------------------- Problem 17 ---------------------
---- Accuracy: 0.100000 ----
PR Best: 0.437500
PR Worst: 0.000000
PR Average: 0.117188
PR Median: 0.093750
PR Standard Deviation: 0.022756
SR: 0.000000
---- Accuracy: 0.100000 ----
---- Accuracy: 0.010000 ----
PR Best: 0.312500
PR Worst: 0.000000
PR Average: 0.085938
PR Median: 0.093750
PR Standard Deviation: 0.016303
SR: 0.000000
---- Accuracy: 0.010000 ----
---- Accuracy: 0.001000 ----
PR Best: 0.125000
PR Worst: 0.000000
PR Average: 0.037109
PR Median: 0.000000
PR Standard Deviation: 0.008812
SR: 0.000000
---- Accuracy: 0.001000 ----
---- Accuracy: 0.000100 ----
PR Best: 0.062500
PR Worst: 0.000000
PR Average: 0.015625
PR Median: 0.000000
PR Standard Deviation: 0.004861
SR: 0.000000
---- Accuracy: 0.000100 ----
---- Accuracy: 0.000010 ----
PR Best: 0.000000
PR Worst: 0.000000
PR Average: 0.000000
PR Median: 0.000000
PR Standard Deviation: 0.000000
SR: 0.000000
---- Accuracy: 0.000010 ----
--------------------- Problem 17 ---------------------

--------------------- Problem 18 ---------------------
---- Accuracy: 0.100000 ----
PR Best: 0.046875
PR Worst: 0.000000
PR Average: 0.012207
PR Median: 0.015625
PR Standard Deviation: 0.002403
SR: 0.000000
---- Accuracy: 0.100000 ----
---- Accuracy: 0.010000 ----
PR Best: 0.046875
PR Worst: 0.000000
PR Average: 0.005859
PR Median: 0.000000
PR Standard Deviation: 0.002191
SR: 0.000000
---- Accuracy: 0.010000 ----
---- Accuracy: 0.001000 ----
PR Best: 0.015625
PR Worst: 0.000000
PR Average: 0.000488
PR Median: 0.000000
PR Standard Deviation: 0.000488
SR: 0.000000
---- Accuracy: 0.001000 ----
---- Accuracy: 0.000100 ----
PR Best: 0.000000
PR Worst: 0.000000
PR Average: 0.000000
PR Median: 0.000000
PR Standard Deviation: 0.000000
SR: 0.000000
---- Accuracy: 0.000100 ----
---- Accuracy: 0.000010 ----
PR Best: 0.000000
PR Worst: 0.000000
PR Average: 0.000000
PR Median: 0.000000
PR Standard Deviation: 0.000000
SR: 0.000000
---- Accuracy: 0.000010 ----
--------------------- Problem 18 ---------------------

--------------------- Stats ---------------------
Problem: 1, Average Peak Ratio: 0.596875
Problem: 2, Average Peak Ratio: 0.850000
Problem: 3, Average Peak Ratio: 0.450000
Problem: 4, Average Peak Ratio: 0.612500
Problem: 5, Average Peak Ratio: 0.414844
Problem: 6, Average Peak Ratio: 0.132812
Problem: 7, Average Peak Ratio: 0.400000
Problem: 8, Average Peak Ratio: 0.179688
Problem: 9, Average Peak Ratio: 0.042969
Problem: 10, Average Peak Ratio: 0.508125
Problem: 11, Average Peak Ratio: 0.978125
Problem: 12, Average Peak Ratio: 0.820312
Problem: 13, Average Peak Ratio: 0.862500
Problem: 14, Average Peak Ratio: 0.645625
Problem: 15, Average Peak Ratio: 0.277344
Problem: 16, Average Peak Ratio: 0.121354
Problem: 17, Average Peak Ratio: 0.051172
Problem: 18, Average Peak Ratio: 0.003711
Overall Average Peak Ratio: 0.441553
Accuracy: 0.100000, Average Peak Ratio: 0.515352
Accuracy: 0.010000, Average Peak Ratio: 0.471322
Accuracy: 0.001000, Average Peak Ratio: 0.431444
Accuracy: 0.000100, Average Peak Ratio: 0.403660
Accuracy: 0.000010, Average Peak Ratio: 0.385988
Accuracy: 0.100000, Average Success Ratio: 0.340278
Accuracy: 0.010000, Average Success Ratio: 0.315972
Accuracy: 0.001000, Average Success Ratio: 0.276042
Accuracy: 0.000100, Average Success Ratio: 0.256944
Accuracy: 0.000010, Average Success Ratio: 0.255208
--------------------- Stats ---------------------
