--------------------- Problem 1 ---------------------
---- Accuracy: 0.100000 ----
PR Best: 1.000000
PR Worst: 1.000000
PR Average: 1.000000
PR Median: 1.000000
PR Standard Deviation: 0.000000
SR: 1.000000
---- Accuracy: 0.100000 ----
---- Accuracy: 0.010000 ----
PR Best: 1.000000
PR Worst: 1.000000
PR Average: 1.000000
PR Median: 1.000000
PR Standard Deviation: 0.000000
SR: 1.000000
---- Accuracy: 0.010000 ----
---- Accuracy: 0.001000 ----
PR Best: 1.000000
PR Worst: 1.000000
PR Average: 1.000000
PR Median: 1.000000
PR Standard Deviation: 0.000000
SR: 1.000000
---- Accuracy: 0.001000 ----
---- Accuracy: 0.000100 ----
PR Best: 1.000000
PR Worst: 1.000000
PR Average: 1.000000
PR Median: 1.000000
PR Standard Deviation: 0.000000
SR: 1.000000
---- Accuracy: 0.000100 ----
---- Accuracy: 0.000010 ----
PR Best: 1.000000
PR Worst: 1.000000
PR Average: 1.000000
PR Median: 1.000000
PR Standard Deviation: 0.000000
SR: 1.000000
---- Accuracy: 0.000010 ----
--------------------- Problem 1 ---------------------

--------------------- Problem 2 ---------------------
---- Accuracy: 0.100000 ----
PR Best: 1.000000
PR Worst: 1.000000
PR Average: 1.000000
PR Median: 1.000000
PR Standard Deviation: 0.000000
SR: 1.000000
---- Accuracy: 0.100000 ----
---- Accuracy: 0.010000 ----
PR Best: 1.000000
PR Worst: 1.000000
PR Average: 1.000000
PR Median: 1.000000
PR Standard Deviation: 0.000000
SR: 1.000000
---- Accuracy: 0.010000 ----
---- Accuracy: 0.001000 ----
PR Best: 1.000000
PR Worst: 1.000000
PR Average: 1.000000
PR Median: 1.000000
PR Standard Deviation: 0.000000
SR: 1.000000
---- Accuracy: 0.001000 ----
---- Accuracy: 0.000100 ----
PR Best: 1.000000
PR Worst: 1.000000
PR Average: 1.000000
PR Median: 1.000000
PR Standard Deviation: 0.000000
SR: 1.000000
---- Accuracy: 0.000100 ----
---- Accuracy: 0.000010 ----
PR Best: 1.000000
PR Worst: 1.000000
PR Average: 1.000000
PR Median: 1.000000
PR Standard Deviation: 0.000000
SR: 1.000000
---- Accuracy: 0.000010 ----
--------------------- Problem 2 ---------------------

--------------------- Problem 3 ---------------------
---- Accuracy: 0.100000 ----
PR Best: 1.000000
PR Worst: 1.000000
PR Average: 1.000000
PR Median: 1.000000
PR Standard Deviation: 0.000000
SR: 1.000000
---- Accuracy: 0.100000 ----
---- Accuracy: 0.010000 ----
PR Best: 1.000000
PR Worst: 0.750000
PR Average: 0.984375
PR Median: 1.000000
PR Standard Deviation: 0.010869
SR: 0.937500
---- Accuracy: 0.010000 ----
---- Accuracy: 0.001000 ----
PR Best: 1.000000
PR Worst: 0.750000
PR Average: 0.984375
PR Median: 1.000000
PR Standard Deviation: 0.010869
SR: 0.937500
---- Accuracy: 0.001000 ----
---- Accuracy: 0.000100 ----
PR Best: 1.000000
PR Worst: 0.750000
PR Average: 0.984375
PR Median: 1.000000
PR Standard Deviation: 0.010869
SR: 0.937500
---- Accuracy: 0.000100 ----
---- Accuracy: 0.000010 ----
PR Best: 1.000000
PR Worst: 0.750000
PR Average: 0.984375
PR Median: 1.000000
PR Standard Deviation: 0.010869
SR: 0.937500
---- Accuracy: 0.000010 ----
--------------------- Problem 3 ---------------------

--------------------- Problem 4 ---------------------
---- Accuracy: 0.100000 ----
PR Best: 1.000000
PR Worst: 1.000000
PR Average: 1.000000
PR Median: 1.000000
PR Standard Deviation: 0.000000
SR: 1.000000
---- Accuracy: 0.100000 ----
---- Accuracy: 0.010000 ----
PR Best: 1.000000
PR Worst: 1.000000
PR Average: 1.000000
PR Median: 1.000000
PR Standard Deviation: 0.000000
SR: 1.000000
---- Accuracy: 0.010000 ----
---- Accuracy: 0.001000 ----
PR Best: 1.000000
PR Worst: 1.000000
PR Average: 1.000000
PR Median: 1.000000
PR Standard Deviation: 0.000000
SR: 1.000000
---- Accuracy: 0.001000 ----
---- Accuracy: 0.000100 ----
PR Best: 1.000000
PR Worst: 1.000000
PR Average: 1.000000
PR Median: 1.000000
PR Standard Deviation: 0.000000
SR: 1.000000
---- Accuracy: 0.000100 ----
---- Accuracy: 0.000010 ----
PR Best: 1.000000
PR Worst: 1.000000
PR Average: 1.000000
PR Median: 1.000000
PR Standard Deviation: 0.000000
SR: 1.000000
---- Accuracy: 0.000010 ----
--------------------- Problem 4 ---------------------

--------------------- Problem 5 ---------------------
---- Accuracy: 0.100000 ----
PR Best: 1.000000
PR Worst: 0.750000
PR Average: 0.957031
PR Median: 1.000000
PR Standard Deviation: 0.014429
SR: 0.750000
---- Accuracy: 0.100000 ----
---- Accuracy: 0.010000 ----
PR Best: 1.000000
PR Worst: 0.750000
PR Average: 0.945312
PR Median: 1.000000
PR Standard Deviation: 0.014783
SR: 0.656250
---- Accuracy: 0.010000 ----
---- Accuracy: 0.001000 ----
PR Best: 1.000000
PR Worst: 0.750000
PR Average: 0.941406
PR Median: 1.000000
PR Standard Deviation: 0.015860
SR: 0.656250
---- Accuracy: 0.001000 ----
---- Accuracy: 0.000100 ----
PR Best: 1.000000
PR Worst: 0.750000
PR Average: 0.941406
PR Median: 1.000000
PR Standard Deviation: 0.015860
SR: 0.656250
---- Accuracy: 0.000100 ----
---- Accuracy: 0.000010 ----
PR Best: 1.000000
PR Worst: 0.750000
PR Average: 0.941406
PR Median: 1.000000
PR Standard Deviation: 0.015860
SR: 0.656250
---- Accuracy: 0.000010 ----
--------------------- Problem 5 ---------------------

--------------------- Problem 6 ---------------------
---- Accuracy: 0.100000 ----
PR Best: 0.562500
PR Worst: 0.375000
PR Average: 0.453125
PR Median: 0.453125
PR Standard Deviation: 0.011049
SR: 0.000000
---- Accuracy: 0.100000 ----
---- Accuracy: 0.010000 ----
PR Best: 0.562500
PR Worst: 0.375000
PR Average: 0.450195
PR Median: 0.437500
PR Standard Deviation: 0.011036
SR: 0.000000
---- Accuracy: 0.010000 ----
---- Accuracy: 0.001000 ----
PR Best: 0.562500
PR Worst: 0.375000
PR Average: 0.450195
PR Median: 0.437500
PR Standard Deviation: 0.011036
SR: 0.000000
---- Accuracy: 0.001000 ----
---- Accuracy: 0.000100 ----
PR Best: 0.562500
PR Worst: 0.375000
PR Average: 0.450195
PR Median: 0.437500
PR Standard Deviation: 0.011036
SR: 0.000000
---- Accuracy: 0.000100 ----
---- Accuracy: 0.000010 ----
PR Best: 0.562500
PR Worst: 0.375000
PR Average: 0.450195
PR Median: 0.437500
PR Standard Deviation: 0.011036
SR: 0.000000
---- Accuracy: 0.000010 ----
--------------------- Problem 6 ---------------------

--------------------- Problem 7 ---------------------
---- Accuracy: 0.100000 ----
PR Best: 1.000000
PR Worst: 1.000000
PR Average: 1.000000
PR Median: 1.000000
PR Standard Deviation: 0.000000
SR: 1.000000
---- Accuracy: 0.100000 ----
---- Accuracy: 0.010000 ----
PR Best: 1.000000
PR Worst: 1.000000
PR Average: 1.000000
PR Median: 1.000000
PR Standard Deviation: 0.000000
SR: 1.000000
---- Accuracy: 0.010000 ----
---- Accuracy: 0.001000 ----
PR Best: 1.000000
PR Worst: 1.000000
PR Average: 1.000000
PR Median: 1.000000
PR Standard Deviation: 0.000000
SR: 1.000000
---- Accuracy: 0.001000 ----
---- Accuracy: 0.000100 ----
PR Best: 1.000000
PR Worst: 1.000000
PR Average: 1.000000
PR Median: 1.000000
PR Standard Deviation: 0.000000
SR: 1.000000
---- Accuracy: 0.000100 ----
---- Accuracy: 0.000010 ----
PR Best: 1.000000
PR Worst: 1.000000
PR Average: 1.000000
PR Median: 1.000000
PR Standard Deviation: 0.000000
SR: 1.000000
---- Accuracy: 0.000010 ----
--------------------- Problem 7 ---------------------

--------------------- Problem 8 ---------------------
---- Accuracy: 0.100000 ----
PR Best: 1.000000
PR Worst: 0.750000
PR Average: 0.910156
PR Median: 0.875000
PR Standard Deviation: 0.014014
SR: 0.375000
---- Accuracy: 0.100000 ----
---- Accuracy: 0.010000 ----
PR Best: 1.000000
PR Worst: 0.750000
PR Average: 0.910156
PR Median: 0.875000
PR Standard Deviation: 0.014014
SR: 0.375000
---- Accuracy: 0.010000 ----
---- Accuracy: 0.001000 ----
PR Best: 1.000000
PR Worst: 0.750000
PR Average: 0.910156
PR Median: 0.875000
PR Standard Deviation: 0.014014
SR: 0.375000
---- Accuracy: 0.001000 ----
---- Accuracy: 0.000100 ----
PR Best: 1.000000
PR Worst: 0.750000
PR Average: 0.910156
PR Median: 0.875000
PR Standard Deviation: 0.014014
SR: 0.375000
---- Accuracy: 0.000100 ----
---- Accuracy: 0.000010 ----
PR Best: 1.000000
PR Worst: 0.750000
PR Average: 0.910156
PR Median: 0.875000
PR Standard Deviation: 0.014014
SR: 0.375000
---- Accuracy: 0.000010 ----
--------------------- Problem 8 ---------------------

--------------------- Problem 9 ---------------------
---- Accuracy: 0.100000 ----
PR Best: 0.562500
PR Worst: 0.375000
PR Average: 0.485352
PR Median: 0.500000
PR Standard Deviation: 0.008983
SR: 0.000000
---- Accuracy: 0.100000 ----
---- Accuracy: 0.010000 ----
PR Best: 0.562500
PR Worst: 0.375000
PR Average: 0.485352
PR Median: 0.500000
PR Standard Deviation: 0.008983
SR: 0.000000
---- Accuracy: 0.010000 ----
---- Accuracy: 0.001000 ----
PR Best: 0.562500
PR Worst: 0.375000
PR Average: 0.485352
PR Median: 0.500000
PR Standard Deviation: 0.008983
SR: 0.000000
---- Accuracy: 0.001000 ----
---- Accuracy: 0.000100 ----
PR Best: 0.562500
PR Worst: 0.375000
PR Average: 0.485352
PR Median: 0.500000
PR Standard Deviation: 0.008983
SR: 0.000000
---- Accuracy: 0.000100 ----
---- Accuracy: 0.000010 ----
PR Best: 0.531250
PR Worst: 0.375000
PR Average: 0.482422
PR Median: 0.500000
PR Standard Deviation: 0.008756
SR: 0.000000
---- Accuracy: 0.000010 ----
--------------------- Problem 9 ---------------------

--------------------- Problem 10 ---------------------
---- Accuracy: 0.100000 ----
PR Best: 1.000000
PR Worst: 1.000000
PR Average: 1.000000
PR Median: 1.000000
PR Standard Deviation: 0.000000
SR: 1.000000
---- Accuracy: 0.100000 ----
---- Accuracy: 0.010000 ----
PR Best: 1.000000
PR Worst: 1.000000
PR Average: 1.000000
PR Median: 1.000000
PR Standard Deviation: 0.000000
SR: 1.000000
---- Accuracy: 0.010000 ----
---- Accuracy: 0.001000 ----
PR Best: 1.000000
PR Worst: 1.000000
PR Average: 1.000000
PR Median: 1.000000
PR Standard Deviation: 0.000000
SR: 1.000000
---- Accuracy: 0.001000 ----
---- Accuracy: 0.000100 ----
PR Best: 1.000000
PR Worst: 0.900000
PR Average: 0.975000
PR Median: 1.000000
PR Standard Deviation: 0.007777
SR: 0.750000
---- Accuracy: 0.000100 ----
---- Accuracy: 0.000010 ----
PR Best: 1.000000
PR Worst: 0.700000
PR Average: 0.925000
PR Median: 0.900000
PR Standard Deviation: 0.015554
SR: 0.468750
---- Accuracy: 0.000010 ----
--------------------- Problem 10 ---------------------

--------------------- Problem 11 ---------------------
---- Accuracy: 0.100000 ----
PR Best: 1.000000
PR Worst: 0.750000
PR Average: 0.992188
PR Median: 1.000000
PR Standard Deviation: 0.007812
SR: 0.968750
---- Accuracy: 0.100000 ----
---- Accuracy: 0.010000 ----
PR Best: 1.000000
PR Worst: 0.750000
PR Average: 0.992188
PR Median: 1.000000
PR Standard Deviation: 0.007812
SR: 0.968750
---- Accuracy: 0.010000 ----
---- Accuracy: 0.001000 ----
PR Best: 1.000000
PR Worst: 0.750000
PR Average: 0.992188
PR Median: 1.000000
PR Standard Deviation: 0.007812
SR: 0.968750
---- Accuracy: 0.001000 ----
---- Accuracy: 0.000100 ----
PR Best: 1.000000
PR Worst: 0.750000
PR Average: 0.992188
PR Median: 1.000000
PR Standard Deviation: 0.007812
SR: 0.968750
---- Accuracy: 0.000100 ----
---- Accuracy: 0.000010 ----
PR Best: 1.000000
PR Worst: 0.750000
PR Average: 0.992188
PR Median: 1.000000
PR Standard Deviation: 0.007812
SR: 0.968750
---- Accuracy: 0.000010 ----
--------------------- Problem 11 ---------------------

--------------------- Problem 12 ---------------------
---- Accuracy: 0.100000 ----
PR Best: 1.000000
PR Worst: 1.000000
PR Average: 1.000000
PR Median: 1.000000
PR Standard Deviation: 0.000000
SR: 1.000000
---- Accuracy: 0.100000 ----
---- Accuracy: 0.010000 ----
PR Best: 1.000000
PR Worst: 1.000000
PR Average: 1.000000
PR Median: 1.000000
PR Standard Deviation: 0.000000
SR: 1.000000
---- Accuracy: 0.010000 ----
---- Accuracy: 0.001000 ----
PR Best: 1.000000
PR Worst: 1.000000
PR Average: 1.000000
PR Median: 1.000000
PR Standard Deviation: 0.000000
SR: 1.000000
---- Accuracy: 0.001000 ----
---- Accuracy: 0.000100 ----
PR Best: 1.000000
PR Worst: 1.000000
PR Average: 1.000000
PR Median: 1.000000
PR Standard Deviation: 0.000000
SR: 1.000000
---- Accuracy: 0.000100 ----
---- Accuracy: 0.000010 ----
PR Best: 1.000000
PR Worst: 1.000000
PR Average: 1.000000
PR Median: 1.000000
PR Standard Deviation: 0.000000
SR: 1.000000
---- Accuracy: 0.000010 ----
--------------------- Problem 12 ---------------------

--------------------- Problem 13 ---------------------
---- Accuracy: 0.100000 ----
PR Best: 1.000000
PR Worst: 1.000000
PR Average: 1.000000
PR Median: 1.000000
PR Standard Deviation: 0.000000
SR: 1.000000
---- Accuracy: 0.100000 ----
---- Accuracy: 0.010000 ----
PR Best: 1.000000
PR Worst: 1.000000
PR Average: 1.000000
PR Median: 1.000000
PR Standard Deviation: 0.000000
SR: 1.000000
---- Accuracy: 0.010000 ----
---- Accuracy: 0.001000 ----
PR Best: 1.000000
PR Worst: 1.000000
PR Average: 1.000000
PR Median: 1.000000
PR Standard Deviation: 0.000000
SR: 1.000000
---- Accuracy: 0.001000 ----
---- Accuracy: 0.000100 ----
PR Best: 1.000000
PR Worst: 1.000000
PR Average: 1.000000
PR Median: 1.000000
PR Standard Deviation: 0.000000
SR: 1.000000
---- Accuracy: 0.000100 ----
---- Accuracy: 0.000010 ----
PR Best: 1.000000
PR Worst: 1.000000
PR Average: 1.000000
PR Median: 1.000000
PR Standard Deviation: 0.000000
SR: 1.000000
---- Accuracy: 0.000010 ----
--------------------- Problem 13 ---------------------

--------------------- Problem 14 ---------------------
---- Accuracy: 0.100000 ----
PR Best: 1.000000
PR Worst: 1.000000
PR Average: 1.000000
PR Median: 1.000000
PR Standard Deviation: 0.000000
SR: 1.000000
---- Accuracy: 0.100000 ----
---- Accuracy: 0.010000 ----
PR Best: 1.000000
PR Worst: 0.900000
PR Average: 0.996875
PR Median: 1.000000
PR Standard Deviation: 0.003125
SR: 0.968750
---- Accuracy: 0.010000 ----
---- Accuracy: 0.001000 ----
PR Best: 1.000000
PR Worst: 0.800000
PR Average: 0.921875
PR Median: 0.900000
PR Standard Deviation: 0.010752
SR: 0.312500
---- Accuracy: 0.001000 ----
---- Accuracy: 0.000100 ----
PR Best: 1.000000
PR Worst: 0.700000
PR Average: 0.865625
PR Median: 0.900000
PR Standard Deviation: 0.014625
SR: 0.156250
---- Accuracy: 0.000100 ----
---- Accuracy: 0.000010 ----
PR Best: 1.000000
PR Worst: 0.700000
PR Average: 0.859375
PR Median: 0.900000
PR Standard Deviation: 0.014099
SR: 0.125000
---- Accuracy: 0.000010 ----
--------------------- Problem 14 ---------------------

--------------------- Problem 15 ---------------------
---- Accuracy: 0.100000 ----
PR Best: 1.000000
PR Worst: 0.875000
PR Average: 0.992188
PR Median: 1.000000
PR Standard Deviation: 0.005434
SR: 0.937500
---- Accuracy: 0.100000 ----
---- Accuracy: 0.010000 ----
PR Best: 1.000000
PR Worst: 0.750000
PR Average: 0.925781
PR Median: 0.875000
PR Standard Deviation: 0.012373
SR: 0.437500
---- Accuracy: 0.010000 ----
---- Accuracy: 0.001000 ----
PR Best: 1.000000
PR Worst: 0.625000
PR Average: 0.863281
PR Median: 0.875000
PR Standard Deviation: 0.017171
SR: 0.187500
---- Accuracy: 0.001000 ----
---- Accuracy: 0.000100 ----
PR Best: 1.000000
PR Worst: 0.625000
PR Average: 0.792969
PR Median: 0.812500
PR Standard Deviation: 0.018282
SR: 0.031250
---- Accuracy: 0.000100 ----
---- Accuracy: 0.000010 ----
PR Best: 0.750000
PR Worst: 0.125000
PR Average: 0.527344
PR Median: 0.500000
PR Standard Deviation: 0.026762
SR: 0.000000
---- Accuracy: 0.000010 ----
--------------------- Problem 15 ---------------------

--------------------- Problem 16 ---------------------
---- Accuracy: 0.100000 ----
PR Best: 1.000000
PR Worst: 0.750000
PR Average: 0.878906
PR Median: 0.916667
PR Standard Deviation: 0.013144
SR: 0.031250
---- Accuracy: 0.100000 ----
---- Accuracy: 0.010000 ----
PR Best: 0.791667
PR Worst: 0.541667
PR Average: 0.686198
PR Median: 0.708333
PR Standard Deviation: 0.014246
SR: 0.000000
---- Accuracy: 0.010000 ----
---- Accuracy: 0.001000 ----
PR Best: 0.666667
PR Worst: 0.375000
PR Average: 0.531250
PR Median: 0.520833
PR Standard Deviation: 0.016202
SR: 0.000000
---- Accuracy: 0.001000 ----
---- Accuracy: 0.000100 ----
PR Best: 0.583333
PR Worst: 0.291667
PR Average: 0.445312
PR Median: 0.416667
PR Standard Deviation: 0.014545
SR: 0.000000
---- Accuracy: 0.000100 ----
---- Accuracy: 0.000010 ----
PR Best: 0.333333
PR Worst: 0.125000
PR Average: 0.235677
PR Median: 0.229167
PR Standard Deviation: 0.009091
SR: 0.000000
---- Accuracy: 0.000010 ----
--------------------- Problem 16 ---------------------

--------------------- Problem 17 ---------------------
---- Accuracy: 0.100000 ----
PR Best: 0.812500
PR Worst: 0.375000
PR Average: 0.541016
PR Median: 0.531250
PR Standard Deviation: 0.025352
SR: 0.000000
---- Accuracy: 0.100000 ----
---- Accuracy: 0.010000 ----
PR Best: 0.750000
PR Worst: 0.250000
PR Average: 0.478516
PR Median: 0.437500
PR Standard Deviation: 0.022904
SR: 0.000000
---- Accuracy: 0.010000 ----
---- Accuracy: 0.001000 ----
PR Best: 0.687500
PR Worst: 0.250000
PR Average: 0.402344
PR Median: 0.375000
PR Standard Deviation: 0.020418
SR: 0.000000
---- Accuracy: 0.001000 ----
---- Accuracy: 0.000100 ----
PR Best: 0.437500
PR Worst: 0.062500
PR Average: 0.314453
PR Median: 0.312500
PR Standard Deviation: 0.018292
SR: 0.000000
---- Accuracy: 0.000100 ----
---- Accuracy: 0.000010 ----
PR Best: 0.312500
PR Worst: 0.000000
PR Average: 0.078125
PR Median: 0.062500
PR Standard Deviation: 0.013459
SR: 0.000000
---- Accuracy: 0.000010 ----
--------------------- Problem 17 ---------------------

--------------------- Problem 18 ---------------------
---- Accuracy: 0.100000 ----
PR Best: 0.140625
PR Worst: 0.000000
PR Average: 0.057617
PR Median: 0.046875
PR Standard Deviation: 0.005846
SR: 0.000000
---- Accuracy: 0.100000 ----
---- Accuracy: 0.010000 ----
PR Best: 0.109375
PR Worst: 0.000000
PR Average: 0.052734
PR Median: 0.046875
PR Standard Deviation: 0.005096
SR: 0.000000
---- Accuracy: 0.010000 ----
---- Accuracy: 0.001000 ----
PR Best: 0.062500
PR Worst: 0.000000
PR Average: 0.041016
PR Median: 0.046875
PR Standard Deviation: 0.002956
SR: 0.000000
---- Accuracy: 0.001000 ----
---- Accuracy: 0.000100 ----
PR Best: 0.062500
PR Worst: 0.000000
PR Average: 0.026367
PR Median: 0.031250
PR Standard Deviation: 0.002930
SR: 0.000000
---- Accuracy: 0.000100 ----
---- Accuracy: 0.000010 ----
PR Best: 0.015625
PR Worst: 0.000000
PR Average: 0.001465
PR Median: 0.000000
PR Standard Deviation: 0.000818
SR: 0.000000
---- Accuracy: 0.000010 ----
--------------------- Problem 18 ---------------------

--------------------- Stats ---------------------
Problem: 1, Average Peak Ratio: 1.000000
Problem: 2, Average Peak Ratio: 1.000000
Problem: 3, Average Peak Ratio: 0.987500
Problem: 4, Average Peak Ratio: 1.000000
Problem: 5, Average Peak Ratio: 0.945312
Problem: 6, Average Peak Ratio: 0.450781
Problem: 7, Average Peak Ratio: 1.000000
Problem: 8, Average Peak Ratio: 0.910156
Problem: 9, Average Peak Ratio: 0.484766
Problem: 10, Average Peak Ratio: 0.980000
Problem: 11, Average Peak Ratio: 0.992188
Problem: 12, Average Peak Ratio: 1.000000
Problem: 13, Average Peak Ratio: 1.000000
Problem: 14, Average Peak Ratio: 0.928750
Problem: 15, Average Peak Ratio: 0.820312
Problem: 16, Average Peak Ratio: 0.555469
Problem: 17, Average Peak Ratio: 0.362891
Problem: 18, Average Peak Ratio: 0.035840
Overall Average Peak Ratio: 0.802998
Accuracy: 0.100000, Average Peak Ratio: 0.848199
Accuracy: 0.010000, Average Peak Ratio: 0.828205
Accuracy: 0.001000, Average Peak Ratio: 0.806858
Accuracy: 0.000100, Average Peak Ratio: 0.787967
Accuracy: 0.000010, Average Peak Ratio: 0.743763
Accuracy: 0.100000, Average Success Ratio: 0.670139
Accuracy: 0.010000, Average Success Ratio: 0.630208
Accuracy: 0.001000, Average Success Ratio: 0.579861
Accuracy: 0.000100, Average Success Ratio: 0.548611
Accuracy: 0.000010, Average Success Ratio: 0.529514
--------------------- Stats ---------------------
