--------------------- Problem 1 ---------------------
---- Accuracy: 0.100000 ----
PR Best: 1.000000
PR Worst: 0.000000
PR Average: 0.828125
PR Median: 1.000000
PR Standard Deviation: 0.065874
SR: 0.812500
---- Accuracy: 0.100000 ----
---- Accuracy: 0.010000 ----
PR Best: 1.000000
PR Worst: 0.000000
PR Average: 0.828125
PR Median: 1.000000
PR Standard Deviation: 0.065874
SR: 0.812500
---- Accuracy: 0.010000 ----
---- Accuracy: 0.001000 ----
PR Best: 1.000000
PR Worst: 0.000000
PR Average: 0.828125
PR Median: 1.000000
PR Standard Deviation: 0.065874
SR: 0.812500
---- Accuracy: 0.001000 ----
---- Accuracy: 0.000100 ----
PR Best: 1.000000
PR Worst: 0.000000
PR Average: 0.828125
PR Median: 1.000000
PR Standard Deviation: 0.065874
SR: 0.812500
---- Accuracy: 0.000100 ----
---- Accuracy: 0.000010 ----
PR Best: 1.000000
PR Worst: 0.000000
PR Average: 0.828125
PR Median: 1.000000
PR Standard Deviation: 0.065874
SR: 0.812500
---- Accuracy: 0.000010 ----
--------------------- Problem 1 ---------------------

--------------------- Problem 2 ---------------------
---- Accuracy: 0.100000 ----
PR Best: 1.000000
PR Worst: 0.000000
PR Average: 0.718750
PR Median: 1.000000
PR Standard Deviation: 0.077569
SR: 0.687500
---- Accuracy: 0.100000 ----
---- Accuracy: 0.010000 ----
PR Best: 1.000000
PR Worst: 0.000000
PR Average: 0.718750
PR Median: 1.000000
PR Standard Deviation: 0.077569
SR: 0.687500
---- Accuracy: 0.010000 ----
---- Accuracy: 0.001000 ----
PR Best: 1.000000
PR Worst: 0.000000
PR Average: 0.671875
PR Median: 1.000000
PR Standard Deviation: 0.079722
SR: 0.625000
---- Accuracy: 0.001000 ----
---- Accuracy: 0.000100 ----
PR Best: 1.000000
PR Worst: 0.000000
PR Average: 0.640625
PR Median: 1.000000
PR Standard Deviation: 0.078527
SR: 0.562500
---- Accuracy: 0.000100 ----
---- Accuracy: 0.000010 ----
PR Best: 1.000000
PR Worst: 0.000000
PR Average: 0.640625
PR Median: 1.000000
PR Standard Deviation: 0.078527
SR: 0.562500
---- Accuracy: 0.000010 ----
--------------------- Problem 2 ---------------------

--------------------- Problem 3 ---------------------
---- Accuracy: 0.100000 ----
PR Best: 1.000000
PR Worst: 0.000000
PR Average: 0.546875
PR Median: 0.625000
PR Standard Deviation: 0.076495
SR: 0.375000
---- Accuracy: 0.100000 ----
---- Accuracy: 0.010000 ----
PR Best: 1.000000
PR Worst: 0.000000
PR Average: 0.546875
PR Median: 0.625000
PR Standard Deviation: 0.076495
SR: 0.375000
---- Accuracy: 0.010000 ----
---- Accuracy: 0.001000 ----
PR Best: 1.000000
PR Worst: 0.000000
PR Average: 0.539062
PR Median: 0.625000
PR Standard Deviation: 0.075393
SR: 0.343750
---- Accuracy: 0.001000 ----
---- Accuracy: 0.000100 ----
PR Best: 1.000000
PR Worst: 0.000000
PR Average: 0.539062
PR Median: 0.625000
PR Standard Deviation: 0.075393
SR: 0.343750
---- Accuracy: 0.000100 ----
---- Accuracy: 0.000010 ----
PR Best: 1.000000
PR Worst: 0.000000
PR Average: 0.539062
PR Median: 0.625000
PR Standard Deviation: 0.075393
SR: 0.343750
---- Accuracy: 0.000010 ----
--------------------- Problem 3 ---------------------

--------------------- Problem 4 ---------------------
---- Accuracy: 0.100000 ----
PR Best: 1.000000
PR Worst: 0.000000
PR Average: 0.843750
PR Median: 1.000000
PR Standard Deviation: 0.065213
SR: 0.843750
---- Accuracy: 0.100000 ----
---- Accuracy: 0.010000 ----
PR Best: 1.000000
PR Worst: 0.000000
PR Average: 0.812500
PR Median: 1.000000
PR Standard Deviation: 0.070102
SR: 0.812500
---- Accuracy: 0.010000 ----
---- Accuracy: 0.001000 ----
PR Best: 1.000000
PR Worst: 0.000000
PR Average: 0.812500
PR Median: 1.000000
PR Standard Deviation: 0.070102
SR: 0.812500
---- Accuracy: 0.001000 ----
---- Accuracy: 0.000100 ----
PR Best: 1.000000
PR Worst: 0.000000
PR Average: 0.812500
PR Median: 1.000000
PR Standard Deviation: 0.070102
SR: 0.812500
---- Accuracy: 0.000100 ----
---- Accuracy: 0.000010 ----
PR Best: 1.000000
PR Worst: 0.000000
PR Average: 0.812500
PR Median: 1.000000
PR Standard Deviation: 0.070102
SR: 0.812500
---- Accuracy: 0.000010 ----
--------------------- Problem 4 ---------------------

--------------------- Problem 5 ---------------------
---- Accuracy: 0.100000 ----
PR Best: 1.000000
PR Worst: 0.000000
PR Average: 0.613281
PR Median: 0.625000
PR Standard Deviation: 0.057884
SR: 0.125000
---- Accuracy: 0.100000 ----
---- Accuracy: 0.010000 ----
PR Best: 1.000000
PR Worst: 0.000000
PR Average: 0.605469
PR Median: 0.625000
PR Standard Deviation: 0.058627
SR: 0.125000
---- Accuracy: 0.010000 ----
---- Accuracy: 0.001000 ----
PR Best: 1.000000
PR Worst: 0.000000
PR Average: 0.605469
PR Median: 0.625000
PR Standard Deviation: 0.058627
SR: 0.125000
---- Accuracy: 0.001000 ----
---- Accuracy: 0.000100 ----
PR Best: 1.000000
PR Worst: 0.000000
PR Average: 0.601562
PR Median: 0.625000
PR Standard Deviation: 0.057905
SR: 0.093750
---- Accuracy: 0.000100 ----
---- Accuracy: 0.000010 ----
PR Best: 1.000000
PR Worst: 0.000000
PR Average: 0.597656
PR Median: 0.625000
PR Standard Deviation: 0.057440
SR: 0.093750
---- Accuracy: 0.000010 ----
--------------------- Problem 5 ---------------------

--------------------- Problem 6 ---------------------
---- Accuracy: 0.100000 ----
PR Best: 0.437500
PR Worst: 0.000000
PR Average: 0.142578
PR Median: 0.046875
PR Standard Deviation: 0.027637
SR: 0.000000
---- Accuracy: 0.100000 ----
---- Accuracy: 0.010000 ----
PR Best: 0.406250
PR Worst: 0.000000
PR Average: 0.132812
PR Median: 0.046875
PR Standard Deviation: 0.025605
SR: 0.000000
---- Accuracy: 0.010000 ----
---- Accuracy: 0.001000 ----
PR Best: 0.375000
PR Worst: 0.000000
PR Average: 0.125000
PR Median: 0.046875
PR Standard Deviation: 0.023647
SR: 0.000000
---- Accuracy: 0.001000 ----
---- Accuracy: 0.000100 ----
PR Best: 0.375000
PR Worst: 0.000000
PR Average: 0.105469
PR Median: 0.015625
PR Standard Deviation: 0.023469
SR: 0.000000
---- Accuracy: 0.000100 ----
---- Accuracy: 0.000010 ----
PR Best: 0.343750
PR Worst: 0.000000
PR Average: 0.093750
PR Median: 0.015625
PR Standard Deviation: 0.020860
SR: 0.000000
---- Accuracy: 0.000010 ----
--------------------- Problem 6 ---------------------

--------------------- Problem 7 ---------------------
---- Accuracy: 0.100000 ----
PR Best: 1.000000
PR Worst: 0.000000
PR Average: 0.562500
PR Median: 1.000000
PR Standard Deviation: 0.089098
SR: 0.562500
---- Accuracy: 0.100000 ----
---- Accuracy: 0.010000 ----
PR Best: 1.000000
PR Worst: 0.000000
PR Average: 0.546875
PR Median: 1.000000
PR Standard Deviation: 0.087986
SR: 0.531250
---- Accuracy: 0.010000 ----
---- Accuracy: 0.001000 ----
PR Best: 1.000000
PR Worst: 0.000000
PR Average: 0.546875
PR Median: 1.000000
PR Standard Deviation: 0.087986
SR: 0.531250
---- Accuracy: 0.001000 ----
---- Accuracy: 0.000100 ----
PR Best: 1.000000
PR Worst: 0.000000
PR Average: 0.500000
PR Median: 0.500000
PR Standard Deviation: 0.084003
SR: 0.437500
---- Accuracy: 0.000100 ----
---- Accuracy: 0.000010 ----
PR Best: 1.000000
PR Worst: 0.000000
PR Average: 0.390625
PR Median: 0.500000
PR Standard Deviation: 0.073556
SR: 0.250000
---- Accuracy: 0.000010 ----
--------------------- Problem 7 ---------------------

--------------------- Problem 8 ---------------------
---- Accuracy: 0.100000 ----
PR Best: 1.000000
PR Worst: 0.000000
PR Average: 0.585938
PR Median: 0.750000
PR Standard Deviation: 0.077046
SR: 0.375000
---- Accuracy: 0.100000 ----
---- Accuracy: 0.010000 ----
PR Best: 0.750000
PR Worst: 0.000000
PR Average: 0.312500
PR Median: 0.312500
PR Standard Deviation: 0.046959
SR: 0.000000
---- Accuracy: 0.010000 ----
---- Accuracy: 0.001000 ----
PR Best: 0.375000
PR Worst: 0.000000
PR Average: 0.121094
PR Median: 0.125000
PR Standard Deviation: 0.022788
SR: 0.000000
---- Accuracy: 0.001000 ----
---- Accuracy: 0.000100 ----
PR Best: 0.250000
PR Worst: 0.000000
PR Average: 0.054688
PR Median: 0.000000
PR Standard Deviation: 0.012472
SR: 0.000000
---- Accuracy: 0.000100 ----
---- Accuracy: 0.000010 ----
PR Best: 0.125000
PR Worst: 0.000000
PR Average: 0.007812
PR Median: 0.000000
PR Standard Deviation: 0.005434
SR: 0.000000
---- Accuracy: 0.000010 ----
--------------------- Problem 8 ---------------------

--------------------- Problem 9 ---------------------
---- Accuracy: 0.100000 ----
PR Best: 0.406250
PR Worst: 0.000000
PR Average: 0.258789
PR Median: 0.265625
PR Standard Deviation: 0.018037
SR: 0.000000
---- Accuracy: 0.100000 ----
---- Accuracy: 0.010000 ----
PR Best: 0.125000
PR Worst: 0.000000
PR Average: 0.037109
PR Median: 0.031250
PR Standard Deviation: 0.004533
SR: 0.000000
---- Accuracy: 0.010000 ----
---- Accuracy: 0.001000 ----
PR Best: 0.031250
PR Worst: 0.000000
PR Average: 0.005859
PR Median: 0.000000
PR Standard Deviation: 0.002191
SR: 0.000000
---- Accuracy: 0.001000 ----
---- Accuracy: 0.000100 ----
PR Best: 0.031250
PR Worst: 0.000000
PR Average: 0.000977
PR Median: 0.000000
PR Standard Deviation: 0.000977
SR: 0.000000
---- Accuracy: 0.000100 ----
---- Accuracy: 0.000010 ----
PR Best: 0.000000
PR Worst: 0.000000
PR Average: 0.000000
PR Median: 0.000000
PR Standard Deviation: 0.000000
SR: 0.000000
---- Accuracy: 0.000010 ----
--------------------- Problem 9 ---------------------

--------------------- Problem 10 ---------------------
---- Accuracy: 0.100000 ----
PR Best: 1.000000
PR Worst: 0.000000
PR Average: 0.753125
PR Median: 0.900000
PR Standard Deviation: 0.058885
SR: 0.375000
---- Accuracy: 0.100000 ----
---- Accuracy: 0.010000 ----
PR Best: 1.000000
PR Worst: 0.000000
PR Average: 0.753125
PR Median: 0.900000
PR Standard Deviation: 0.058885
SR: 0.375000
---- Accuracy: 0.010000 ----
---- Accuracy: 0.001000 ----
PR Best: 1.000000
PR Worst: 0.000000
PR Average: 0.746875
PR Median: 0.900000
PR Standard Deviation: 0.058541
SR: 0.375000
---- Accuracy: 0.001000 ----
---- Accuracy: 0.000100 ----
PR Best: 1.000000
PR Worst: 0.000000
PR Average: 0.625000
PR Median: 0.800000
PR Standard Deviation: 0.056082
SR: 0.031250
---- Accuracy: 0.000100 ----
---- Accuracy: 0.000010 ----
PR Best: 0.900000
PR Worst: 0.000000
PR Average: 0.534375
PR Median: 0.600000
PR Standard Deviation: 0.051315
SR: 0.000000
---- Accuracy: 0.000010 ----
--------------------- Problem 10 ---------------------

--------------------- Problem 11 ---------------------
---- Accuracy: 0.100000 ----
PR Best: 1.000000
PR Worst: 1.000000
PR Average: 1.000000
PR Median: 1.000000
PR Standard Deviation: 0.000000
SR: 1.000000
---- Accuracy: 0.100000 ----
---- Accuracy: 0.010000 ----
PR Best: 1.000000
PR Worst: 0.750000
PR Average: 0.992188
PR Median: 1.000000
PR Standard Deviation: 0.007812
SR: 0.968750
---- Accuracy: 0.010000 ----
---- Accuracy: 0.001000 ----
PR Best: 1.000000
PR Worst: 0.750000
PR Average: 0.992188
PR Median: 1.000000
PR Standard Deviation: 0.007812
SR: 0.968750
---- Accuracy: 0.001000 ----
---- Accuracy: 0.000100 ----
PR Best: 1.000000
PR Worst: 0.750000
PR Average: 0.992188
PR Median: 1.000000
PR Standard Deviation: 0.007812
SR: 0.968750
---- Accuracy: 0.000100 ----
---- Accuracy: 0.000010 ----
PR Best: 1.000000
PR Worst: 0.750000
PR Average: 0.992188
PR Median: 1.000000
PR Standard Deviation: 0.007812
SR: 0.968750
---- Accuracy: 0.000010 ----
--------------------- Problem 11 ---------------------

--------------------- Problem 12 ---------------------
---- Accuracy: 0.100000 ----
PR Best: 1.000000
PR Worst: 0.000000
PR Average: 0.773438
PR Median: 1.000000
PR Standard Deviation: 0.064835
SR: 0.625000
---- Accuracy: 0.100000 ----
---- Accuracy: 0.010000 ----
PR Best: 1.000000
PR Worst: 0.000000
PR Average: 0.773438
PR Median: 1.000000
PR Standard Deviation: 0.064835
SR: 0.625000
---- Accuracy: 0.010000 ----
---- Accuracy: 0.001000 ----
PR Best: 1.000000
PR Worst: 0.000000
PR Average: 0.773438
PR Median: 1.000000
PR Standard Deviation: 0.064835
SR: 0.625000
---- Accuracy: 0.001000 ----
---- Accuracy: 0.000100 ----
PR Best: 1.000000
PR Worst: 0.000000
PR Average: 0.773438
PR Median: 1.000000
PR Standard Deviation: 0.064835
SR: 0.625000
---- Accuracy: 0.000100 ----
---- Accuracy: 0.000010 ----
PR Best: 1.000000
PR Worst: 0.000000
PR Average: 0.773438
PR Median: 1.000000
PR Standard Deviation: 0.064835
SR: 0.625000
---- Accuracy: 0.000010 ----
--------------------- Problem 12 ---------------------

--------------------- Problem 13 ---------------------
---- Accuracy: 0.100000 ----
PR Best: 1.000000
PR Worst: 0.000000
PR Average: 0.953125
PR Median: 1.000000
PR Standard Deviation: 0.034485
SR: 0.937500
---- Accuracy: 0.100000 ----
---- Accuracy: 0.010000 ----
PR Best: 1.000000
PR Worst: 0.000000
PR Average: 0.953125
PR Median: 1.000000
PR Standard Deviation: 0.034485
SR: 0.937500
---- Accuracy: 0.010000 ----
---- Accuracy: 0.001000 ----
PR Best: 1.000000
PR Worst: 0.000000
PR Average: 0.937500
PR Median: 1.000000
PR Standard Deviation: 0.037230
SR: 0.906250
---- Accuracy: 0.001000 ----
---- Accuracy: 0.000100 ----
PR Best: 1.000000
PR Worst: 0.000000
PR Average: 0.921875
PR Median: 1.000000
PR Standard Deviation: 0.045511
SR: 0.906250
---- Accuracy: 0.000100 ----
---- Accuracy: 0.000010 ----
PR Best: 1.000000
PR Worst: 0.000000
PR Average: 0.906250
PR Median: 1.000000
PR Standard Deviation: 0.052351
SR: 0.906250
---- Accuracy: 0.000010 ----
--------------------- Problem 13 ---------------------

--------------------- Problem 14 ---------------------
---- Accuracy: 0.100000 ----
PR Best: 1.000000
PR Worst: 0.000000
PR Average: 0.865625
PR Median: 1.000000
PR Standard Deviation: 0.056904
SR: 0.843750
---- Accuracy: 0.100000 ----
---- Accuracy: 0.010000 ----
PR Best: 1.000000
PR Worst: 0.000000
PR Average: 0.853125
PR Median: 1.000000
PR Standard Deviation: 0.057674
SR: 0.781250
---- Accuracy: 0.010000 ----
---- Accuracy: 0.001000 ----
PR Best: 1.000000
PR Worst: 0.000000
PR Average: 0.787500
PR Median: 1.000000
PR Standard Deviation: 0.061688
SR: 0.593750
---- Accuracy: 0.001000 ----
---- Accuracy: 0.000100 ----
PR Best: 1.000000
PR Worst: 0.000000
PR Average: 0.762500
PR Median: 1.000000
PR Standard Deviation: 0.063777
SR: 0.562500
---- Accuracy: 0.000100 ----
---- Accuracy: 0.000010 ----
PR Best: 1.000000
PR Worst: 0.000000
PR Average: 0.756250
PR Median: 1.000000
PR Standard Deviation: 0.063331
SR: 0.531250
---- Accuracy: 0.000010 ----
--------------------- Problem 14 ---------------------

--------------------- Problem 15 ---------------------
---- Accuracy: 0.100000 ----
PR Best: 1.000000
PR Worst: 0.000000
PR Average: 0.855469
PR Median: 1.000000
PR Standard Deviation: 0.058088
SR: 0.812500
---- Accuracy: 0.100000 ----
---- Accuracy: 0.010000 ----
PR Best: 1.000000
PR Worst: 0.000000
PR Average: 0.804688
PR Median: 1.000000
PR Standard Deviation: 0.062232
SR: 0.687500
---- Accuracy: 0.010000 ----
---- Accuracy: 0.001000 ----
PR Best: 0.875000
PR Worst: 0.000000
PR Average: 0.539062
PR Median: 0.562500
PR Standard Deviation: 0.055686
SR: 0.000000
---- Accuracy: 0.001000 ----
---- Accuracy: 0.000100 ----
PR Best: 0.625000
PR Worst: 0.000000
PR Average: 0.269531
PR Median: 0.250000
PR Standard Deviation: 0.033727
SR: 0.000000
---- Accuracy: 0.000100 ----
---- Accuracy: 0.000010 ----
PR Best: 0.375000
PR Worst: 0.000000
PR Average: 0.125000
PR Median: 0.125000
PR Standard Deviation: 0.020237
SR: 0.000000
---- Accuracy: 0.000010 ----
--------------------- Problem 15 ---------------------

--------------------- Problem 16 ---------------------
---- Accuracy: 0.100000 ----
PR Best: 1.000000
PR Worst: 0.000000
PR Average: 0.679687
PR Median: 0.812500
PR Standard Deviation: 0.062428
SR: 0.343750
---- Accuracy: 0.100000 ----
---- Accuracy: 0.010000 ----
PR Best: 0.791667
PR Worst: 0.000000
PR Average: 0.395833
PR Median: 0.416667
PR Standard Deviation: 0.046397
SR: 0.000000
---- Accuracy: 0.010000 ----
---- Accuracy: 0.001000 ----
PR Best: 0.458333
PR Worst: 0.000000
PR Average: 0.182292
PR Median: 0.166667
PR Standard Deviation: 0.024873
SR: 0.000000
---- Accuracy: 0.001000 ----
---- Accuracy: 0.000100 ----
PR Best: 0.166667
PR Worst: 0.000000
PR Average: 0.067708
PR Median: 0.041667
PR Standard Deviation: 0.010869
SR: 0.000000
---- Accuracy: 0.000100 ----
---- Accuracy: 0.000010 ----
PR Best: 0.083333
PR Worst: 0.000000
PR Average: 0.026042
PR Median: 0.041667
PR Standard Deviation: 0.004486
SR: 0.000000
---- Accuracy: 0.000010 ----
--------------------- Problem 16 ---------------------

--------------------- Problem 17 ---------------------
---- Accuracy: 0.100000 ----
PR Best: 1.000000
PR Worst: 0.000000
PR Average: 0.738281
PR Median: 0.937500
PR Standard Deviation: 0.064450
SR: 0.437500
---- Accuracy: 0.100000 ----
---- Accuracy: 0.010000 ----
PR Best: 0.875000
PR Worst: 0.000000
PR Average: 0.394531
PR Median: 0.437500
PR Standard Deviation: 0.046150
SR: 0.000000
---- Accuracy: 0.010000 ----
---- Accuracy: 0.001000 ----
PR Best: 0.250000
PR Worst: 0.000000
PR Average: 0.093750
PR Median: 0.062500
PR Standard Deviation: 0.015371
SR: 0.000000
---- Accuracy: 0.001000 ----
---- Accuracy: 0.000100 ----
PR Best: 0.125000
PR Worst: 0.000000
PR Average: 0.009766
PR Median: 0.000000
PR Standard Deviation: 0.004949
SR: 0.000000
---- Accuracy: 0.000100 ----
---- Accuracy: 0.000010 ----
PR Best: 0.062500
PR Worst: 0.000000
PR Average: 0.003906
PR Median: 0.000000
PR Standard Deviation: 0.002717
SR: 0.000000
---- Accuracy: 0.000010 ----
--------------------- Problem 17 ---------------------

--------------------- Problem 18 ---------------------
---- Accuracy: 0.100000 ----
PR Best: 0.296875
PR Worst: 0.000000
PR Average: 0.158203
PR Median: 0.203125
PR Standard Deviation: 0.016717
SR: 0.000000
---- Accuracy: 0.100000 ----
---- Accuracy: 0.010000 ----
PR Best: 0.078125
PR Worst: 0.000000
PR Average: 0.020020
PR Median: 0.015625
PR Standard Deviation: 0.003454
SR: 0.000000
---- Accuracy: 0.010000 ----
---- Accuracy: 0.001000 ----
PR Best: 0.015625
PR Worst: 0.000000
PR Average: 0.000977
PR Median: 0.000000
PR Standard Deviation: 0.000679
SR: 0.000000
---- Accuracy: 0.001000 ----
---- Accuracy: 0.000100 ----
PR Best: 0.000000
PR Worst: 0.000000
PR Average: 0.000000
PR Median: 0.000000
PR Standard Deviation: 0.000000
SR: 0.000000
---- Accuracy: 0.000100 ----
---- Accuracy: 0.000010 ----
PR Best: 0.000000
PR Worst: 0.000000
PR Average: 0.000000
PR Median: 0.000000
PR Standard Deviation: 0.000000
SR: 0.000000
---- Accuracy: 0.000010 ----
--------------------- Problem 18 ---------------------

--------------------- Stats ---------------------
Problem: 1, Average Peak Ratio: 0.828125
Problem: 2, Average Peak Ratio: 0.678125
Problem: 3, Average Peak Ratio: 0.542188
Problem: 4, Average Peak Ratio: 0.818750
Problem: 5, Average Peak Ratio: 0.604688
Problem: 6, Average Peak Ratio: 0.119922
Problem: 7, Average Peak Ratio: 0.509375
Problem: 8, Average Peak Ratio: 0.216406
Problem: 9, Average Peak Ratio: 0.060547
Problem: 10, Average Peak Ratio: 0.682500
Problem: 11, Average Peak Ratio: 0.993750
Problem: 12, Average Peak Ratio: 0.773438
Problem: 13, Average Peak Ratio: 0.934375
Problem: 14, Average Peak Ratio: 0.805000
Problem: 15, Average Peak Ratio: 0.518750
Problem: 16, Average Peak Ratio: 0.270312
Problem: 17, Average Peak Ratio: 0.248047
Problem: 18, Average Peak Ratio: 0.035840
Overall Average Peak Ratio: 0.535563
Accuracy: 0.100000, Average Peak Ratio: 0.659863
Accuracy: 0.010000, Average Peak Ratio: 0.582283
Accuracy: 0.001000, Average Peak Ratio: 0.517191
Accuracy: 0.000100, Average Peak Ratio: 0.472501
Accuracy: 0.000010, Average Peak Ratio: 0.445978
Accuracy: 0.100000, Average Success Ratio: 0.508681
Accuracy: 0.010000, Average Success Ratio: 0.428819
Accuracy: 0.001000, Average Success Ratio: 0.373264
Accuracy: 0.000100, Average Success Ratio: 0.342014
Accuracy: 0.000010, Average Success Ratio: 0.328125
--------------------- Stats ---------------------
