--------------------- Problem 1 ---------------------
---- Accuracy: 0.100000 ----
PR Best: 1.000000
PR Worst: 1.000000
PR Average: 1.000000
PR Median: 1.000000
PR Standard Deviation: 0.000000
SR: 1.000000
---- Accuracy: 0.100000 ----
---- Accuracy: 0.010000 ----
PR Best: 1.000000
PR Worst: 1.000000
PR Average: 1.000000
PR Median: 1.000000
PR Standard Deviation: 0.000000
SR: 1.000000
---- Accuracy: 0.010000 ----
---- Accuracy: 0.001000 ----
PR Best: 1.000000
PR Worst: 1.000000
PR Average: 1.000000
PR Median: 1.000000
PR Standard Deviation: 0.000000
SR: 1.000000
---- Accuracy: 0.001000 ----
---- Accuracy: 0.000100 ----
PR Best: 1.000000
PR Worst: 1.000000
PR Average: 1.000000
PR Median: 1.000000
PR Standard Deviation: 0.000000
SR: 1.000000
---- Accuracy: 0.000100 ----
---- Accuracy: 0.000010 ----
PR Best: 1.000000
PR Worst: 1.000000
PR Average: 1.000000
PR Median: 1.000000
PR Standard Deviation: 0.000000
SR: 1.000000
---- Accuracy: 0.000010 ----
--------------------- Problem 1 ---------------------

--------------------- Problem 2 ---------------------
---- Accuracy: 0.100000 ----
PR Best: 1.000000
PR Worst: 1.000000
PR Average: 1.000000
PR Median: 1.000000
PR Standard Deviation: 0.000000
SR: 1.000000
---- Accuracy: 0.100000 ----
---- Accuracy: 0.010000 ----
PR Best: 1.000000
PR Worst: 1.000000
PR Average: 1.000000
PR Median: 1.000000
PR Standard Deviation: 0.000000
SR: 1.000000
---- Accuracy: 0.010000 ----
---- Accuracy: 0.001000 ----
PR Best: 1.000000
PR Worst: 1.000000
PR Average: 1.000000
PR Median: 1.000000
PR Standard Deviation: 0.000000
SR: 1.000000
---- Accuracy: 0.001000 ----
---- Accuracy: 0.000100 ----
PR Best: 1.000000
PR Worst: 1.000000
PR Average: 1.000000
PR Median: 1.000000
PR Standard Deviation: 0.000000
SR: 1.000000
---- Accuracy: 0.000100 ----
---- Accuracy: 0.000010 ----
PR Best: 1.000000
PR Worst: 1.000000
PR Average: 1.000000
PR Median: 1.000000
PR Standard Deviation: 0.000000
SR: 1.000000
---- Accuracy: 0.000010 ----
--------------------- Problem 2 ---------------------

--------------------- Problem 3 ---------------------
---- Accuracy: 0.100000 ----
PR Best: 1.000000
PR Worst: 1.000000
PR Average: 1.000000
PR Median: 1.000000
PR Standard Deviation: 0.000000
SR: 1.000000
---- Accuracy: 0.100000 ----
---- Accuracy: 0.010000 ----
PR Best: 1.000000
PR Worst: 1.000000
PR Average: 1.000000
PR Median: 1.000000
PR Standard Deviation: 0.000000
SR: 1.000000
---- Accuracy: 0.010000 ----
---- Accuracy: 0.001000 ----
PR Best: 1.000000
PR Worst: 1.000000
PR Average: 1.000000
PR Median: 1.000000
PR Standard Deviation: 0.000000
SR: 1.000000
---- Accuracy: 0.001000 ----
---- Accuracy: 0.000100 ----
PR Best: 1.000000
PR Worst: 1.000000
PR Average: 1.000000
PR Median: 1.000000
PR Standard Deviation: 0.000000
SR: 1.000000
---- Accuracy: 0.000100 ----
---- Accuracy: 0.000010 ----
PR Best: 1.000000
PR Worst: 1.000000
PR Average: 1.000000
PR Median: 1.000000
PR Standard Deviation: 0.000000
SR: 1.000000
---- Accuracy: 0.000010 ----
--------------------- Problem 3 ---------------------

--------------------- Problem 4 ---------------------
---- Accuracy: 0.100000 ----
PR Best: 1.000000
PR Worst: 1.000000
PR Average: 1.000000
PR Median: 1.000000
PR Standard Deviation: 0.000000
SR: 1.000000
---- Accuracy: 0.100000 ----
---- Accuracy: 0.010000 ----
PR Best: 1.000000
PR Worst: 1.000000
PR Average: 1.000000
PR Median: 1.000000
PR Standard Deviation: 0.000000
SR: 1.000000
---- Accuracy: 0.010000 ----
---- Accuracy: 0.001000 ----
PR Best: 1.000000
PR Worst: 1.000000
PR Average: 1.000000
PR Median: 1.000000
PR Standard Deviation: 0.000000
SR: 1.000000
---- Accuracy: 0.001000 ----
---- Accuracy: 0.000100 ----
PR Best: 1.000000
PR Worst: 1.000000
PR Average: 1.000000
PR Median: 1.000000
PR Standard Deviation: 0.000000
SR: 1.000000
---- Accuracy: 0.000100 ----
---- Accuracy: 0.000010 ----
PR Best: 1.000000
PR Worst: 1.000000
PR Average: 1.000000
PR Median: 1.000000
PR Standard Deviation: 0.000000
SR: 1.000000
---- Accuracy: 0.000010 ----
--------------------- Problem 4 ---------------------

--------------------- Problem 5 ---------------------
---- Accuracy: 0.100000 ----
PR Best: 1.000000
PR Worst: 0.750000
PR Average: 0.937500
PR Median: 1.000000
PR Standard Deviation: 0.012550
SR: 0.531250
---- Accuracy: 0.100000 ----
---- Accuracy: 0.010000 ----
PR Best: 1.000000
PR Worst: 0.750000
PR Average: 0.937500
PR Median: 1.000000
PR Standard Deviation: 0.012550
SR: 0.531250
---- Accuracy: 0.010000 ----
---- Accuracy: 0.001000 ----
PR Best: 1.000000
PR Worst: 0.750000
PR Average: 0.937500
PR Median: 1.000000
PR Standard Deviation: 0.012550
SR: 0.531250
---- Accuracy: 0.001000 ----
---- Accuracy: 0.000100 ----
PR Best: 1.000000
PR Worst: 0.750000
PR Average: 0.937500
PR Median: 1.000000
PR Standard Deviation: 0.012550
SR: 0.531250
---- Accuracy: 0.000100 ----
---- Accuracy: 0.000010 ----
PR Best: 1.000000
PR Worst: 0.750000
PR Average: 0.937500
PR Median: 1.000000
PR Standard Deviation: 0.012550
SR: 0.531250
---- Accuracy: 0.000010 ----
--------------------- Problem 5 ---------------------

--------------------- Problem 6 ---------------------
---- Accuracy: 0.100000 ----
PR Best: 0.593750
PR Worst: 0.375000
PR Average: 0.507812
PR Median: 0.515625
PR Standard Deviation: 0.007938
SR: 0.000000
---- Accuracy: 0.100000 ----
---- Accuracy: 0.010000 ----
PR Best: 0.562500
PR Worst: 0.375000
PR Average: 0.488281
PR Median: 0.500000
PR Standard Deviation: 0.006392
SR: 0.000000
---- Accuracy: 0.010000 ----
---- Accuracy: 0.001000 ----
PR Best: 0.562500
PR Worst: 0.375000
PR Average: 0.486328
PR Median: 0.500000
PR Standard Deviation: 0.006265
SR: 0.000000
---- Accuracy: 0.001000 ----
---- Accuracy: 0.000100 ----
PR Best: 0.562500
PR Worst: 0.375000
PR Average: 0.486328
PR Median: 0.500000
PR Standard Deviation: 0.006265
SR: 0.000000
---- Accuracy: 0.000100 ----
---- Accuracy: 0.000010 ----
PR Best: 0.562500
PR Worst: 0.375000
PR Average: 0.486328
PR Median: 0.500000
PR Standard Deviation: 0.006265
SR: 0.000000
---- Accuracy: 0.000010 ----
--------------------- Problem 6 ---------------------

--------------------- Problem 7 ---------------------
---- Accuracy: 0.100000 ----
PR Best: 1.000000
PR Worst: 1.000000
PR Average: 1.000000
PR Median: 1.000000
PR Standard Deviation: 0.000000
SR: 1.000000
---- Accuracy: 0.100000 ----
---- Accuracy: 0.010000 ----
PR Best: 1.000000
PR Worst: 1.000000
PR Average: 1.000000
PR Median: 1.000000
PR Standard Deviation: 0.000000
SR: 1.000000
---- Accuracy: 0.010000 ----
---- Accuracy: 0.001000 ----
PR Best: 1.000000
PR Worst: 1.000000
PR Average: 1.000000
PR Median: 1.000000
PR Standard Deviation: 0.000000
SR: 1.000000
---- Accuracy: 0.001000 ----
---- Accuracy: 0.000100 ----
PR Best: 1.000000
PR Worst: 1.000000
PR Average: 1.000000
PR Median: 1.000000
PR Standard Deviation: 0.000000
SR: 1.000000
---- Accuracy: 0.000100 ----
---- Accuracy: 0.000010 ----
PR Best: 1.000000
PR Worst: 1.000000
PR Average: 1.000000
PR Median: 1.000000
PR Standard Deviation: 0.000000
SR: 1.000000
---- Accuracy: 0.000010 ----
--------------------- Problem 7 ---------------------

--------------------- Problem 8 ---------------------
---- Accuracy: 0.100000 ----
PR Best: 1.000000
PR Worst: 0.750000
PR Average: 0.886719
PR Median: 0.875000
PR Standard Deviation: 0.018917
SR: 0.406250
---- Accuracy: 0.100000 ----
---- Accuracy: 0.010000 ----
PR Best: 1.000000
PR Worst: 0.750000
PR Average: 0.867188
PR Median: 0.875000
PR Standard Deviation: 0.016779
SR: 0.250000
---- Accuracy: 0.010000 ----
---- Accuracy: 0.001000 ----
PR Best: 1.000000
PR Worst: 0.500000
PR Average: 0.843750
PR Median: 0.875000
PR Standard Deviation: 0.021001
SR: 0.250000
---- Accuracy: 0.001000 ----
---- Accuracy: 0.000100 ----
PR Best: 1.000000
PR Worst: 0.500000
PR Average: 0.808594
PR Median: 0.750000
PR Standard Deviation: 0.021726
SR: 0.187500
---- Accuracy: 0.000100 ----
---- Accuracy: 0.000010 ----
PR Best: 1.000000
PR Worst: 0.375000
PR Average: 0.750000
PR Median: 0.750000
PR Standard Deviation: 0.022451
SR: 0.062500
---- Accuracy: 0.000010 ----
--------------------- Problem 8 ---------------------

--------------------- Problem 9 ---------------------
---- Accuracy: 0.100000 ----
PR Best: 0.562500
PR Worst: 0.343750
PR Average: 0.460938
PR Median: 0.468750
PR Standard Deviation: 0.011049
SR: 0.000000
---- Accuracy: 0.100000 ----
---- Accuracy: 0.010000 ----
PR Best: 0.375000
PR Worst: 0.156250
PR Average: 0.288086
PR Median: 0.296875
PR Standard Deviation: 0.010845
SR: 0.000000
---- Accuracy: 0.010000 ----
---- Accuracy: 0.001000 ----
PR Best: 0.281250
PR Worst: 0.093750
PR Average: 0.156250
PR Median: 0.140625
PR Standard Deviation: 0.009308
SR: 0.000000
---- Accuracy: 0.001000 ----
---- Accuracy: 0.000100 ----
PR Best: 0.125000
PR Worst: 0.000000
PR Average: 0.066406
PR Median: 0.062500
PR Standard Deviation: 0.006544
SR: 0.000000
---- Accuracy: 0.000100 ----
---- Accuracy: 0.000010 ----
PR Best: 0.093750
PR Worst: 0.000000
PR Average: 0.020508
PR Median: 0.031250
PR Standard Deviation: 0.004117
SR: 0.000000
---- Accuracy: 0.000010 ----
--------------------- Problem 9 ---------------------

--------------------- Problem 10 ---------------------
---- Accuracy: 0.100000 ----
PR Best: 1.000000
PR Worst: 1.000000
PR Average: 1.000000
PR Median: 1.000000
PR Standard Deviation: 0.000000
SR: 1.000000
---- Accuracy: 0.100000 ----
---- Accuracy: 0.010000 ----
PR Best: 1.000000
PR Worst: 1.000000
PR Average: 1.000000
PR Median: 1.000000
PR Standard Deviation: 0.000000
SR: 1.000000
---- Accuracy: 0.010000 ----
---- Accuracy: 0.001000 ----
PR Best: 1.000000
PR Worst: 1.000000
PR Average: 1.000000
PR Median: 1.000000
PR Standard Deviation: 0.000000
SR: 1.000000
---- Accuracy: 0.001000 ----
---- Accuracy: 0.000100 ----
PR Best: 1.000000
PR Worst: 0.800000
PR Average: 0.943750
PR Median: 1.000000
PR Standard Deviation: 0.014155
SR: 0.625000
---- Accuracy: 0.000100 ----
---- Accuracy: 0.000010 ----
PR Best: 1.000000
PR Worst: 0.700000
PR Average: 0.881250
PR Median: 0.900000
PR Standard Deviation: 0.010470
SR: 0.062500
---- Accuracy: 0.000010 ----
--------------------- Problem 10 ---------------------

--------------------- Problem 11 ---------------------
---- Accuracy: 0.100000 ----
PR Best: 1.000000
PR Worst: 1.000000
PR Average: 1.000000
PR Median: 1.000000
PR Standard Deviation: 0.000000
SR: 1.000000
---- Accuracy: 0.100000 ----
---- Accuracy: 0.010000 ----
PR Best: 1.000000
PR Worst: 1.000000
PR Average: 1.000000
PR Median: 1.000000
PR Standard Deviation: 0.000000
SR: 1.000000
---- Accuracy: 0.010000 ----
---- Accuracy: 0.001000 ----
PR Best: 1.000000
PR Worst: 1.000000
PR Average: 1.000000
PR Median: 1.000000
PR Standard Deviation: 0.000000
SR: 1.000000
---- Accuracy: 0.001000 ----
---- Accuracy: 0.000100 ----
PR Best: 1.000000
PR Worst: 1.000000
PR Average: 1.000000
PR Median: 1.000000
PR Standard Deviation: 0.000000
SR: 1.000000
---- Accuracy: 0.000100 ----
---- Accuracy: 0.000010 ----
PR Best: 1.000000
PR Worst: 1.000000
PR Average: 1.000000
PR Median: 1.000000
PR Standard Deviation: 0.000000
SR: 1.000000
---- Accuracy: 0.000010 ----
--------------------- Problem 11 ---------------------

--------------------- Problem 12 ---------------------
---- Accuracy: 0.100000 ----
PR Best: 1.000000
PR Worst: 1.000000
PR Average: 1.000000
PR Median: 1.000000
PR Standard Deviation: 0.000000
SR: 1.000000
---- Accuracy: 0.100000 ----
---- Accuracy: 0.010000 ----
PR Best: 1.000000
PR Worst: 1.000000
PR Average: 1.000000
PR Median: 1.000000
PR Standard Deviation: 0.000000
SR: 1.000000
---- Accuracy: 0.010000 ----
---- Accuracy: 0.001000 ----
PR Best: 1.000000
PR Worst: 1.000000
PR Average: 1.000000
PR Median: 1.000000
PR Standard Deviation: 0.000000
SR: 1.000000
---- Accuracy: 0.001000 ----
---- Accuracy: 0.000100 ----
PR Best: 1.000000
PR Worst: 1.000000
PR Average: 1.000000
PR Median: 1.000000
PR Standard Deviation: 0.000000
SR: 1.000000
---- Accuracy: 0.000100 ----
---- Accuracy: 0.000010 ----
PR Best: 1.000000
PR Worst: 1.000000
PR Average: 1.000000
PR Median: 1.000000
PR Standard Deviation: 0.000000
SR: 1.000000
---- Accuracy: 0.000010 ----
--------------------- Problem 12 ---------------------

--------------------- Problem 13 ---------------------
---- Accuracy: 0.100000 ----
PR Best: 1.000000
PR Worst: 1.000000
PR Average: 1.000000
PR Median: 1.000000
PR Standard Deviation: 0.000000
SR: 1.000000
---- Accuracy: 0.100000 ----
---- Accuracy: 0.010000 ----
PR Best: 1.000000
PR Worst: 1.000000
PR Average: 1.000000
PR Median: 1.000000
PR Standard Deviation: 0.000000
SR: 1.000000
---- Accuracy: 0.010000 ----
---- Accuracy: 0.001000 ----
PR Best: 1.000000
PR Worst: 1.000000
PR Average: 1.000000
PR Median: 1.000000
PR Standard Deviation: 0.000000
SR: 1.000000
---- Accuracy: 0.001000 ----
---- Accuracy: 0.000100 ----
PR Best: 1.000000
PR Worst: 1.000000
PR Average: 1.000000
PR Median: 1.000000
PR Standard Deviation: 0.000000
SR: 1.000000
---- Accuracy: 0.000100 ----
---- Accuracy: 0.000010 ----
PR Best: 1.000000
PR Worst: 1.000000
PR Average: 1.000000
PR Median: 1.000000
PR Standard Deviation: 0.000000
SR: 1.000000
---- Accuracy: 0.000010 ----
--------------------- Problem 13 ---------------------

--------------------- Problem 14 ---------------------
---- Accuracy: 0.100000 ----
PR Best: 1.000000
PR Worst: 1.000000
PR Average: 1.000000
PR Median: 1.000000
PR Standard Deviation: 0.000000
SR: 1.000000
---- Accuracy: 0.100000 ----
---- Accuracy: 0.010000 ----
PR Best: 1.000000
PR Worst: 1.000000
PR Average: 1.000000
PR Median: 1.000000
PR Standard Deviation: 0.000000
SR: 1.000000
---- Accuracy: 0.010000 ----
---- Accuracy: 0.001000 ----
PR Best: 1.000000
PR Worst: 0.700000
PR Average: 0.943750
PR Median: 1.000000
PR Standard Deviation: 0.014155
SR: 0.593750
---- Accuracy: 0.001000 ----
---- Accuracy: 0.000100 ----
PR Best: 1.000000
PR Worst: 0.700000
PR Average: 0.853125
PR Median: 0.850000
PR Standard Deviation: 0.013459
SR: 0.093750
---- Accuracy: 0.000100 ----
---- Accuracy: 0.000010 ----
PR Best: 1.000000
PR Worst: 0.700000
PR Average: 0.853125
PR Median: 0.850000
PR Standard Deviation: 0.013459
SR: 0.093750
---- Accuracy: 0.000010 ----
--------------------- Problem 14 ---------------------

--------------------- Problem 15 ---------------------
---- Accuracy: 0.100000 ----
PR Best: 1.000000
PR Worst: 0.750000
PR Average: 0.980469
PR Median: 1.000000
PR Standard Deviation: 0.009897
SR: 0.875000
---- Accuracy: 0.100000 ----
---- Accuracy: 0.010000 ----
PR Best: 1.000000
PR Worst: 0.750000
PR Average: 0.957031
PR Median: 1.000000
PR Standard Deviation: 0.013293
SR: 0.718750
---- Accuracy: 0.010000 ----
---- Accuracy: 0.001000 ----
PR Best: 1.000000
PR Worst: 0.625000
PR Average: 0.859375
PR Median: 0.875000
PR Standard Deviation: 0.015625
SR: 0.156250
---- Accuracy: 0.001000 ----
---- Accuracy: 0.000100 ----
PR Best: 1.000000
PR Worst: 0.500000
PR Average: 0.699219
PR Median: 0.687500
PR Standard Deviation: 0.020895
SR: 0.031250
---- Accuracy: 0.000100 ----
---- Accuracy: 0.000010 ----
PR Best: 0.625000
PR Worst: 0.125000
PR Average: 0.421875
PR Median: 0.437500
PR Standard Deviation: 0.030613
SR: 0.000000
---- Accuracy: 0.000010 ----
--------------------- Problem 15 ---------------------

--------------------- Problem 16 ---------------------
---- Accuracy: 0.100000 ----
PR Best: 1.000000
PR Worst: 0.666667
PR Average: 0.855469
PR Median: 0.854167
PR Standard Deviation: 0.014246
SR: 0.093750
---- Accuracy: 0.100000 ----
---- Accuracy: 0.010000 ----
PR Best: 0.750000
PR Worst: 0.458333
PR Average: 0.567708
PR Median: 0.541667
PR Standard Deviation: 0.014218
SR: 0.000000
---- Accuracy: 0.010000 ----
---- Accuracy: 0.001000 ----
PR Best: 0.583333
PR Worst: 0.333333
PR Average: 0.421875
PR Median: 0.416667
PR Standard Deviation: 0.011796
SR: 0.000000
---- Accuracy: 0.001000 ----
---- Accuracy: 0.000100 ----
PR Best: 0.458333
PR Worst: 0.166667
PR Average: 0.295573
PR Median: 0.250000
PR Standard Deviation: 0.012032
SR: 0.000000
---- Accuracy: 0.000100 ----
---- Accuracy: 0.000010 ----
PR Best: 0.333333
PR Worst: 0.000000
PR Average: 0.106771
PR Median: 0.125000
PR Standard Deviation: 0.014960
SR: 0.000000
---- Accuracy: 0.000010 ----
--------------------- Problem 16 ---------------------

--------------------- Problem 17 ---------------------
---- Accuracy: 0.100000 ----
PR Best: 0.750000
PR Worst: 0.375000
PR Average: 0.574219
PR Median: 0.562500
PR Standard Deviation: 0.020706
SR: 0.000000
---- Accuracy: 0.100000 ----
---- Accuracy: 0.010000 ----
PR Best: 0.625000
PR Worst: 0.250000
PR Average: 0.423828
PR Median: 0.375000
PR Standard Deviation: 0.017009
SR: 0.000000
---- Accuracy: 0.010000 ----
---- Accuracy: 0.001000 ----
PR Best: 0.437500
PR Worst: 0.125000
PR Average: 0.300781
PR Median: 0.312500
PR Standard Deviation: 0.012050
SR: 0.000000
---- Accuracy: 0.001000 ----
---- Accuracy: 0.000100 ----
PR Best: 0.250000
PR Worst: 0.000000
PR Average: 0.111328
PR Median: 0.125000
PR Standard Deviation: 0.010400
SR: 0.000000
---- Accuracy: 0.000100 ----
---- Accuracy: 0.000010 ----
PR Best: 0.062500
PR Worst: 0.000000
PR Average: 0.029297
PR Median: 0.000000
PR Standard Deviation: 0.005602
SR: 0.000000
---- Accuracy: 0.000010 ----
--------------------- Problem 17 ---------------------

--------------------- Problem 18 ---------------------
---- Accuracy: 0.100000 ----
PR Best: 0.109375
PR Worst: 0.031250
PR Average: 0.053223
PR Median: 0.046875
PR Standard Deviation: 0.003427
SR: 0.000000
---- Accuracy: 0.100000 ----
---- Accuracy: 0.010000 ----
PR Best: 0.062500
PR Worst: 0.015625
PR Average: 0.032715
PR Median: 0.031250
PR Standard Deviation: 0.002146
SR: 0.000000
---- Accuracy: 0.010000 ----
---- Accuracy: 0.001000 ----
PR Best: 0.031250
PR Worst: 0.000000
PR Average: 0.008301
PR Median: 0.000000
PR Standard Deviation: 0.002103
SR: 0.000000
---- Accuracy: 0.001000 ----
---- Accuracy: 0.000100 ----
PR Best: 0.015625
PR Worst: 0.000000
PR Average: 0.000977
PR Median: 0.000000
PR Standard Deviation: 0.000679
SR: 0.000000
---- Accuracy: 0.000100 ----
---- Accuracy: 0.000010 ----
PR Best: 0.000000
PR Worst: 0.000000
PR Average: 0.000000
PR Median: 0.000000
PR Standard Deviation: 0.000000
SR: 0.000000
---- Accuracy: 0.000010 ----
--------------------- Problem 18 ---------------------

--------------------- Stats ---------------------
Problem: 1, Average Peak Ratio: 1.000000
Problem: 2, Average Peak Ratio: 1.000000
Problem: 3, Average Peak Ratio: 1.000000
Problem: 4, Average Peak Ratio: 1.000000
Problem: 5, Average Peak Ratio: 0.937500
Problem: 6, Average Peak Ratio: 0.491016
Problem: 7, Average Peak Ratio: 1.000000
Problem: 8, Average Peak Ratio: 0.831250
Problem: 9, Average Peak Ratio: 0.198437
Problem: 10, Average Peak Ratio: 0.965000
Problem: 11, Average Peak Ratio: 1.000000
Problem: 12, Average Peak Ratio: 1.000000
Problem: 13, Average Peak Ratio: 1.000000
Problem: 14, Average Peak Ratio: 0.930000
Problem: 15, Average Peak Ratio: 0.783594
Problem: 16, Average Peak Ratio: 0.449479
Problem: 17, Average Peak Ratio: 0.287891
Problem: 18, Average Peak Ratio: 0.019043
Overall Average Peak Ratio: 0.771845
Accuracy: 0.100000, Average Peak Ratio: 0.847575
Accuracy: 0.010000, Average Peak Ratio: 0.809019
Accuracy: 0.001000, Average Peak Ratio: 0.775439
Accuracy: 0.000100, Average Peak Ratio: 0.733489
Accuracy: 0.000010, Average Peak Ratio: 0.693703
Accuracy: 0.100000, Average Success Ratio: 0.661458
Accuracy: 0.010000, Average Success Ratio: 0.638889
Accuracy: 0.001000, Average Success Ratio: 0.585069
Accuracy: 0.000100, Average Success Ratio: 0.526042
Accuracy: 0.000010, Average Success Ratio: 0.486111
--------------------- Stats ---------------------
