--------------------- Problem 1 ---------------------
---- Accuracy: 0.100000 ----
PR Best: 1.000000
PR Worst: 1.000000
PR Average: 1.000000
PR Median: 1.000000
PR Standard Deviation: 0.000000
SR: 1.000000
---- Accuracy: 0.100000 ----
---- Accuracy: 0.010000 ----
PR Best: 1.000000
PR Worst: 1.000000
PR Average: 1.000000
PR Median: 1.000000
PR Standard Deviation: 0.000000
SR: 1.000000
---- Accuracy: 0.010000 ----
---- Accuracy: 0.001000 ----
PR Best: 1.000000
PR Worst: 1.000000
PR Average: 1.000000
PR Median: 1.000000
PR Standard Deviation: 0.000000
SR: 1.000000
---- Accuracy: 0.001000 ----
---- Accuracy: 0.000100 ----
PR Best: 1.000000
PR Worst: 1.000000
PR Average: 1.000000
PR Median: 1.000000
PR Standard Deviation: 0.000000
SR: 1.000000
---- Accuracy: 0.000100 ----
---- Accuracy: 0.000010 ----
PR Best: 1.000000
PR Worst: 1.000000
PR Average: 1.000000
PR Median: 1.000000
PR Standard Deviation: 0.000000
SR: 1.000000
---- Accuracy: 0.000010 ----
--------------------- Problem 1 ---------------------

--------------------- Problem 2 ---------------------
---- Accuracy: 0.100000 ----
PR Best: 1.000000
PR Worst: 1.000000
PR Average: 1.000000
PR Median: 1.000000
PR Standard Deviation: 0.000000
SR: 1.000000
---- Accuracy: 0.100000 ----
---- Accuracy: 0.010000 ----
PR Best: 1.000000
PR Worst: 1.000000
PR Average: 1.000000
PR Median: 1.000000
PR Standard Deviation: 0.000000
SR: 1.000000
---- Accuracy: 0.010000 ----
---- Accuracy: 0.001000 ----
PR Best: 1.000000
PR Worst: 1.000000
PR Average: 1.000000
PR Median: 1.000000
PR Standard Deviation: 0.000000
SR: 1.000000
---- Accuracy: 0.001000 ----
---- Accuracy: 0.000100 ----
PR Best: 1.000000
PR Worst: 1.000000
PR Average: 1.000000
PR Median: 1.000000
PR Standard Deviation: 0.000000
SR: 1.000000
---- Accuracy: 0.000100 ----
---- Accuracy: 0.000010 ----
PR Best: 1.000000
PR Worst: 1.000000
PR Average: 1.000000
PR Median: 1.000000
PR Standard Deviation: 0.000000
SR: 1.000000
---- Accuracy: 0.000010 ----
--------------------- Problem 2 ---------------------

--------------------- Problem 3 ---------------------
---- Accuracy: 0.100000 ----
PR Best: 1.000000
PR Worst: 1.000000
PR Average: 1.000000
PR Median: 1.000000
PR Standard Deviation: 0.000000
SR: 1.000000
---- Accuracy: 0.100000 ----
---- Accuracy: 0.010000 ----
PR Best: 1.000000
PR Worst: 1.000000
PR Average: 1.000000
PR Median: 1.000000
PR Standard Deviation: 0.000000
SR: 1.000000
---- Accuracy: 0.010000 ----
---- Accuracy: 0.001000 ----
PR Best: 1.000000
PR Worst: 1.000000
PR Average: 1.000000
PR Median: 1.000000
PR Standard Deviation: 0.000000
SR: 1.000000
---- Accuracy: 0.001000 ----
---- Accuracy: 0.000100 ----
PR Best: 1.000000
PR Worst: 1.000000
PR Average: 1.000000
PR Median: 1.000000
PR Standard Deviation: 0.000000
SR: 1.000000
---- Accuracy: 0.000100 ----
---- Accuracy: 0.000010 ----
PR Best: 1.000000
PR Worst: 1.000000
PR Average: 1.000000
PR Median: 1.000000
PR Standard Deviation: 0.000000
SR: 1.000000
---- Accuracy: 0.000010 ----
--------------------- Problem 3 ---------------------

--------------------- Problem 4 ---------------------
---- Accuracy: 0.100000 ----
PR Best: 1.000000
PR Worst: 1.000000
PR Average: 1.000000
PR Median: 1.000000
PR Standard Deviation: 0.000000
SR: 1.000000
---- Accuracy: 0.100000 ----
---- Accuracy: 0.010000 ----
PR Best: 1.000000
PR Worst: 1.000000
PR Average: 1.000000
PR Median: 1.000000
PR Standard Deviation: 0.000000
SR: 1.000000
---- Accuracy: 0.010000 ----
---- Accuracy: 0.001000 ----
PR Best: 1.000000
PR Worst: 1.000000
PR Average: 1.000000
PR Median: 1.000000
PR Standard Deviation: 0.000000
SR: 1.000000
---- Accuracy: 0.001000 ----
---- Accuracy: 0.000100 ----
PR Best: 1.000000
PR Worst: 1.000000
PR Average: 1.000000
PR Median: 1.000000
PR Standard Deviation: 0.000000
SR: 1.000000
---- Accuracy: 0.000100 ----
---- Accuracy: 0.000010 ----
PR Best: 1.000000
PR Worst: 1.000000
PR Average: 1.000000
PR Median: 1.000000
PR Standard Deviation: 0.000000
SR: 1.000000
---- Accuracy: 0.000010 ----
--------------------- Problem 4 ---------------------

--------------------- Problem 5 ---------------------
---- Accuracy: 0.100000 ----
PR Best: 1.000000
PR Worst: 1.000000
PR Average: 1.000000
PR Median: 1.000000
PR Standard Deviation: 0.000000
SR: 1.000000
---- Accuracy: 0.100000 ----
---- Accuracy: 0.010000 ----
PR Best: 1.000000
PR Worst: 1.000000
PR Average: 1.000000
PR Median: 1.000000
PR Standard Deviation: 0.000000
SR: 1.000000
---- Accuracy: 0.010000 ----
---- Accuracy: 0.001000 ----
PR Best: 1.000000
PR Worst: 1.000000
PR Average: 1.000000
PR Median: 1.000000
PR Standard Deviation: 0.000000
SR: 1.000000
---- Accuracy: 0.001000 ----
---- Accuracy: 0.000100 ----
PR Best: 1.000000
PR Worst: 1.000000
PR Average: 1.000000
PR Median: 1.000000
PR Standard Deviation: 0.000000
SR: 1.000000
---- Accuracy: 0.000100 ----
---- Accuracy: 0.000010 ----
PR Best: 1.000000
PR Worst: 1.000000
PR Average: 1.000000
PR Median: 1.000000
PR Standard Deviation: 0.000000
SR: 1.000000
---- Accuracy: 0.000010 ----
--------------------- Problem 5 ---------------------

--------------------- Problem 6 ---------------------
---- Accuracy: 0.100000 ----
PR Best: 0.031250
PR Worst: 0.031250
PR Average: 0.031250
PR Median: 0.031250
PR Standard Deviation: 0.000000
SR: 0.000000
---- Accuracy: 0.100000 ----
---- Accuracy: 0.010000 ----
PR Best: 0.031250
PR Worst: 0.031250
PR Average: 0.031250
PR Median: 0.031250
PR Standard Deviation: 0.000000
SR: 0.000000
---- Accuracy: 0.010000 ----
---- Accuracy: 0.001000 ----
PR Best: 0.031250
PR Worst: 0.031250
PR Average: 0.031250
PR Median: 0.031250
PR Standard Deviation: 0.000000
SR: 0.000000
---- Accuracy: 0.001000 ----
---- Accuracy: 0.000100 ----
PR Best: 0.031250
PR Worst: 0.031250
PR Average: 0.031250
PR Median: 0.031250
PR Standard Deviation: 0.000000
SR: 0.000000
---- Accuracy: 0.000100 ----
---- Accuracy: 0.000010 ----
PR Best: 0.031250
PR Worst: 0.031250
PR Average: 0.031250
PR Median: 0.031250
PR Standard Deviation: 0.000000
SR: 0.000000
---- Accuracy: 0.000010 ----
--------------------- Problem 6 ---------------------

--------------------- Problem 7 ---------------------
---- Accuracy: 0.100000 ----
PR Best: 1.000000
PR Worst: 1.000000
PR Average: 1.000000
PR Median: 1.000000
PR Standard Deviation: 0.000000
SR: 1.000000
---- Accuracy: 0.100000 ----
---- Accuracy: 0.010000 ----
PR Best: 1.000000
PR Worst: 1.000000
PR Average: 1.000000
PR Median: 1.000000
PR Standard Deviation: 0.000000
SR: 1.000000
---- Accuracy: 0.010000 ----
---- Accuracy: 0.001000 ----
PR Best: 1.000000
PR Worst: 1.000000
PR Average: 1.000000
PR Median: 1.000000
PR Standard Deviation: 0.000000
SR: 1.000000
---- Accuracy: 0.001000 ----
---- Accuracy: 0.000100 ----
PR Best: 1.000000
PR Worst: 1.000000
PR Average: 1.000000
PR Median: 1.000000
PR Standard Deviation: 0.000000
SR: 1.000000
---- Accuracy: 0.000100 ----
---- Accuracy: 0.000010 ----
PR Best: 1.000000
PR Worst: 1.000000
PR Average: 1.000000
PR Median: 1.000000
PR Standard Deviation: 0.000000
SR: 1.000000
---- Accuracy: 0.000010 ----
--------------------- Problem 7 ---------------------

--------------------- Problem 8 ---------------------
---- Accuracy: 0.100000 ----
PR Best: 1.000000
PR Worst: 1.000000
PR Average: 1.000000
PR Median: 1.000000
PR Standard Deviation: 0.000000
SR: 1.000000
---- Accuracy: 0.100000 ----
---- Accuracy: 0.010000 ----
PR Best: 1.000000
PR Worst: 1.000000
PR Average: 1.000000
PR Median: 1.000000
PR Standard Deviation: 0.000000
SR: 1.000000
---- Accuracy: 0.010000 ----
---- Accuracy: 0.001000 ----
PR Best: 1.000000
PR Worst: 1.000000
PR Average: 1.000000
PR Median: 1.000000
PR Standard Deviation: 0.000000
SR: 1.000000
---- Accuracy: 0.001000 ----
---- Accuracy: 0.000100 ----
PR Best: 1.000000
PR Worst: 1.000000
PR Average: 1.000000
PR Median: 1.000000
PR Standard Deviation: 0.000000
SR: 1.000000
---- Accuracy: 0.000100 ----
---- Accuracy: 0.000010 ----
PR Best: 1.000000
PR Worst: 1.000000
PR Average: 1.000000
PR Median: 1.000000
PR Standard Deviation: 0.000000
SR: 1.000000
---- Accuracy: 0.000010 ----
--------------------- Problem 8 ---------------------

--------------------- Problem 9 ---------------------
---- Accuracy: 0.100000 ----
PR Best: 0.062500
PR Worst: 0.031250
PR Average: 0.032227
PR Median: 0.031250
PR Standard Deviation: 0.000977
SR: 0.000000
---- Accuracy: 0.100000 ----
---- Accuracy: 0.010000 ----
PR Best: 0.062500
PR Worst: 0.031250
PR Average: 0.032227
PR Median: 0.031250
PR Standard Deviation: 0.000977
SR: 0.000000
---- Accuracy: 0.010000 ----
---- Accuracy: 0.001000 ----
PR Best: 0.062500
PR Worst: 0.031250
PR Average: 0.032227
PR Median: 0.031250
PR Standard Deviation: 0.000977
SR: 0.000000
---- Accuracy: 0.001000 ----
---- Accuracy: 0.000100 ----
PR Best: 0.062500
PR Worst: 0.031250
PR Average: 0.032227
PR Median: 0.031250
PR Standard Deviation: 0.000977
SR: 0.000000
---- Accuracy: 0.000100 ----
---- Accuracy: 0.000010 ----
PR Best: 0.062500
PR Worst: 0.031250
PR Average: 0.032227
PR Median: 0.031250
PR Standard Deviation: 0.000977
SR: 0.000000
---- Accuracy: 0.000010 ----
--------------------- Problem 9 ---------------------

--------------------- Problem 10 ---------------------
---- Accuracy: 0.100000 ----
PR Best: 0.700000
PR Worst: 0.500000
PR Average: 0.531250
PR Median: 0.500000
PR Standard Deviation: 0.009459
SR: 0.000000
---- Accuracy: 0.100000 ----
---- Accuracy: 0.010000 ----
PR Best: 0.500000
PR Worst: 0.500000
PR Average: 0.500000
PR Median: 0.500000
PR Standard Deviation: 0.000000
SR: 0.000000
---- Accuracy: 0.010000 ----
---- Accuracy: 0.001000 ----
PR Best: 0.500000
PR Worst: 0.500000
PR Average: 0.500000
PR Median: 0.500000
PR Standard Deviation: 0.000000
SR: 0.000000
---- Accuracy: 0.001000 ----
---- Accuracy: 0.000100 ----
PR Best: 0.500000
PR Worst: 0.500000
PR Average: 0.500000
PR Median: 0.500000
PR Standard Deviation: 0.000000
SR: 0.000000
---- Accuracy: 0.000100 ----
---- Accuracy: 0.000010 ----
PR Best: 0.500000
PR Worst: 0.500000
PR Average: 0.500000
PR Median: 0.500000
PR Standard Deviation: 0.000000
SR: 0.000000
---- Accuracy: 0.000010 ----
--------------------- Problem 10 ---------------------

--------------------- Problem 11 ---------------------
---- Accuracy: 0.100000 ----
PR Best: 1.000000
PR Worst: 1.000000
PR Average: 1.000000
PR Median: 1.000000
PR Standard Deviation: 0.000000
SR: 1.000000
---- Accuracy: 0.100000 ----
---- Accuracy: 0.010000 ----
PR Best: 1.000000
PR Worst: 0.250000
PR Average: 0.734375
PR Median: 0.750000
PR Standard Deviation: 0.031626
SR: 0.187500
---- Accuracy: 0.010000 ----
---- Accuracy: 0.001000 ----
PR Best: 0.500000
PR Worst: 0.000000
PR Average: 0.132812
PR Median: 0.125000
PR Standard Deviation: 0.025061
SR: 0.000000
---- Accuracy: 0.001000 ----
---- Accuracy: 0.000100 ----
PR Best: 0.250000
PR Worst: 0.000000
PR Average: 0.031250
PR Median: 0.000000
PR Standard Deviation: 0.014850
SR: 0.000000
---- Accuracy: 0.000100 ----
---- Accuracy: 0.000010 ----
PR Best: 0.000000
PR Worst: 0.000000
PR Average: 0.000000
PR Median: 0.000000
PR Standard Deviation: 0.000000
SR: 0.000000
---- Accuracy: 0.000010 ----
--------------------- Problem 11 ---------------------

--------------------- Problem 12 ---------------------
---- Accuracy: 0.100000 ----
PR Best: 1.000000
PR Worst: 1.000000
PR Average: 1.000000
PR Median: 1.000000
PR Standard Deviation: 0.000000
SR: 1.000000
---- Accuracy: 0.100000 ----
---- Accuracy: 0.010000 ----
PR Best: 1.000000
PR Worst: 0.250000
PR Average: 0.664062
PR Median: 0.500000
PR Standard Deviation: 0.039861
SR: 0.250000
---- Accuracy: 0.010000 ----
---- Accuracy: 0.001000 ----
PR Best: 0.750000
PR Worst: 0.000000
PR Average: 0.226562
PR Median: 0.250000
PR Standard Deviation: 0.034342
SR: 0.000000
---- Accuracy: 0.001000 ----
---- Accuracy: 0.000100 ----
PR Best: 0.250000
PR Worst: 0.000000
PR Average: 0.015625
PR Median: 0.000000
PR Standard Deviation: 0.010869
SR: 0.000000
---- Accuracy: 0.000100 ----
---- Accuracy: 0.000010 ----
PR Best: 0.000000
PR Worst: 0.000000
PR Average: 0.000000
PR Median: 0.000000
PR Standard Deviation: 0.000000
SR: 0.000000
---- Accuracy: 0.000010 ----
--------------------- Problem 12 ---------------------

--------------------- Problem 13 ---------------------
---- Accuracy: 0.100000 ----
PR Best: 1.000000
PR Worst: 1.000000
PR Average: 1.000000
PR Median: 1.000000
PR Standard Deviation: 0.000000
SR: 1.000000
---- Accuracy: 0.100000 ----
---- Accuracy: 0.010000 ----
PR Best: 1.000000
PR Worst: 1.000000
PR Average: 1.000000
PR Median: 1.000000
PR Standard Deviation: 0.000000
SR: 1.000000
---- Accuracy: 0.010000 ----
---- Accuracy: 0.001000 ----
PR Best: 1.000000
PR Worst: 1.000000
PR Average: 1.000000
PR Median: 1.000000
PR Standard Deviation: 0.000000
SR: 1.000000
---- Accuracy: 0.001000 ----
---- Accuracy: 0.000100 ----
PR Best: 1.000000
PR Worst: 1.000000
PR Average: 1.000000
PR Median: 1.000000
PR Standard Deviation: 0.000000
SR: 1.000000
---- Accuracy: 0.000100 ----
---- Accuracy: 0.000010 ----
PR Best: 1.000000
PR Worst: 1.000000
PR Average: 1.000000
PR Median: 1.000000
PR Standard Deviation: 0.000000
SR: 1.000000
---- Accuracy: 0.000010 ----
--------------------- Problem 13 ---------------------

--------------------- Problem 14 ---------------------
---- Accuracy: 0.100000 ----
PR Best: 1.000000
PR Worst: 1.000000
PR Average: 1.000000
PR Median: 1.000000
PR Standard Deviation: 0.000000
SR: 1.000000
---- Accuracy: 0.100000 ----
---- Accuracy: 0.010000 ----
PR Best: 1.000000
PR Worst: 1.000000
PR Average: 1.000000
PR Median: 1.000000
PR Standard Deviation: 0.000000
SR: 1.000000
---- Accuracy: 0.010000 ----
---- Accuracy: 0.001000 ----
PR Best: 1.000000
PR Worst: 1.000000
PR Average: 1.000000
PR Median: 1.000000
PR Standard Deviation: 0.000000
SR: 1.000000
---- Accuracy: 0.001000 ----
---- Accuracy: 0.000100 ----
PR Best: 1.000000
PR Worst: 1.000000
PR Average: 1.000000
PR Median: 1.000000
PR Standard Deviation: 0.000000
SR: 1.000000
---- Accuracy: 0.000100 ----
---- Accuracy: 0.000010 ----
PR Best: 1.000000
PR Worst: 1.000000
PR Average: 1.000000
PR Median: 1.000000
PR Standard Deviation: 0.000000
SR: 1.000000
---- Accuracy: 0.000010 ----
--------------------- Problem 14 ---------------------

--------------------- Problem 15 ---------------------
---- Accuracy: 0.100000 ----
PR Best: 1.000000
PR Worst: 1.000000
PR Average: 1.000000
PR Median: 1.000000
PR Standard Deviation: 0.000000
SR: 1.000000
---- Accuracy: 0.100000 ----
---- Accuracy: 0.010000 ----
PR Best: 1.000000
PR Worst: 1.000000
PR Average: 1.000000
PR Median: 1.000000
PR Standard Deviation: 0.000000
SR: 1.000000
---- Accuracy: 0.010000 ----
---- Accuracy: 0.001000 ----
PR Best: 1.000000
PR Worst: 1.000000
PR Average: 1.000000
PR Median: 1.000000
PR Standard Deviation: 0.000000
SR: 1.000000
---- Accuracy: 0.001000 ----
---- Accuracy: 0.000100 ----
PR Best: 1.000000
PR Worst: 1.000000
PR Average: 1.000000
PR Median: 1.000000
PR Standard Deviation: 0.000000
SR: 1.000000
---- Accuracy: 0.000100 ----
---- Accuracy: 0.000010 ----
PR Best: 1.000000
PR Worst: 1.000000
PR Average: 1.000000
PR Median: 1.000000
PR Standard Deviation: 0.000000
SR: 1.000000
---- Accuracy: 0.000010 ----
--------------------- Problem 15 ---------------------

--------------------- Problem 16 ---------------------
---- Accuracy: 0.100000 ----
PR Best: 1.000000
PR Worst: 1.000000
PR Average: 1.000000
PR Median: 1.000000
PR Standard Deviation: 0.000000
SR: 1.000000
---- Accuracy: 0.100000 ----
---- Accuracy: 0.010000 ----
PR Best: 1.000000
PR Worst: 1.000000
PR Average: 1.000000
PR Median: 1.000000
PR Standard Deviation: 0.000000
SR: 1.000000
---- Accuracy: 0.010000 ----
---- Accuracy: 0.001000 ----
PR Best: 1.000000
PR Worst: 1.000000
PR Average: 1.000000
PR Median: 1.000000
PR Standard Deviation: 0.000000
SR: 1.000000
---- Accuracy: 0.001000 ----
---- Accuracy: 0.000100 ----
PR Best: 1.000000
PR Worst: 1.000000
PR Average: 1.000000
PR Median: 1.000000
PR Standard Deviation: 0.000000
SR: 1.000000
---- Accuracy: 0.000100 ----
---- Accuracy: 0.000010 ----
PR Best: 1.000000
PR Worst: 1.000000
PR Average: 1.000000
PR Median: 1.000000
PR Standard Deviation: 0.000000
SR: 1.000000
---- Accuracy: 0.000010 ----
--------------------- Problem 16 ---------------------

--------------------- Problem 17 ---------------------
---- Accuracy: 0.100000 ----
PR Best: 1.000000
PR Worst: 1.000000
PR Average: 1.000000
PR Median: 1.000000
PR Standard Deviation: 0.000000
SR: 1.000000
---- Accuracy: 0.100000 ----
---- Accuracy: 0.010000 ----
PR Best: 1.000000
PR Worst: 1.000000
PR Average: 1.000000
PR Median: 1.000000
PR Standard Deviation: 0.000000
SR: 1.000000
---- Accuracy: 0.010000 ----
---- Accuracy: 0.001000 ----
PR Best: 1.000000
PR Worst: 1.000000
PR Average: 1.000000
PR Median: 1.000000
PR Standard Deviation: 0.000000
SR: 1.000000
---- Accuracy: 0.001000 ----
---- Accuracy: 0.000100 ----
PR Best: 1.000000
PR Worst: 1.000000
PR Average: 1.000000
PR Median: 1.000000
PR Standard Deviation: 0.000000
SR: 1.000000
---- Accuracy: 0.000100 ----
---- Accuracy: 0.000010 ----
PR Best: 1.000000
PR Worst: 1.000000
PR Average: 1.000000
PR Median: 1.000000
PR Standard Deviation: 0.000000
SR: 1.000000
---- Accuracy: 0.000010 ----
--------------------- Problem 17 ---------------------

--------------------- Problem 18 ---------------------
---- Accuracy: 0.100000 ----
PR Best: 1.000000
PR Worst: 0.906250
PR Average: 0.969238
PR Median: 1.000000
PR Standard Deviation: 0.007474
SR: 0.625000
---- Accuracy: 0.100000 ----
---- Accuracy: 0.010000 ----
PR Best: 1.000000
PR Worst: 0.906250
PR Average: 0.969238
PR Median: 1.000000
PR Standard Deviation: 0.007474
SR: 0.625000
---- Accuracy: 0.010000 ----
---- Accuracy: 0.001000 ----
PR Best: 1.000000
PR Worst: 0.906250
PR Average: 0.969238
PR Median: 1.000000
PR Standard Deviation: 0.007474
SR: 0.625000
---- Accuracy: 0.001000 ----
---- Accuracy: 0.000100 ----
PR Best: 1.000000
PR Worst: 0.906250
PR Average: 0.969238
PR Median: 1.000000
PR Standard Deviation: 0.007474
SR: 0.625000
---- Accuracy: 0.000100 ----
---- Accuracy: 0.000010 ----
PR Best: 1.000000
PR Worst: 0.906250
PR Average: 0.969238
PR Median: 1.000000
PR Standard Deviation: 0.007474
SR: 0.625000
---- Accuracy: 0.000010 ----
--------------------- Problem 18 ---------------------

--------------------- Stats ---------------------
Problem: 1, Average Peak Ratio: 1.000000
Problem: 2, Average Peak Ratio: 1.000000
Problem: 3, Average Peak Ratio: 1.000000
Problem: 4, Average Peak Ratio: 1.000000
Problem: 5, Average Peak Ratio: 1.000000
Problem: 6, Average Peak Ratio: 0.031250
Problem: 7, Average Peak Ratio: 1.000000
Problem: 8, Average Peak Ratio: 1.000000
Problem: 9, Average Peak Ratio: 0.032227
Problem: 10, Average Peak Ratio: 0.506250
Problem: 11, Average Peak Ratio: 0.379688
Problem: 12, Average Peak Ratio: 0.381250
Problem: 13, Average Peak Ratio: 1.000000
Problem: 14, Average Peak Ratio: 1.000000
Problem: 15, Average Peak Ratio: 1.000000
Problem: 16, Average Peak Ratio: 1.000000
Problem: 17, Average Peak Ratio: 1.000000
Problem: 18, Average Peak Ratio: 0.969238
Overall Average Peak Ratio: 0.794439
Accuracy: 0.100000, Average Peak Ratio: 0.864665
Accuracy: 0.010000, Average Peak Ratio: 0.829508
Accuracy: 0.001000, Average Peak Ratio: 0.771783
Accuracy: 0.000100, Average Peak Ratio: 0.754422
Accuracy: 0.000010, Average Peak Ratio: 0.751817
Accuracy: 0.100000, Average Success Ratio: 0.812500
Accuracy: 0.010000, Average Success Ratio: 0.725694
Accuracy: 0.001000, Average Success Ratio: 0.701389
Accuracy: 0.000100, Average Success Ratio: 0.701389
Accuracy: 0.000010, Average Success Ratio: 0.701389
--------------------- Stats ---------------------
