--------------------- Problem 1 ---------------------
---- Accuracy: 0.100000 ----
PR Best: 1.000000
PR Worst: 1.000000
PR Average: 1.000000
PR Median: 1.000000
PR Standard Deviation: 0.000000
SR: 1.000000
---- Accuracy: 0.100000 ----
---- Accuracy: 0.010000 ----
PR Best: 1.000000
PR Worst: 1.000000
PR Average: 1.000000
PR Median: 1.000000
PR Standard Deviation: 0.000000
SR: 1.000000
---- Accuracy: 0.010000 ----
---- Accuracy: 0.001000 ----
PR Best: 1.000000
PR Worst: 1.000000
PR Average: 1.000000
PR Median: 1.000000
PR Standard Deviation: 0.000000
SR: 1.000000
---- Accuracy: 0.001000 ----
---- Accuracy: 0.000100 ----
PR Best: 1.000000
PR Worst: 1.000000
PR Average: 1.000000
PR Median: 1.000000
PR Standard Deviation: 0.000000
SR: 1.000000
---- Accuracy: 0.000100 ----
---- Accuracy: 0.000010 ----
PR Best: 1.000000
PR Worst: 1.000000
PR Average: 1.000000
PR Median: 1.000000
PR Standard Deviation: 0.000000
SR: 1.000000
---- Accuracy: 0.000010 ----
--------------------- Problem 1 ---------------------

--------------------- Problem 2 ---------------------
---- Accuracy: 0.100000 ----
PR Best: 1.000000
PR Worst: 1.000000
PR Average: 1.000000
PR Median: 1.000000
PR Standard Deviation: 0.000000
SR: 1.000000
---- Accuracy: 0.100000 ----
---- Accuracy: 0.010000 ----
PR Best: 1.000000
PR Worst: 1.000000
PR Average: 1.000000
PR Median: 1.000000
PR Standard Deviation: 0.000000
SR: 1.000000
---- Accuracy: 0.010000 ----
---- Accuracy: 0.001000 ----
PR Best: 1.000000
PR Worst: 1.000000
PR Average: 1.000000
PR Median: 1.000000
PR Standard Deviation: 0.000000
SR: 1.000000
---- Accuracy: 0.001000 ----
---- Accuracy: 0.000100 ----
PR Best: 1.000000
PR Worst: 1.000000
PR Average: 1.000000
PR Median: 1.000000
PR Standard Deviation: 0.000000
SR: 1.000000
---- Accuracy: 0.000100 ----
---- Accuracy: 0.000010 ----
PR Best: 1.000000
PR Worst: 1.000000
PR Average: 1.000000
PR Median: 1.000000
PR Standard Deviation: 0.000000
SR: 1.000000
---- Accuracy: 0.000010 ----
--------------------- Problem 2 ---------------------

--------------------- Problem 3 ---------------------
---- Accuracy: 0.100000 ----
PR Best: 1.000000
PR Worst: 1.000000
PR Average: 1.000000
PR Median: 1.000000
PR Standard Deviation: 0.000000
SR: 1.000000
---- Accuracy: 0.100000 ----
---- Accuracy: 0.010000 ----
PR Best: 1.000000
PR Worst: 1.000000
PR Average: 1.000000
PR Median: 1.000000
PR Standard Deviation: 0.000000
SR: 1.000000
---- Accuracy: 0.010000 ----
---- Accuracy: 0.001000 ----
PR Best: 1.000000
PR Worst: 1.000000
PR Average: 1.000000
PR Median: 1.000000
PR Standard Deviation: 0.000000
SR: 1.000000
---- Accuracy: 0.001000 ----
---- Accuracy: 0.000100 ----
PR Best: 1.000000
PR Worst: 1.000000
PR Average: 1.000000
PR Median: 1.000000
PR Standard Deviation: 0.000000
SR: 1.000000
---- Accuracy: 0.000100 ----
---- Accuracy: 0.000010 ----
PR Best: 1.000000
PR Worst: 1.000000
PR Average: 1.000000
PR Median: 1.000000
PR Standard Deviation: 0.000000
SR: 1.000000
---- Accuracy: 0.000010 ----
--------------------- Problem 3 ---------------------

--------------------- Problem 4 ---------------------
---- Accuracy: 0.100000 ----
PR Best: 1.000000
PR Worst: 1.000000
PR Average: 1.000000
PR Median: 1.000000
PR Standard Deviation: 0.000000
SR: 1.000000
---- Accuracy: 0.100000 ----
---- Accuracy: 0.010000 ----
PR Best: 1.000000
PR Worst: 1.000000
PR Average: 1.000000
PR Median: 1.000000
PR Standard Deviation: 0.000000
SR: 1.000000
---- Accuracy: 0.010000 ----
---- Accuracy: 0.001000 ----
PR Best: 1.000000
PR Worst: 1.000000
PR Average: 1.000000
PR Median: 1.000000
PR Standard Deviation: 0.000000
SR: 1.000000
---- Accuracy: 0.001000 ----
---- Accuracy: 0.000100 ----
PR Best: 1.000000
PR Worst: 1.000000
PR Average: 1.000000
PR Median: 1.000000
PR Standard Deviation: 0.000000
SR: 1.000000
---- Accuracy: 0.000100 ----
---- Accuracy: 0.000010 ----
PR Best: 1.000000
PR Worst: 1.000000
PR Average: 1.000000
PR Median: 1.000000
PR Standard Deviation: 0.000000
SR: 1.000000
---- Accuracy: 0.000010 ----
--------------------- Problem 4 ---------------------

--------------------- Problem 5 ---------------------
---- Accuracy: 0.100000 ----
PR Best: 1.000000
PR Worst: 0.750000
PR Average: 0.929688
PR Median: 0.937500
PR Standard Deviation: 0.013676
SR: 0.500000
---- Accuracy: 0.100000 ----
---- Accuracy: 0.010000 ----
PR Best: 1.000000
PR Worst: 0.750000
PR Average: 0.929688
PR Median: 0.937500
PR Standard Deviation: 0.013676
SR: 0.500000
---- Accuracy: 0.010000 ----
---- Accuracy: 0.001000 ----
PR Best: 1.000000
PR Worst: 0.750000
PR Average: 0.929688
PR Median: 0.937500
PR Standard Deviation: 0.013676
SR: 0.500000
---- Accuracy: 0.001000 ----
---- Accuracy: 0.000100 ----
PR Best: 1.000000
PR Worst: 0.750000
PR Average: 0.929688
PR Median: 0.937500
PR Standard Deviation: 0.013676
SR: 0.500000
---- Accuracy: 0.000100 ----
---- Accuracy: 0.000010 ----
PR Best: 1.000000
PR Worst: 0.625000
PR Average: 0.925781
PR Median: 0.937500
PR Standard Deviation: 0.015735
SR: 0.500000
---- Accuracy: 0.000010 ----
--------------------- Problem 5 ---------------------

--------------------- Problem 6 ---------------------
---- Accuracy: 0.100000 ----
PR Best: 0.531250
PR Worst: 0.375000
PR Average: 0.468750
PR Median: 0.468750
PR Standard Deviation: 0.006275
SR: 0.000000
---- Accuracy: 0.100000 ----
---- Accuracy: 0.010000 ----
PR Best: 0.531250
PR Worst: 0.375000
PR Average: 0.460938
PR Median: 0.468750
PR Standard Deviation: 0.005613
SR: 0.000000
---- Accuracy: 0.010000 ----
---- Accuracy: 0.001000 ----
PR Best: 0.531250
PR Worst: 0.375000
PR Average: 0.459961
PR Median: 0.468750
PR Standard Deviation: 0.005654
SR: 0.000000
---- Accuracy: 0.001000 ----
---- Accuracy: 0.000100 ----
PR Best: 0.531250
PR Worst: 0.375000
PR Average: 0.458984
PR Median: 0.468750
PR Standard Deviation: 0.005689
SR: 0.000000
---- Accuracy: 0.000100 ----
---- Accuracy: 0.000010 ----
PR Best: 0.406250
PR Worst: 0.218750
PR Average: 0.301758
PR Median: 0.312500
PR Standard Deviation: 0.009682
SR: 0.000000
---- Accuracy: 0.000010 ----
--------------------- Problem 6 ---------------------

--------------------- Problem 7 ---------------------
---- Accuracy: 0.100000 ----
PR Best: 1.000000
PR Worst: 1.000000
PR Average: 1.000000
PR Median: 1.000000
PR Standard Deviation: 0.000000
SR: 1.000000
---- Accuracy: 0.100000 ----
---- Accuracy: 0.010000 ----
PR Best: 1.000000
PR Worst: 1.000000
PR Average: 1.000000
PR Median: 1.000000
PR Standard Deviation: 0.000000
SR: 1.000000
---- Accuracy: 0.010000 ----
---- Accuracy: 0.001000 ----
PR Best: 1.000000
PR Worst: 1.000000
PR Average: 1.000000
PR Median: 1.000000
PR Standard Deviation: 0.000000
SR: 1.000000
---- Accuracy: 0.001000 ----
---- Accuracy: 0.000100 ----
PR Best: 1.000000
PR Worst: 1.000000
PR Average: 1.000000
PR Median: 1.000000
PR Standard Deviation: 0.000000
SR: 1.000000
---- Accuracy: 0.000100 ----
---- Accuracy: 0.000010 ----
PR Best: 1.000000
PR Worst: 1.000000
PR Average: 1.000000
PR Median: 1.000000
PR Standard Deviation: 0.000000
SR: 1.000000
---- Accuracy: 0.000010 ----
--------------------- Problem 7 ---------------------

--------------------- Problem 8 ---------------------
---- Accuracy: 0.100000 ----
PR Best: 1.000000
PR Worst: 0.750000
PR Average: 0.957031
PR Median: 1.000000
PR Standard Deviation: 0.013293
SR: 0.718750
---- Accuracy: 0.100000 ----
---- Accuracy: 0.010000 ----
PR Best: 1.000000
PR Worst: 0.750000
PR Average: 0.957031
PR Median: 1.000000
PR Standard Deviation: 0.013293
SR: 0.718750
---- Accuracy: 0.010000 ----
---- Accuracy: 0.001000 ----
PR Best: 1.000000
PR Worst: 0.750000
PR Average: 0.957031
PR Median: 1.000000
PR Standard Deviation: 0.013293
SR: 0.718750
---- Accuracy: 0.001000 ----
---- Accuracy: 0.000100 ----
PR Best: 1.000000
PR Worst: 0.750000
PR Average: 0.957031
PR Median: 1.000000
PR Standard Deviation: 0.013293
SR: 0.718750
---- Accuracy: 0.000100 ----
---- Accuracy: 0.000010 ----
PR Best: 1.000000
PR Worst: 0.750000
PR Average: 0.953125
PR Median: 1.000000
PR Standard Deviation: 0.013459
SR: 0.687500
---- Accuracy: 0.000010 ----
--------------------- Problem 8 ---------------------

--------------------- Problem 9 ---------------------
---- Accuracy: 0.100000 ----
PR Best: 0.562500
PR Worst: 0.406250
PR Average: 0.477539
PR Median: 0.468750
PR Standard Deviation: 0.006908
SR: 0.000000
---- Accuracy: 0.100000 ----
---- Accuracy: 0.010000 ----
PR Best: 0.562500
PR Worst: 0.375000
PR Average: 0.472656
PR Median: 0.468750
PR Standard Deviation: 0.007120
SR: 0.000000
---- Accuracy: 0.010000 ----
---- Accuracy: 0.001000 ----
PR Best: 0.531250
PR Worst: 0.375000
PR Average: 0.464844
PR Median: 0.468750
PR Standard Deviation: 0.007524
SR: 0.000000
---- Accuracy: 0.001000 ----
---- Accuracy: 0.000100 ----
PR Best: 0.531250
PR Worst: 0.312500
PR Average: 0.406250
PR Median: 0.406250
PR Standard Deviation: 0.008182
SR: 0.000000
---- Accuracy: 0.000100 ----
---- Accuracy: 0.000010 ----
PR Best: 0.250000
PR Worst: 0.062500
PR Average: 0.180664
PR Median: 0.187500
PR Standard Deviation: 0.008388
SR: 0.000000
---- Accuracy: 0.000010 ----
--------------------- Problem 9 ---------------------

--------------------- Problem 10 ---------------------
---- Accuracy: 0.100000 ----
PR Best: 1.000000
PR Worst: 1.000000
PR Average: 1.000000
PR Median: 1.000000
PR Standard Deviation: 0.000000
SR: 1.000000
---- Accuracy: 0.100000 ----
---- Accuracy: 0.010000 ----
PR Best: 1.000000
PR Worst: 1.000000
PR Average: 1.000000
PR Median: 1.000000
PR Standard Deviation: 0.000000
SR: 1.000000
---- Accuracy: 0.010000 ----
---- Accuracy: 0.001000 ----
PR Best: 1.000000
PR Worst: 0.900000
PR Average: 0.996875
PR Median: 1.000000
PR Standard Deviation: 0.003125
SR: 0.968750
---- Accuracy: 0.001000 ----
---- Accuracy: 0.000100 ----
PR Best: 1.000000
PR Worst: 0.700000
PR Average: 0.943750
PR Median: 1.000000
PR Standard Deviation: 0.012650
SR: 0.531250
---- Accuracy: 0.000100 ----
---- Accuracy: 0.000010 ----
PR Best: 1.000000
PR Worst: 0.700000
PR Average: 0.859375
PR Median: 0.800000
PR Standard Deviation: 0.015463
SR: 0.187500
---- Accuracy: 0.000010 ----
--------------------- Problem 10 ---------------------

--------------------- Problem 11 ---------------------
---- Accuracy: 0.100000 ----
PR Best: 1.000000
PR Worst: 1.000000
PR Average: 1.000000
PR Median: 1.000000
PR Standard Deviation: 0.000000
SR: 1.000000
---- Accuracy: 0.100000 ----
---- Accuracy: 0.010000 ----
PR Best: 1.000000
PR Worst: 1.000000
PR Average: 1.000000
PR Median: 1.000000
PR Standard Deviation: 0.000000
SR: 1.000000
---- Accuracy: 0.010000 ----
---- Accuracy: 0.001000 ----
PR Best: 1.000000
PR Worst: 1.000000
PR Average: 1.000000
PR Median: 1.000000
PR Standard Deviation: 0.000000
SR: 1.000000
---- Accuracy: 0.001000 ----
---- Accuracy: 0.000100 ----
PR Best: 1.000000
PR Worst: 1.000000
PR Average: 1.000000
PR Median: 1.000000
PR Standard Deviation: 0.000000
SR: 1.000000
---- Accuracy: 0.000100 ----
---- Accuracy: 0.000010 ----
PR Best: 1.000000
PR Worst: 1.000000
PR Average: 1.000000
PR Median: 1.000000
PR Standard Deviation: 0.000000
SR: 1.000000
---- Accuracy: 0.000010 ----
--------------------- Problem 11 ---------------------

--------------------- Problem 12 ---------------------
---- Accuracy: 0.100000 ----
PR Best: 0.000000
PR Worst: 0.000000
PR Average: 0.000000
PR Median: 0.000000
PR Standard Deviation: 0.000000
SR: 0.000000
---- Accuracy: 0.100000 ----
---- Accuracy: 0.010000 ----
PR Best: 0.000000
PR Worst: 0.000000
PR Average: 0.000000
PR Median: 0.000000
PR Standard Deviation: 0.000000
SR: 0.000000
---- Accuracy: 0.010000 ----
---- Accuracy: 0.001000 ----
PR Best: 0.000000
PR Worst: 0.000000
PR Average: 0.000000
PR Median: 0.000000
PR Standard Deviation: 0.000000
SR: 0.000000
---- Accuracy: 0.001000 ----
---- Accuracy: 0.000100 ----
PR Best: 0.000000
PR Worst: 0.000000
PR Average: 0.000000
PR Median: 0.000000
PR Standard Deviation: 0.000000
SR: 0.000000
---- Accuracy: 0.000100 ----
---- Accuracy: 0.000010 ----
PR Best: 0.000000
PR Worst: 0.000000
PR Average: 0.000000
PR Median: 0.000000
PR Standard Deviation: 0.000000
SR: 0.000000
---- Accuracy: 0.000010 ----
--------------------- Problem 12 ---------------------

--------------------- Problem 13 ---------------------
---- Accuracy: 0.100000 ----
PR Best: 1.000000
PR Worst: 1.000000
PR Average: 1.000000
PR Median: 1.000000
PR Standard Deviation: 0.000000
SR: 1.000000
---- Accuracy: 0.100000 ----
---- Accuracy: 0.010000 ----
PR Best: 1.000000
PR Worst: 1.000000
PR Average: 1.000000
PR Median: 1.000000
PR Standard Deviation: 0.000000
SR: 1.000000
---- Accuracy: 0.010000 ----
---- Accuracy: 0.001000 ----
PR Best: 1.000000
PR Worst: 1.000000
PR Average: 1.000000
PR Median: 1.000000
PR Standard Deviation: 0.000000
SR: 1.000000
---- Accuracy: 0.001000 ----
---- Accuracy: 0.000100 ----
PR Best: 1.000000
PR Worst: 1.000000
PR Average: 1.000000
PR Median: 1.000000
PR Standard Deviation: 0.000000
SR: 1.000000
---- Accuracy: 0.000100 ----
---- Accuracy: 0.000010 ----
PR Best: 1.000000
PR Worst: 1.000000
PR Average: 1.000000
PR Median: 1.000000
PR Standard Deviation: 0.000000
SR: 1.000000
---- Accuracy: 0.000010 ----
--------------------- Problem 13 ---------------------

--------------------- Problem 14 ---------------------
---- Accuracy: 0.100000 ----
PR Best: 1.000000
PR Worst: 1.000000
PR Average: 1.000000
PR Median: 1.000000
PR Standard Deviation: 0.000000
SR: 1.000000
---- Accuracy: 0.100000 ----
---- Accuracy: 0.010000 ----
PR Best: 1.000000
PR Worst: 0.900000
PR Average: 0.996875
PR Median: 1.000000
PR Standard Deviation: 0.003125
SR: 0.968750
---- Accuracy: 0.010000 ----
---- Accuracy: 0.001000 ----
PR Best: 1.000000
PR Worst: 0.700000
PR Average: 0.856250
PR Median: 0.900000
PR Standard Deviation: 0.020546
SR: 0.250000
---- Accuracy: 0.001000 ----
---- Accuracy: 0.000100 ----
PR Best: 1.000000
PR Worst: 0.700000
PR Average: 0.837500
PR Median: 0.800000
PR Standard Deviation: 0.019955
SR: 0.218750
---- Accuracy: 0.000100 ----
---- Accuracy: 0.000010 ----
PR Best: 1.000000
PR Worst: 0.700000
PR Average: 0.837500
PR Median: 0.800000
PR Standard Deviation: 0.019955
SR: 0.218750
---- Accuracy: 0.000010 ----
--------------------- Problem 14 ---------------------

--------------------- Problem 15 ---------------------
---- Accuracy: 0.100000 ----
PR Best: 1.000000
PR Worst: 0.875000
PR Average: 0.988281
PR Median: 1.000000
PR Standard Deviation: 0.006544
SR: 0.906250
---- Accuracy: 0.100000 ----
---- Accuracy: 0.010000 ----
PR Best: 1.000000
PR Worst: 0.875000
PR Average: 0.953125
PR Median: 1.000000
PR Standard Deviation: 0.010869
SR: 0.625000
---- Accuracy: 0.010000 ----
---- Accuracy: 0.001000 ----
PR Best: 1.000000
PR Worst: 0.750000
PR Average: 0.871094
PR Median: 0.875000
PR Standard Deviation: 0.011886
SR: 0.125000
---- Accuracy: 0.001000 ----
---- Accuracy: 0.000100 ----
PR Best: 1.000000
PR Worst: 0.625000
PR Average: 0.812500
PR Median: 0.750000
PR Standard Deviation: 0.014850
SR: 0.062500
---- Accuracy: 0.000100 ----
---- Accuracy: 0.000010 ----
PR Best: 0.875000
PR Worst: 0.250000
PR Average: 0.546875
PR Median: 0.500000
PR Standard Deviation: 0.031626
SR: 0.000000
---- Accuracy: 0.000010 ----
--------------------- Problem 15 ---------------------

--------------------- Problem 16 ---------------------
---- Accuracy: 0.100000 ----
PR Best: 1.000000
PR Worst: 0.708333
PR Average: 0.917969
PR Median: 0.937500
PR Standard Deviation: 0.013554
SR: 0.187500
---- Accuracy: 0.100000 ----
---- Accuracy: 0.010000 ----
PR Best: 0.750000
PR Worst: 0.541667
PR Average: 0.671875
PR Median: 0.708333
PR Standard Deviation: 0.010869
SR: 0.000000
---- Accuracy: 0.010000 ----
---- Accuracy: 0.001000 ----
PR Best: 0.625000
PR Worst: 0.375000
PR Average: 0.531250
PR Median: 0.541667
PR Standard Deviation: 0.011684
SR: 0.000000
---- Accuracy: 0.001000 ----
---- Accuracy: 0.000100 ----
PR Best: 0.583333
PR Worst: 0.250000
PR Average: 0.473958
PR Median: 0.500000
PR Standard Deviation: 0.017019
SR: 0.000000
---- Accuracy: 0.000100 ----
---- Accuracy: 0.000010 ----
PR Best: 0.416667
PR Worst: 0.125000
PR Average: 0.265625
PR Median: 0.250000
PR Standard Deviation: 0.018685
SR: 0.000000
---- Accuracy: 0.000010 ----
--------------------- Problem 16 ---------------------

--------------------- Problem 17 ---------------------
---- Accuracy: 0.100000 ----
PR Best: 0.937500
PR Worst: 0.500000
PR Average: 0.734375
PR Median: 0.750000
PR Standard Deviation: 0.018187
SR: 0.000000
---- Accuracy: 0.100000 ----
---- Accuracy: 0.010000 ----
PR Best: 0.750000
PR Worst: 0.375000
PR Average: 0.554688
PR Median: 0.562500
PR Standard Deviation: 0.015562
SR: 0.000000
---- Accuracy: 0.010000 ----
---- Accuracy: 0.001000 ----
PR Best: 0.687500
PR Worst: 0.250000
PR Average: 0.490234
PR Median: 0.500000
PR Standard Deviation: 0.014062
SR: 0.000000
---- Accuracy: 0.001000 ----
---- Accuracy: 0.000100 ----
PR Best: 0.500000
PR Worst: 0.187500
PR Average: 0.351562
PR Median: 0.375000
PR Standard Deviation: 0.014241
SR: 0.000000
---- Accuracy: 0.000100 ----
---- Accuracy: 0.000010 ----
PR Best: 0.187500
PR Worst: 0.000000
PR Average: 0.052734
PR Median: 0.062500
PR Standard Deviation: 0.009354
SR: 0.000000
---- Accuracy: 0.000010 ----
--------------------- Problem 17 ---------------------

--------------------- Problem 18 ---------------------
---- Accuracy: 0.100000 ----
PR Best: 0.171875
PR Worst: 0.000000
PR Average: 0.104980
PR Median: 0.117188
PR Standard Deviation: 0.008628
SR: 0.000000
---- Accuracy: 0.100000 ----
---- Accuracy: 0.010000 ----
PR Best: 0.109375
PR Worst: 0.000000
PR Average: 0.064453
PR Median: 0.078125
PR Standard Deviation: 0.004949
SR: 0.000000
---- Accuracy: 0.010000 ----
---- Accuracy: 0.001000 ----
PR Best: 0.109375
PR Worst: 0.000000
PR Average: 0.052734
PR Median: 0.062500
PR Standard Deviation: 0.004367
SR: 0.000000
---- Accuracy: 0.001000 ----
---- Accuracy: 0.000100 ----
PR Best: 0.046875
PR Worst: 0.000000
PR Average: 0.021973
PR Median: 0.015625
PR Standard Deviation: 0.003498
SR: 0.000000
---- Accuracy: 0.000100 ----
---- Accuracy: 0.000010 ----
PR Best: 0.000000
PR Worst: 0.000000
PR Average: 0.000000
PR Median: 0.000000
PR Standard Deviation: 0.000000
SR: 0.000000
---- Accuracy: 0.000010 ----
--------------------- Problem 18 ---------------------

--------------------- Stats ---------------------
Problem: 1, Average Peak Ratio: 1.000000
Problem: 2, Average Peak Ratio: 1.000000
Problem: 3, Average Peak Ratio: 1.000000
Problem: 4, Average Peak Ratio: 1.000000
Problem: 5, Average Peak Ratio: 0.928906
Problem: 6, Average Peak Ratio: 0.430078
Problem: 7, Average Peak Ratio: 1.000000
Problem: 8, Average Peak Ratio: 0.956250
Problem: 9, Average Peak Ratio: 0.400391
Problem: 10, Average Peak Ratio: 0.960000
Problem: 11, Average Peak Ratio: 1.000000
Problem: 12, Average Peak Ratio: 0.000000
Problem: 13, Average Peak Ratio: 1.000000
Problem: 14, Average Peak Ratio: 0.905625
Problem: 15, Average Peak Ratio: 0.834375
Problem: 16, Average Peak Ratio: 0.572135
Problem: 17, Average Peak Ratio: 0.436719
Problem: 18, Average Peak Ratio: 0.048828
Overall Average Peak Ratio: 0.748517
Accuracy: 0.100000, Average Peak Ratio: 0.809923
Accuracy: 0.010000, Average Peak Ratio: 0.781185
Accuracy: 0.001000, Average Peak Ratio: 0.756109
Accuracy: 0.000100, Average Peak Ratio: 0.732955
Accuracy: 0.000010, Average Peak Ratio: 0.662413
Accuracy: 0.100000, Average Success Ratio: 0.628472
Accuracy: 0.010000, Average Success Ratio: 0.600694
Accuracy: 0.001000, Average Success Ratio: 0.531250
Accuracy: 0.000100, Average Success Ratio: 0.501736
Accuracy: 0.000010, Average Success Ratio: 0.477431
--------------------- Stats ---------------------
