--------------------- Problem 1 ---------------------
---- Accuracy: 0.100000 ----
PR Best: 0.500000
PR Worst: 0.500000
PR Average: 0.500000
PR Median: 0.500000
PR Standard Deviation: 0.000000
SR: 0.000000
---- Accuracy: 0.100000 ----
---- Accuracy: 0.010000 ----
PR Best: 0.500000
PR Worst: 0.500000
PR Average: 0.500000
PR Median: 0.500000
PR Standard Deviation: 0.000000
SR: 0.000000
---- Accuracy: 0.010000 ----
---- Accuracy: 0.001000 ----
PR Best: 0.500000
PR Worst: 0.500000
PR Average: 0.500000
PR Median: 0.500000
PR Standard Deviation: 0.000000
SR: 0.000000
---- Accuracy: 0.001000 ----
---- Accuracy: 0.000100 ----
PR Best: 0.500000
PR Worst: 0.500000
PR Average: 0.500000
PR Median: 0.500000
PR Standard Deviation: 0.000000
SR: 0.000000
---- Accuracy: 0.000100 ----
---- Accuracy: 0.000010 ----
PR Best: 0.500000
PR Worst: 0.500000
PR Average: 0.500000
PR Median: 0.500000
PR Standard Deviation: 0.000000
SR: 0.000000
---- Accuracy: 0.000010 ----
--------------------- Problem 1 ---------------------

--------------------- Problem 2 ---------------------
---- Accuracy: 0.100000 ----
PR Best: 0.500000
PR Worst: 0.500000
PR Average: 0.500000
PR Median: 0.500000
PR Standard Deviation: 0.000000
SR: 0.000000
---- Accuracy: 0.100000 ----
---- Accuracy: 0.010000 ----
PR Best: 0.500000
PR Worst: 0.500000
PR Average: 0.500000
PR Median: 0.500000
PR Standard Deviation: 0.000000
SR: 0.000000
---- Accuracy: 0.010000 ----
---- Accuracy: 0.001000 ----
PR Best: 0.500000
PR Worst: 0.500000
PR Average: 0.500000
PR Median: 0.500000
PR Standard Deviation: 0.000000
SR: 0.000000
---- Accuracy: 0.001000 ----
---- Accuracy: 0.000100 ----
PR Best: 0.500000
PR Worst: 0.500000
PR Average: 0.500000
PR Median: 0.500000
PR Standard Deviation: 0.000000
SR: 0.000000
---- Accuracy: 0.000100 ----
---- Accuracy: 0.000010 ----
PR Best: 0.500000
PR Worst: 0.500000
PR Average: 0.500000
PR Median: 0.500000
PR Standard Deviation: 0.000000
SR: 0.000000
---- Accuracy: 0.000010 ----
--------------------- Problem 2 ---------------------

--------------------- Problem 3 ---------------------
---- Accuracy: 0.100000 ----
PR Best: 0.250000
PR Worst: 0.250000
PR Average: 0.250000
PR Median: 0.250000
PR Standard Deviation: 0.000000
SR: 0.000000
---- Accuracy: 0.100000 ----
---- Accuracy: 0.010000 ----
PR Best: 0.250000
PR Worst: 0.250000
PR Average: 0.250000
PR Median: 0.250000
PR Standard Deviation: 0.000000
SR: 0.000000
---- Accuracy: 0.010000 ----
---- Accuracy: 0.001000 ----
PR Best: 0.250000
PR Worst: 0.250000
PR Average: 0.250000
PR Median: 0.250000
PR Standard Deviation: 0.000000
SR: 0.000000
---- Accuracy: 0.001000 ----
---- Accuracy: 0.000100 ----
PR Best: 0.250000
PR Worst: 0.250000
PR Average: 0.250000
PR Median: 0.250000
PR Standard Deviation: 0.000000
SR: 0.000000
---- Accuracy: 0.000100 ----
---- Accuracy: 0.000010 ----
PR Best: 0.250000
PR Worst: 0.250000
PR Average: 0.250000
PR Median: 0.250000
PR Standard Deviation: 0.000000
SR: 0.000000
---- Accuracy: 0.000010 ----
--------------------- Problem 3 ---------------------

--------------------- Problem 4 ---------------------
---- Accuracy: 0.100000 ----
PR Best: 0.500000
PR Worst: 0.500000
PR Average: 0.500000
PR Median: 0.500000
PR Standard Deviation: 0.000000
SR: 0.000000
---- Accuracy: 0.100000 ----
---- Accuracy: 0.010000 ----
PR Best: 0.500000
PR Worst: 0.500000
PR Average: 0.500000
PR Median: 0.500000
PR Standard Deviation: 0.000000
SR: 0.000000
---- Accuracy: 0.010000 ----
---- Accuracy: 0.001000 ----
PR Best: 0.500000
PR Worst: 0.500000
PR Average: 0.500000
PR Median: 0.500000
PR Standard Deviation: 0.000000
SR: 0.000000
---- Accuracy: 0.001000 ----
---- Accuracy: 0.000100 ----
PR Best: 0.500000
PR Worst: 0.500000
PR Average: 0.500000
PR Median: 0.500000
PR Standard Deviation: 0.000000
SR: 0.000000
---- Accuracy: 0.000100 ----
---- Accuracy: 0.000010 ----
PR Best: 0.500000
PR Worst: 0.500000
PR Average: 0.500000
PR Median: 0.500000
PR Standard Deviation: 0.000000
SR: 0.000000
---- Accuracy: 0.000010 ----
--------------------- Problem 4 ---------------------

--------------------- Problem 5 ---------------------
---- Accuracy: 0.100000 ----
PR Best: 0.125000
PR Worst: 0.125000
PR Average: 0.125000
PR Median: 0.125000
PR Standard Deviation: 0.000000
SR: 0.000000
---- Accuracy: 0.100000 ----
---- Accuracy: 0.010000 ----
PR Best: 0.125000
PR Worst: 0.125000
PR Average: 0.125000
PR Median: 0.125000
PR Standard Deviation: 0.000000
SR: 0.000000
---- Accuracy: 0.010000 ----
---- Accuracy: 0.001000 ----
PR Best: 0.125000
PR Worst: 0.125000
PR Average: 0.125000
PR Median: 0.125000
PR Standard Deviation: 0.000000
SR: 0.000000
---- Accuracy: 0.001000 ----
---- Accuracy: 0.000100 ----
PR Best: 0.125000
PR Worst: 0.125000
PR Average: 0.125000
PR Median: 0.125000
PR Standard Deviation: 0.000000
SR: 0.000000
---- Accuracy: 0.000100 ----
---- Accuracy: 0.000010 ----
PR Best: 0.125000
PR Worst: 0.125000
PR Average: 0.125000
PR Median: 0.125000
PR Standard Deviation: 0.000000
SR: 0.000000
---- Accuracy: 0.000010 ----
--------------------- Problem 5 ---------------------

--------------------- Problem 6 ---------------------
---- Accuracy: 0.100000 ----
PR Best: 0.031250
PR Worst: 0.031250
PR Average: 0.031250
PR Median: 0.031250
PR Standard Deviation: 0.000000
SR: 0.000000
---- Accuracy: 0.100000 ----
---- Accuracy: 0.010000 ----
PR Best: 0.031250
PR Worst: 0.031250
PR Average: 0.031250
PR Median: 0.031250
PR Standard Deviation: 0.000000
SR: 0.000000
---- Accuracy: 0.010000 ----
---- Accuracy: 0.001000 ----
PR Best: 0.031250
PR Worst: 0.031250
PR Average: 0.031250
PR Median: 0.031250
PR Standard Deviation: 0.000000
SR: 0.000000
---- Accuracy: 0.001000 ----
---- Accuracy: 0.000100 ----
PR Best: 0.031250
PR Worst: 0.031250
PR Average: 0.031250
PR Median: 0.031250
PR Standard Deviation: 0.000000
SR: 0.000000
---- Accuracy: 0.000100 ----
---- Accuracy: 0.000010 ----
PR Best: 0.031250
PR Worst: 0.031250
PR Average: 0.031250
PR Median: 0.031250
PR Standard Deviation: 0.000000
SR: 0.000000
---- Accuracy: 0.000010 ----
--------------------- Problem 6 ---------------------

--------------------- Problem 7 ---------------------
---- Accuracy: 0.100000 ----
PR Best: 0.500000
PR Worst: 0.500000
PR Average: 0.500000
PR Median: 0.500000
PR Standard Deviation: 0.000000
SR: 0.000000
---- Accuracy: 0.100000 ----
---- Accuracy: 0.010000 ----
PR Best: 0.500000
PR Worst: 0.500000
PR Average: 0.500000
PR Median: 0.500000
PR Standard Deviation: 0.000000
SR: 0.000000
---- Accuracy: 0.010000 ----
---- Accuracy: 0.001000 ----
PR Best: 0.500000
PR Worst: 0.500000
PR Average: 0.500000
PR Median: 0.500000
PR Standard Deviation: 0.000000
SR: 0.000000
---- Accuracy: 0.001000 ----
---- Accuracy: 0.000100 ----
PR Best: 0.500000
PR Worst: 0.500000
PR Average: 0.500000
PR Median: 0.500000
PR Standard Deviation: 0.000000
SR: 0.000000
---- Accuracy: 0.000100 ----
---- Accuracy: 0.000010 ----
PR Best: 0.500000
PR Worst: 0.500000
PR Average: 0.500000
PR Median: 0.500000
PR Standard Deviation: 0.000000
SR: 0.000000
---- Accuracy: 0.000010 ----
--------------------- Problem 7 ---------------------

--------------------- Problem 8 ---------------------
---- Accuracy: 0.100000 ----
PR Best: 0.125000
PR Worst: 0.125000
PR Average: 0.125000
PR Median: 0.125000
PR Standard Deviation: 0.000000
SR: 0.000000
---- Accuracy: 0.100000 ----
---- Accuracy: 0.010000 ----
PR Best: 0.125000
PR Worst: 0.125000
PR Average: 0.125000
PR Median: 0.125000
PR Standard Deviation: 0.000000
SR: 0.000000
---- Accuracy: 0.010000 ----
---- Accuracy: 0.001000 ----
PR Best: 0.125000
PR Worst: 0.125000
PR Average: 0.125000
PR Median: 0.125000
PR Standard Deviation: 0.000000
SR: 0.000000
---- Accuracy: 0.001000 ----
---- Accuracy: 0.000100 ----
PR Best: 0.125000
PR Worst: 0.125000
PR Average: 0.125000
PR Median: 0.125000
PR Standard Deviation: 0.000000
SR: 0.000000
---- Accuracy: 0.000100 ----
---- Accuracy: 0.000010 ----
PR Best: 0.125000
PR Worst: 0.125000
PR Average: 0.125000
PR Median: 0.125000
PR Standard Deviation: 0.000000
SR: 0.000000
---- Accuracy: 0.000010 ----
--------------------- Problem 8 ---------------------

--------------------- Problem 9 ---------------------
---- Accuracy: 0.100000 ----
PR Best: 0.031250
PR Worst: 0.031250
PR Average: 0.031250
PR Median: 0.031250
PR Standard Deviation: 0.000000
SR: 0.000000
---- Accuracy: 0.100000 ----
---- Accuracy: 0.010000 ----
PR Best: 0.031250
PR Worst: 0.031250
PR Average: 0.031250
PR Median: 0.031250
PR Standard Deviation: 0.000000
SR: 0.000000
---- Accuracy: 0.010000 ----
---- Accuracy: 0.001000 ----
PR Best: 0.031250
PR Worst: 0.031250
PR Average: 0.031250
PR Median: 0.031250
PR Standard Deviation: 0.000000
SR: 0.000000
---- Accuracy: 0.001000 ----
---- Accuracy: 0.000100 ----
PR Best: 0.031250
PR Worst: 0.031250
PR Average: 0.031250
PR Median: 0.031250
PR Standard Deviation: 0.000000
SR: 0.000000
---- Accuracy: 0.000100 ----
---- Accuracy: 0.000010 ----
PR Best: 0.031250
PR Worst: 0.031250
PR Average: 0.031250
PR Median: 0.031250
PR Standard Deviation: 0.000000
SR: 0.000000
---- Accuracy: 0.000010 ----
--------------------- Problem 9 ---------------------

--------------------- Problem 10 ---------------------
---- Accuracy: 0.100000 ----
PR Best: 0.500000
PR Worst: 0.300000
PR Average: 0.396875
PR Median: 0.400000
PR Standard Deviation: 0.013079
SR: 0.000000
---- Accuracy: 0.100000 ----
---- Accuracy: 0.010000 ----
PR Best: 0.500000
PR Worst: 0.300000
PR Average: 0.396875
PR Median: 0.400000
PR Standard Deviation: 0.013079
SR: 0.000000
---- Accuracy: 0.010000 ----
---- Accuracy: 0.001000 ----
PR Best: 0.500000
PR Worst: 0.300000
PR Average: 0.396875
PR Median: 0.400000
PR Standard Deviation: 0.013079
SR: 0.000000
---- Accuracy: 0.001000 ----
---- Accuracy: 0.000100 ----
PR Best: 0.500000
PR Worst: 0.300000
PR Average: 0.396875
PR Median: 0.400000
PR Standard Deviation: 0.013079
SR: 0.000000
---- Accuracy: 0.000100 ----
---- Accuracy: 0.000010 ----
PR Best: 0.500000
PR Worst: 0.300000
PR Average: 0.396875
PR Median: 0.400000
PR Standard Deviation: 0.013079
SR: 0.000000
---- Accuracy: 0.000010 ----
--------------------- Problem 10 ---------------------

--------------------- Problem 11 ---------------------
---- Accuracy: 0.100000 ----
PR Best: 1.000000
PR Worst: 0.750000
PR Average: 0.859375
PR Median: 0.750000
PR Standard Deviation: 0.022275
SR: 0.437500
---- Accuracy: 0.100000 ----
---- Accuracy: 0.010000 ----
PR Best: 1.000000
PR Worst: 0.750000
PR Average: 0.859375
PR Median: 0.750000
PR Standard Deviation: 0.022275
SR: 0.437500
---- Accuracy: 0.010000 ----
---- Accuracy: 0.001000 ----
PR Best: 1.000000
PR Worst: 0.750000
PR Average: 0.859375
PR Median: 0.750000
PR Standard Deviation: 0.022275
SR: 0.437500
---- Accuracy: 0.001000 ----
---- Accuracy: 0.000100 ----
PR Best: 1.000000
PR Worst: 0.750000
PR Average: 0.859375
PR Median: 0.750000
PR Standard Deviation: 0.022275
SR: 0.437500
---- Accuracy: 0.000100 ----
---- Accuracy: 0.000010 ----
PR Best: 1.000000
PR Worst: 0.750000
PR Average: 0.859375
PR Median: 0.750000
PR Standard Deviation: 0.022275
SR: 0.437500
---- Accuracy: 0.000010 ----
--------------------- Problem 11 ---------------------

--------------------- Problem 12 ---------------------
---- Accuracy: 0.100000 ----
PR Best: 1.000000
PR Worst: 0.750000
PR Average: 0.968750
PR Median: 1.000000
PR Standard Deviation: 0.014850
SR: 0.875000
---- Accuracy: 0.100000 ----
---- Accuracy: 0.010000 ----
PR Best: 1.000000
PR Worst: 0.750000
PR Average: 0.968750
PR Median: 1.000000
PR Standard Deviation: 0.014850
SR: 0.875000
---- Accuracy: 0.010000 ----
---- Accuracy: 0.001000 ----
PR Best: 1.000000
PR Worst: 0.750000
PR Average: 0.968750
PR Median: 1.000000
PR Standard Deviation: 0.014850
SR: 0.875000
---- Accuracy: 0.001000 ----
---- Accuracy: 0.000100 ----
PR Best: 1.000000
PR Worst: 0.750000
PR Average: 0.968750
PR Median: 1.000000
PR Standard Deviation: 0.014850
SR: 0.875000
---- Accuracy: 0.000100 ----
---- Accuracy: 0.000010 ----
PR Best: 1.000000
PR Worst: 0.750000
PR Average: 0.968750
PR Median: 1.000000
PR Standard Deviation: 0.014850
SR: 0.875000
---- Accuracy: 0.000010 ----
--------------------- Problem 12 ---------------------

--------------------- Problem 13 ---------------------
---- Accuracy: 0.100000 ----
PR Best: 1.000000
PR Worst: 0.500000
PR Average: 0.796875
PR Median: 1.000000
PR Standard Deviation: 0.044105
SR: 0.593750
---- Accuracy: 0.100000 ----
---- Accuracy: 0.010000 ----
PR Best: 1.000000
PR Worst: 0.500000
PR Average: 0.796875
PR Median: 1.000000
PR Standard Deviation: 0.044105
SR: 0.593750
---- Accuracy: 0.010000 ----
---- Accuracy: 0.001000 ----
PR Best: 1.000000
PR Worst: 0.500000
PR Average: 0.796875
PR Median: 1.000000
PR Standard Deviation: 0.044105
SR: 0.593750
---- Accuracy: 0.001000 ----
---- Accuracy: 0.000100 ----
PR Best: 1.000000
PR Worst: 0.500000
PR Average: 0.796875
PR Median: 1.000000
PR Standard Deviation: 0.044105
SR: 0.593750
---- Accuracy: 0.000100 ----
---- Accuracy: 0.000010 ----
PR Best: 1.000000
PR Worst: 0.500000
PR Average: 0.796875
PR Median: 1.000000
PR Standard Deviation: 0.044105
SR: 0.593750
---- Accuracy: 0.000010 ----
--------------------- Problem 13 ---------------------

--------------------- Problem 14 ---------------------
---- Accuracy: 0.100000 ----
PR Best: 0.400000
PR Worst: 0.300000
PR Average: 0.315625
PR Median: 0.300000
PR Standard Deviation: 0.006521
SR: 0.000000
---- Accuracy: 0.100000 ----
---- Accuracy: 0.010000 ----
PR Best: 0.400000
PR Worst: 0.300000
PR Average: 0.315625
PR Median: 0.300000
PR Standard Deviation: 0.006521
SR: 0.000000
---- Accuracy: 0.010000 ----
---- Accuracy: 0.001000 ----
PR Best: 0.400000
PR Worst: 0.300000
PR Average: 0.315625
PR Median: 0.300000
PR Standard Deviation: 0.006521
SR: 0.000000
---- Accuracy: 0.001000 ----
---- Accuracy: 0.000100 ----
PR Best: 0.400000
PR Worst: 0.300000
PR Average: 0.315625
PR Median: 0.300000
PR Standard Deviation: 0.006521
SR: 0.000000
---- Accuracy: 0.000100 ----
---- Accuracy: 0.000010 ----
PR Best: 0.400000
PR Worst: 0.300000
PR Average: 0.315625
PR Median: 0.300000
PR Standard Deviation: 0.006521
SR: 0.000000
---- Accuracy: 0.000010 ----
--------------------- Problem 14 ---------------------

--------------------- Problem 15 ---------------------
---- Accuracy: 0.100000 ----
PR Best: 0.500000
PR Worst: 0.250000
PR Average: 0.363281
PR Median: 0.375000
PR Standard Deviation: 0.018917
SR: 0.000000
---- Accuracy: 0.100000 ----
---- Accuracy: 0.010000 ----
PR Best: 0.500000
PR Worst: 0.250000
PR Average: 0.363281
PR Median: 0.375000
PR Standard Deviation: 0.018917
SR: 0.000000
---- Accuracy: 0.010000 ----
---- Accuracy: 0.001000 ----
PR Best: 0.500000
PR Worst: 0.250000
PR Average: 0.363281
PR Median: 0.375000
PR Standard Deviation: 0.018917
SR: 0.000000
---- Accuracy: 0.001000 ----
---- Accuracy: 0.000100 ----
PR Best: 0.500000
PR Worst: 0.250000
PR Average: 0.363281
PR Median: 0.375000
PR Standard Deviation: 0.018917
SR: 0.000000
---- Accuracy: 0.000100 ----
---- Accuracy: 0.000010 ----
PR Best: 0.500000
PR Worst: 0.250000
PR Average: 0.363281
PR Median: 0.375000
PR Standard Deviation: 0.018917
SR: 0.000000
---- Accuracy: 0.000010 ----
--------------------- Problem 15 ---------------------

--------------------- Problem 16 ---------------------
---- Accuracy: 0.100000 ----
PR Best: 0.291667
PR Worst: 0.166667
PR Average: 0.195313
PR Median: 0.208333
PR Standard Deviation: 0.005102
SR: 0.000000
---- Accuracy: 0.100000 ----
---- Accuracy: 0.010000 ----
PR Best: 0.291667
PR Worst: 0.166667
PR Average: 0.195313
PR Median: 0.208333
PR Standard Deviation: 0.005102
SR: 0.000000
---- Accuracy: 0.010000 ----
---- Accuracy: 0.001000 ----
PR Best: 0.291667
PR Worst: 0.166667
PR Average: 0.195313
PR Median: 0.208333
PR Standard Deviation: 0.005102
SR: 0.000000
---- Accuracy: 0.001000 ----
---- Accuracy: 0.000100 ----
PR Best: 0.291667
PR Worst: 0.166667
PR Average: 0.195313
PR Median: 0.208333
PR Standard Deviation: 0.005102
SR: 0.000000
---- Accuracy: 0.000100 ----
---- Accuracy: 0.000010 ----
PR Best: 0.291667
PR Worst: 0.166667
PR Average: 0.195313
PR Median: 0.208333
PR Standard Deviation: 0.005102
SR: 0.000000
---- Accuracy: 0.000010 ----
--------------------- Problem 16 ---------------------

--------------------- Problem 17 ---------------------
---- Accuracy: 0.100000 ----
PR Best: 0.312500
PR Worst: 0.125000
PR Average: 0.199219
PR Median: 0.187500
PR Standard Deviation: 0.008621
SR: 0.000000
---- Accuracy: 0.100000 ----
---- Accuracy: 0.010000 ----
PR Best: 0.312500
PR Worst: 0.125000
PR Average: 0.199219
PR Median: 0.187500
PR Standard Deviation: 0.008621
SR: 0.000000
---- Accuracy: 0.010000 ----
---- Accuracy: 0.001000 ----
PR Best: 0.312500
PR Worst: 0.125000
PR Average: 0.199219
PR Median: 0.187500
PR Standard Deviation: 0.008621
SR: 0.000000
---- Accuracy: 0.001000 ----
---- Accuracy: 0.000100 ----
PR Best: 0.312500
PR Worst: 0.125000
PR Average: 0.199219
PR Median: 0.187500
PR Standard Deviation: 0.008621
SR: 0.000000
---- Accuracy: 0.000100 ----
---- Accuracy: 0.000010 ----
PR Best: 0.312500
PR Worst: 0.125000
PR Average: 0.199219
PR Median: 0.187500
PR Standard Deviation: 0.008621
SR: 0.000000
---- Accuracy: 0.000010 ----
--------------------- Problem 17 ---------------------

--------------------- Problem 18 ---------------------
---- Accuracy: 0.100000 ----
PR Best: 0.203125
PR Worst: 0.046875
PR Average: 0.073242
PR Median: 0.070312
PR Standard Deviation: 0.005317
SR: 0.000000
---- Accuracy: 0.100000 ----
---- Accuracy: 0.010000 ----
PR Best: 0.203125
PR Worst: 0.046875
PR Average: 0.073242
PR Median: 0.070312
PR Standard Deviation: 0.005317
SR: 0.000000
---- Accuracy: 0.010000 ----
---- Accuracy: 0.001000 ----
PR Best: 0.203125
PR Worst: 0.046875
PR Average: 0.073242
PR Median: 0.070312
PR Standard Deviation: 0.005317
SR: 0.000000
---- Accuracy: 0.001000 ----
---- Accuracy: 0.000100 ----
PR Best: 0.203125
PR Worst: 0.046875
PR Average: 0.073242
PR Median: 0.070312
PR Standard Deviation: 0.005317
SR: 0.000000
---- Accuracy: 0.000100 ----
---- Accuracy: 0.000010 ----
PR Best: 0.203125
PR Worst: 0.046875
PR Average: 0.073242
PR Median: 0.070312
PR Standard Deviation: 0.005317
SR: 0.000000
---- Accuracy: 0.000010 ----
--------------------- Problem 18 ---------------------

--------------------- Stats ---------------------
Problem: 1, Average Peak Ratio: 0.500000
Problem: 2, Average Peak Ratio: 0.500000
Problem: 3, Average Peak Ratio: 0.250000
Problem: 4, Average Peak Ratio: 0.500000
Problem: 5, Average Peak Ratio: 0.125000
Problem: 6, Average Peak Ratio: 0.031250
Problem: 7, Average Peak Ratio: 0.500000
Problem: 8, Average Peak Ratio: 0.125000
Problem: 9, Average Peak Ratio: 0.031250
Problem: 10, Average Peak Ratio: 0.396875
Problem: 11, Average Peak Ratio: 0.859375
Problem: 12, Average Peak Ratio: 0.968750
Problem: 13, Average Peak Ratio: 0.796875
Problem: 14, Average Peak Ratio: 0.315625
Problem: 15, Average Peak Ratio: 0.363281
Problem: 16, Average Peak Ratio: 0.195312
Problem: 17, Average Peak Ratio: 0.199219
Problem: 18, Average Peak Ratio: 0.073242
Overall Average Peak Ratio: 0.373947
Accuracy: 0.100000, Average Peak Ratio: 0.373947
Accuracy: 0.010000, Average Peak Ratio: 0.373947
Accuracy: 0.001000, Average Peak Ratio: 0.373947
Accuracy: 0.000100, Average Peak Ratio: 0.373947
Accuracy: 0.000010, Average Peak Ratio: 0.373947
Accuracy: 0.100000, Average Success Ratio: 0.105903
Accuracy: 0.010000, Average Success Ratio: 0.105903
Accuracy: 0.001000, Average Success Ratio: 0.105903
Accuracy: 0.000100, Average Success Ratio: 0.105903
Accuracy: 0.000010, Average Success Ratio: 0.105903
--------------------- Stats ---------------------
