--------------------- Problem 1 ---------------------
---- Accuracy: 0.100000 ----
PR Best: 1.000000
PR Worst: 1.000000
PR Average: 1.000000
PR Median: 1.000000
PR Standard Deviation: 0.000000
SR: 1.000000
---- Accuracy: 0.100000 ----
---- Accuracy: 0.010000 ----
PR Best: 1.000000
PR Worst: 1.000000
PR Average: 1.000000
PR Median: 1.000000
PR Standard Deviation: 0.000000
SR: 1.000000
---- Accuracy: 0.010000 ----
---- Accuracy: 0.001000 ----
PR Best: 1.000000
PR Worst: 1.000000
PR Average: 1.000000
PR Median: 1.000000
PR Standard Deviation: 0.000000
SR: 1.000000
---- Accuracy: 0.001000 ----
---- Accuracy: 0.000100 ----
PR Best: 1.000000
PR Worst: 1.000000
PR Average: 1.000000
PR Median: 1.000000
PR Standard Deviation: 0.000000
SR: 1.000000
---- Accuracy: 0.000100 ----
---- Accuracy: 0.000010 ----
PR Best: 1.000000
PR Worst: 1.000000
PR Average: 1.000000
PR Median: 1.000000
PR Standard Deviation: 0.000000
SR: 1.000000
---- Accuracy: 0.000010 ----
--------------------- Problem 1 ---------------------

--------------------- Problem 2 ---------------------
---- Accuracy: 0.100000 ----
PR Best: 1.000000
PR Worst: 1.000000
PR Average: 1.000000
PR Median: 1.000000
PR Standard Deviation: 0.000000
SR: 1.000000
---- Accuracy: 0.100000 ----
---- Accuracy: 0.010000 ----
PR Best: 1.000000
PR Worst: 1.000000
PR Average: 1.000000
PR Median: 1.000000
PR Standard Deviation: 0.000000
SR: 1.000000
---- Accuracy: 0.010000 ----
---- Accuracy: 0.001000 ----
PR Best: 1.000000
PR Worst: 1.000000
PR Average: 1.000000
PR Median: 1.000000
PR Standard Deviation: 0.000000
SR: 1.000000
---- Accuracy: 0.001000 ----
---- Accuracy: 0.000100 ----
PR Best: 1.000000
PR Worst: 1.000000
PR Average: 1.000000
PR Median: 1.000000
PR Standard Deviation: 0.000000
SR: 1.000000
---- Accuracy: 0.000100 ----
---- Accuracy: 0.000010 ----
PR Best: 1.000000
PR Worst: 1.000000
PR Average: 1.000000
PR Median: 1.000000
PR Standard Deviation: 0.000000
SR: 1.000000
---- Accuracy: 0.000010 ----
--------------------- Problem 2 ---------------------

--------------------- Problem 3 ---------------------
---- Accuracy: 0.100000 ----
PR Best: 1.000000
PR Worst: 0.750000
PR Average: 0.992188
PR Median: 1.000000
PR Standard Deviation: 0.007812
SR: 0.968750
---- Accuracy: 0.100000 ----
---- Accuracy: 0.010000 ----
PR Best: 1.000000
PR Worst: 0.750000
PR Average: 0.984375
PR Median: 1.000000
PR Standard Deviation: 0.010869
SR: 0.937500
---- Accuracy: 0.010000 ----
---- Accuracy: 0.001000 ----
PR Best: 1.000000
PR Worst: 0.750000
PR Average: 0.984375
PR Median: 1.000000
PR Standard Deviation: 0.010869
SR: 0.937500
---- Accuracy: 0.001000 ----
---- Accuracy: 0.000100 ----
PR Best: 1.000000
PR Worst: 0.750000
PR Average: 0.984375
PR Median: 1.000000
PR Standard Deviation: 0.010869
SR: 0.937500
---- Accuracy: 0.000100 ----
---- Accuracy: 0.000010 ----
PR Best: 1.000000
PR Worst: 0.750000
PR Average: 0.984375
PR Median: 1.000000
PR Standard Deviation: 0.010869
SR: 0.937500
---- Accuracy: 0.000010 ----
--------------------- Problem 3 ---------------------

--------------------- Problem 4 ---------------------
---- Accuracy: 0.100000 ----
PR Best: 1.000000
PR Worst: 1.000000
PR Average: 1.000000
PR Median: 1.000000
PR Standard Deviation: 0.000000
SR: 1.000000
---- Accuracy: 0.100000 ----
---- Accuracy: 0.010000 ----
PR Best: 1.000000
PR Worst: 1.000000
PR Average: 1.000000
PR Median: 1.000000
PR Standard Deviation: 0.000000
SR: 1.000000
---- Accuracy: 0.010000 ----
---- Accuracy: 0.001000 ----
PR Best: 1.000000
PR Worst: 1.000000
PR Average: 1.000000
PR Median: 1.000000
PR Standard Deviation: 0.000000
SR: 1.000000
---- Accuracy: 0.001000 ----
---- Accuracy: 0.000100 ----
PR Best: 1.000000
PR Worst: 1.000000
PR Average: 1.000000
PR Median: 1.000000
PR Standard Deviation: 0.000000
SR: 1.000000
---- Accuracy: 0.000100 ----
---- Accuracy: 0.000010 ----
PR Best: 1.000000
PR Worst: 1.000000
PR Average: 1.000000
PR Median: 1.000000
PR Standard Deviation: 0.000000
SR: 1.000000
---- Accuracy: 0.000010 ----
--------------------- Problem 4 ---------------------

--------------------- Problem 5 ---------------------
---- Accuracy: 0.100000 ----
PR Best: 1.000000
PR Worst: 0.625000
PR Average: 0.847656
PR Median: 0.875000
PR Standard Deviation: 0.017511
SR: 0.156250
---- Accuracy: 0.100000 ----
---- Accuracy: 0.010000 ----
PR Best: 1.000000
PR Worst: 0.625000
PR Average: 0.843750
PR Median: 0.875000
PR Standard Deviation: 0.017749
SR: 0.156250
---- Accuracy: 0.010000 ----
---- Accuracy: 0.001000 ----
PR Best: 1.000000
PR Worst: 0.500000
PR Average: 0.812500
PR Median: 0.875000
PR Standard Deviation: 0.021001
SR: 0.062500
---- Accuracy: 0.001000 ----
---- Accuracy: 0.000100 ----
PR Best: 1.000000
PR Worst: 0.500000
PR Average: 0.808594
PR Median: 0.875000
PR Standard Deviation: 0.021726
SR: 0.062500
---- Accuracy: 0.000100 ----
---- Accuracy: 0.000010 ----
PR Best: 1.000000
PR Worst: 0.500000
PR Average: 0.796875
PR Median: 0.875000
PR Standard Deviation: 0.020812
SR: 0.031250
---- Accuracy: 0.000010 ----
--------------------- Problem 5 ---------------------

--------------------- Problem 6 ---------------------
---- Accuracy: 0.100000 ----
PR Best: 0.406250
PR Worst: 0.250000
PR Average: 0.330078
PR Median: 0.312500
PR Standard Deviation: 0.007548
SR: 0.000000
---- Accuracy: 0.100000 ----
---- Accuracy: 0.010000 ----
PR Best: 0.406250
PR Worst: 0.218750
PR Average: 0.297852
PR Median: 0.281250
PR Standard Deviation: 0.006872
SR: 0.000000
---- Accuracy: 0.010000 ----
---- Accuracy: 0.001000 ----
PR Best: 0.343750
PR Worst: 0.156250
PR Average: 0.249023
PR Median: 0.250000
PR Standard Deviation: 0.008817
SR: 0.000000
---- Accuracy: 0.001000 ----
---- Accuracy: 0.000100 ----
PR Best: 0.343750
PR Worst: 0.062500
PR Average: 0.189453
PR Median: 0.187500
PR Standard Deviation: 0.009406
SR: 0.000000
---- Accuracy: 0.000100 ----
---- Accuracy: 0.000010 ----
PR Best: 0.250000
PR Worst: 0.031250
PR Average: 0.161133
PR Median: 0.187500
PR Standard Deviation: 0.008314
SR: 0.000000
---- Accuracy: 0.000010 ----
--------------------- Problem 6 ---------------------

--------------------- Problem 7 ---------------------
---- Accuracy: 0.100000 ----
PR Best: 1.000000
PR Worst: 1.000000
PR Average: 1.000000
PR Median: 1.000000
PR Standard Deviation: 0.000000
SR: 1.000000
---- Accuracy: 0.100000 ----
---- Accuracy: 0.010000 ----
PR Best: 1.000000
PR Worst: 0.500000
PR Average: 0.953125
PR Median: 1.000000
PR Standard Deviation: 0.026176
SR: 0.906250
---- Accuracy: 0.010000 ----
---- Accuracy: 0.001000 ----
PR Best: 1.000000
PR Worst: 0.500000
PR Average: 0.875000
PR Median: 1.000000
PR Standard Deviation: 0.038886
SR: 0.750000
---- Accuracy: 0.001000 ----
---- Accuracy: 0.000100 ----
PR Best: 1.000000
PR Worst: 0.000000
PR Average: 0.718750
PR Median: 0.500000
PR Standard Deviation: 0.049886
SR: 0.468750
---- Accuracy: 0.000100 ----
---- Accuracy: 0.000010 ----
PR Best: 1.000000
PR Worst: 0.000000
PR Average: 0.609375
PR Median: 0.500000
PR Standard Deviation: 0.048850
SR: 0.281250
---- Accuracy: 0.000010 ----
--------------------- Problem 7 ---------------------

--------------------- Problem 8 ---------------------
---- Accuracy: 0.100000 ----
PR Best: 1.000000
PR Worst: 0.500000
PR Average: 0.859375
PR Median: 0.875000
PR Standard Deviation: 0.027353
SR: 0.406250
---- Accuracy: 0.100000 ----
---- Accuracy: 0.010000 ----
PR Best: 0.625000
PR Worst: 0.250000
PR Average: 0.472656
PR Median: 0.500000
PR Standard Deviation: 0.024293
SR: 0.000000
---- Accuracy: 0.010000 ----
---- Accuracy: 0.001000 ----
PR Best: 0.500000
PR Worst: 0.000000
PR Average: 0.242188
PR Median: 0.250000
PR Standard Deviation: 0.031218
SR: 0.000000
---- Accuracy: 0.001000 ----
---- Accuracy: 0.000100 ----
PR Best: 0.250000
PR Worst: 0.000000
PR Average: 0.121094
PR Median: 0.125000
PR Standard Deviation: 0.018174
SR: 0.000000
---- Accuracy: 0.000100 ----
---- Accuracy: 0.000010 ----
PR Best: 0.250000
PR Worst: 0.000000
PR Average: 0.023438
PR Median: 0.000000
PR Standard Deviation: 0.010406
SR: 0.000000
---- Accuracy: 0.000010 ----
--------------------- Problem 8 ---------------------

--------------------- Problem 9 ---------------------
---- Accuracy: 0.100000 ----
PR Best: 0.375000
PR Worst: 0.156250
PR Average: 0.278320
PR Median: 0.281250
PR Standard Deviation: 0.008461
SR: 0.000000
---- Accuracy: 0.100000 ----
---- Accuracy: 0.010000 ----
PR Best: 0.093750
PR Worst: 0.000000
PR Average: 0.040039
PR Median: 0.031250
PR Standard Deviation: 0.005294
SR: 0.000000
---- Accuracy: 0.010000 ----
---- Accuracy: 0.001000 ----
PR Best: 0.062500
PR Worst: 0.000000
PR Average: 0.019531
PR Median: 0.031250
PR Standard Deviation: 0.003058
SR: 0.000000
---- Accuracy: 0.001000 ----
---- Accuracy: 0.000100 ----
PR Best: 0.031250
PR Worst: 0.000000
PR Average: 0.007812
PR Median: 0.000000
PR Standard Deviation: 0.002430
SR: 0.000000
---- Accuracy: 0.000100 ----
---- Accuracy: 0.000010 ----
PR Best: 0.000000
PR Worst: 0.000000
PR Average: 0.000000
PR Median: 0.000000
PR Standard Deviation: 0.000000
SR: 0.000000
---- Accuracy: 0.000010 ----
--------------------- Problem 9 ---------------------

--------------------- Problem 10 ---------------------
---- Accuracy: 0.100000 ----
PR Best: 1.000000
PR Worst: 0.900000
PR Average: 0.990625
PR Median: 1.000000
PR Standard Deviation: 0.005235
SR: 0.906250
---- Accuracy: 0.100000 ----
---- Accuracy: 0.010000 ----
PR Best: 1.000000
PR Worst: 0.900000
PR Average: 0.990625
PR Median: 1.000000
PR Standard Deviation: 0.005235
SR: 0.906250
---- Accuracy: 0.010000 ----
---- Accuracy: 0.001000 ----
PR Best: 1.000000
PR Worst: 0.900000
PR Average: 0.990625
PR Median: 1.000000
PR Standard Deviation: 0.005235
SR: 0.906250
---- Accuracy: 0.001000 ----
---- Accuracy: 0.000100 ----
PR Best: 1.000000
PR Worst: 0.800000
PR Average: 0.915625
PR Median: 0.900000
PR Standard Deviation: 0.010149
SR: 0.250000
---- Accuracy: 0.000100 ----
---- Accuracy: 0.000010 ----
PR Best: 1.000000
PR Worst: 0.700000
PR Average: 0.831250
PR Median: 0.800000
PR Standard Deviation: 0.013043
SR: 0.093750
---- Accuracy: 0.000010 ----
--------------------- Problem 10 ---------------------

--------------------- Problem 11 ---------------------
---- Accuracy: 0.100000 ----
PR Best: 1.000000
PR Worst: 0.750000
PR Average: 0.984375
PR Median: 1.000000
PR Standard Deviation: 0.010869
SR: 0.937500
---- Accuracy: 0.100000 ----
---- Accuracy: 0.010000 ----
PR Best: 1.000000
PR Worst: 0.750000
PR Average: 0.984375
PR Median: 1.000000
PR Standard Deviation: 0.010869
SR: 0.937500
---- Accuracy: 0.010000 ----
---- Accuracy: 0.001000 ----
PR Best: 1.000000
PR Worst: 0.750000
PR Average: 0.984375
PR Median: 1.000000
PR Standard Deviation: 0.010869
SR: 0.937500
---- Accuracy: 0.001000 ----
---- Accuracy: 0.000100 ----
PR Best: 1.000000
PR Worst: 0.750000
PR Average: 0.984375
PR Median: 1.000000
PR Standard Deviation: 0.010869
SR: 0.937500
---- Accuracy: 0.000100 ----
---- Accuracy: 0.000010 ----
PR Best: 1.000000
PR Worst: 0.750000
PR Average: 0.984375
PR Median: 1.000000
PR Standard Deviation: 0.010869
SR: 0.937500
---- Accuracy: 0.000010 ----
--------------------- Problem 11 ---------------------

--------------------- Problem 12 ---------------------
---- Accuracy: 0.100000 ----
PR Best: 0.000000
PR Worst: 0.000000
PR Average: 0.000000
PR Median: 0.000000
PR Standard Deviation: 0.000000
SR: 0.000000
---- Accuracy: 0.100000 ----
---- Accuracy: 0.010000 ----
PR Best: 0.000000
PR Worst: 0.000000
PR Average: 0.000000
PR Median: 0.000000
PR Standard Deviation: 0.000000
SR: 0.000000
---- Accuracy: 0.010000 ----
---- Accuracy: 0.001000 ----
PR Best: 0.000000
PR Worst: 0.000000
PR Average: 0.000000
PR Median: 0.000000
PR Standard Deviation: 0.000000
SR: 0.000000
---- Accuracy: 0.001000 ----
---- Accuracy: 0.000100 ----
PR Best: 0.000000
PR Worst: 0.000000
PR Average: 0.000000
PR Median: 0.000000
PR Standard Deviation: 0.000000
SR: 0.000000
---- Accuracy: 0.000100 ----
---- Accuracy: 0.000010 ----
PR Best: 0.000000
PR Worst: 0.000000
PR Average: 0.000000
PR Median: 0.000000
PR Standard Deviation: 0.000000
SR: 0.000000
---- Accuracy: 0.000010 ----
--------------------- Problem 12 ---------------------

--------------------- Problem 13 ---------------------
---- Accuracy: 0.100000 ----
PR Best: 1.000000
PR Worst: 1.000000
PR Average: 1.000000
PR Median: 1.000000
PR Standard Deviation: 0.000000
SR: 1.000000
---- Accuracy: 0.100000 ----
---- Accuracy: 0.010000 ----
PR Best: 1.000000
PR Worst: 1.000000
PR Average: 1.000000
PR Median: 1.000000
PR Standard Deviation: 0.000000
SR: 1.000000
---- Accuracy: 0.010000 ----
---- Accuracy: 0.001000 ----
PR Best: 1.000000
PR Worst: 1.000000
PR Average: 1.000000
PR Median: 1.000000
PR Standard Deviation: 0.000000
SR: 1.000000
---- Accuracy: 0.001000 ----
---- Accuracy: 0.000100 ----
PR Best: 1.000000
PR Worst: 1.000000
PR Average: 1.000000
PR Median: 1.000000
PR Standard Deviation: 0.000000
SR: 1.000000
---- Accuracy: 0.000100 ----
---- Accuracy: 0.000010 ----
PR Best: 1.000000
PR Worst: 1.000000
PR Average: 1.000000
PR Median: 1.000000
PR Standard Deviation: 0.000000
SR: 1.000000
---- Accuracy: 0.000010 ----
--------------------- Problem 13 ---------------------

--------------------- Problem 14 ---------------------
---- Accuracy: 0.100000 ----
PR Best: 1.000000
PR Worst: 0.900000
PR Average: 0.996875
PR Median: 1.000000
PR Standard Deviation: 0.003125
SR: 0.968750
---- Accuracy: 0.100000 ----
---- Accuracy: 0.010000 ----
PR Best: 1.000000
PR Worst: 0.800000
PR Average: 0.987500
PR Median: 1.000000
PR Standard Deviation: 0.007446
SR: 0.906250
---- Accuracy: 0.010000 ----
---- Accuracy: 0.001000 ----
PR Best: 1.000000
PR Worst: 0.700000
PR Average: 0.896875
PR Median: 0.900000
PR Standard Deviation: 0.015865
SR: 0.312500
---- Accuracy: 0.001000 ----
---- Accuracy: 0.000100 ----
PR Best: 0.900000
PR Worst: 0.700000
PR Average: 0.796875
PR Median: 0.800000
PR Standard Deviation: 0.011434
SR: 0.000000
---- Accuracy: 0.000100 ----
---- Accuracy: 0.000010 ----
PR Best: 0.900000
PR Worst: 0.700000
PR Average: 0.796875
PR Median: 0.800000
PR Standard Deviation: 0.011434
SR: 0.000000
---- Accuracy: 0.000010 ----
--------------------- Problem 14 ---------------------

--------------------- Problem 15 ---------------------
---- Accuracy: 0.100000 ----
PR Best: 1.000000
PR Worst: 0.500000
PR Average: 0.777344
PR Median: 0.875000
PR Standard Deviation: 0.024293
SR: 0.062500
---- Accuracy: 0.100000 ----
---- Accuracy: 0.010000 ----
PR Best: 1.000000
PR Worst: 0.375000
PR Average: 0.703125
PR Median: 0.750000
PR Standard Deviation: 0.024304
SR: 0.062500
---- Accuracy: 0.010000 ----
---- Accuracy: 0.001000 ----
PR Best: 0.750000
PR Worst: 0.250000
PR Average: 0.515625
PR Median: 0.500000
PR Standard Deviation: 0.020041
SR: 0.000000
---- Accuracy: 0.001000 ----
---- Accuracy: 0.000100 ----
PR Best: 0.625000
PR Worst: 0.125000
PR Average: 0.347656
PR Median: 0.375000
PR Standard Deviation: 0.020029
SR: 0.000000
---- Accuracy: 0.000100 ----
---- Accuracy: 0.000010 ----
PR Best: 0.500000
PR Worst: 0.000000
PR Average: 0.222656
PR Median: 0.250000
PR Standard Deviation: 0.027914
SR: 0.000000
---- Accuracy: 0.000010 ----
--------------------- Problem 15 ---------------------

--------------------- Problem 16 ---------------------
---- Accuracy: 0.100000 ----
PR Best: 0.708333
PR Worst: 0.375000
PR Average: 0.533854
PR Median: 0.541667
PR Standard Deviation: 0.014424
SR: 0.000000
---- Accuracy: 0.100000 ----
---- Accuracy: 0.010000 ----
PR Best: 0.583333
PR Worst: 0.208333
PR Average: 0.417969
PR Median: 0.395833
PR Standard Deviation: 0.014907
SR: 0.000000
---- Accuracy: 0.010000 ----
---- Accuracy: 0.001000 ----
PR Best: 0.375000
PR Worst: 0.125000
PR Average: 0.278646
PR Median: 0.291667
PR Standard Deviation: 0.012749
SR: 0.000000
---- Accuracy: 0.001000 ----
---- Accuracy: 0.000100 ----
PR Best: 0.291667
PR Worst: 0.041667
PR Average: 0.158854
PR Median: 0.145833
PR Standard Deviation: 0.010979
SR: 0.000000
---- Accuracy: 0.000100 ----
---- Accuracy: 0.000010 ----
PR Best: 0.208333
PR Worst: 0.000000
PR Average: 0.062500
PR Median: 0.041667
PR Standard Deviation: 0.009540
SR: 0.000000
---- Accuracy: 0.000010 ----
--------------------- Problem 16 ---------------------

--------------------- Problem 17 ---------------------
---- Accuracy: 0.100000 ----
PR Best: 0.500000
PR Worst: 0.187500
PR Average: 0.335938
PR Median: 0.375000
PR Standard Deviation: 0.015307
SR: 0.000000
---- Accuracy: 0.100000 ----
---- Accuracy: 0.010000 ----
PR Best: 0.437500
PR Worst: 0.062500
PR Average: 0.251953
PR Median: 0.250000
PR Standard Deviation: 0.016951
SR: 0.000000
---- Accuracy: 0.010000 ----
---- Accuracy: 0.001000 ----
PR Best: 0.250000
PR Worst: 0.000000
PR Average: 0.083984
PR Median: 0.062500
PR Standard Deviation: 0.010353
SR: 0.000000
---- Accuracy: 0.001000 ----
---- Accuracy: 0.000100 ----
PR Best: 0.125000
PR Worst: 0.000000
PR Average: 0.017578
PR Median: 0.000000
PR Standard Deviation: 0.005775
SR: 0.000000
---- Accuracy: 0.000100 ----
---- Accuracy: 0.000010 ----
PR Best: 0.000000
PR Worst: 0.000000
PR Average: 0.000000
PR Median: 0.000000
PR Standard Deviation: 0.000000
SR: 0.000000
---- Accuracy: 0.000010 ----
--------------------- Problem 17 ---------------------

--------------------- Problem 18 ---------------------
---- Accuracy: 0.100000 ----
PR Best: 0.078125
PR Worst: 0.000000
PR Average: 0.012207
PR Median: 0.000000
PR Standard Deviation: 0.003559
SR: 0.000000
---- Accuracy: 0.100000 ----
---- Accuracy: 0.010000 ----
PR Best: 0.046875
PR Worst: 0.000000
PR Average: 0.006836
PR Median: 0.000000
PR Standard Deviation: 0.002801
SR: 0.000000
---- Accuracy: 0.010000 ----
---- Accuracy: 0.001000 ----
PR Best: 0.015625
PR Worst: 0.000000
PR Average: 0.000488
PR Median: 0.000000
PR Standard Deviation: 0.000488
SR: 0.000000
---- Accuracy: 0.001000 ----
---- Accuracy: 0.000100 ----
PR Best: 0.000000
PR Worst: 0.000000
PR Average: 0.000000
PR Median: 0.000000
PR Standard Deviation: 0.000000
SR: 0.000000
---- Accuracy: 0.000100 ----
---- Accuracy: 0.000010 ----
PR Best: 0.000000
PR Worst: 0.000000
PR Average: 0.000000
PR Median: 0.000000
PR Standard Deviation: 0.000000
SR: 0.000000
---- Accuracy: 0.000010 ----
--------------------- Problem 18 ---------------------

--------------------- Stats ---------------------
Problem: 1, Average Peak Ratio: 1.000000
Problem: 2, Average Peak Ratio: 1.000000
Problem: 3, Average Peak Ratio: 0.985938
Problem: 4, Average Peak Ratio: 1.000000
Problem: 5, Average Peak Ratio: 0.821875
Problem: 6, Average Peak Ratio: 0.245508
Problem: 7, Average Peak Ratio: 0.831250
Problem: 8, Average Peak Ratio: 0.343750
Problem: 9, Average Peak Ratio: 0.069141
Problem: 10, Average Peak Ratio: 0.943750
Problem: 11, Average Peak Ratio: 0.984375
Problem: 12, Average Peak Ratio: 0.000000
Problem: 13, Average Peak Ratio: 1.000000
Problem: 14, Average Peak Ratio: 0.895000
Problem: 15, Average Peak Ratio: 0.513281
Problem: 16, Average Peak Ratio: 0.290365
Problem: 17, Average Peak Ratio: 0.137891
Problem: 18, Average Peak Ratio: 0.003906
Overall Average Peak Ratio: 0.614779
Accuracy: 0.100000, Average Peak Ratio: 0.718824
Accuracy: 0.010000, Average Peak Ratio: 0.663010
Accuracy: 0.001000, Average Peak Ratio: 0.607402
Accuracy: 0.000100, Average Peak Ratio: 0.558391
Accuracy: 0.000010, Average Peak Ratio: 0.526270
Accuracy: 0.100000, Average Success Ratio: 0.522569
Accuracy: 0.010000, Average Success Ratio: 0.489583
Accuracy: 0.001000, Average Success Ratio: 0.439236
Accuracy: 0.000100, Average Success Ratio: 0.369792
Accuracy: 0.000010, Average Success Ratio: 0.348958
--------------------- Stats ---------------------
