--------------------- Problem 1 ---------------------
---- Accuracy: 0.100000 ----
PR Best: 1.000000
PR Worst: 1.000000
PR Average: 1.000000
PR Median: 1.000000
PR Standard Deviation: 0.000000
SR: 1.000000
---- Accuracy: 0.100000 ----
---- Accuracy: 0.010000 ----
PR Best: 1.000000
PR Worst: 1.000000
PR Average: 1.000000
PR Median: 1.000000
PR Standard Deviation: 0.000000
SR: 1.000000
---- Accuracy: 0.010000 ----
---- Accuracy: 0.001000 ----
PR Best: 1.000000
PR Worst: 1.000000
PR Average: 1.000000
PR Median: 1.000000
PR Standard Deviation: 0.000000
SR: 1.000000
---- Accuracy: 0.001000 ----
---- Accuracy: 0.000100 ----
PR Best: 1.000000
PR Worst: 1.000000
PR Average: 1.000000
PR Median: 1.000000
PR Standard Deviation: 0.000000
SR: 1.000000
---- Accuracy: 0.000100 ----
---- Accuracy: 0.000010 ----
PR Best: 1.000000
PR Worst: 1.000000
PR Average: 1.000000
PR Median: 1.000000
PR Standard Deviation: 0.000000
SR: 1.000000
---- Accuracy: 0.000010 ----
--------------------- Problem 1 ---------------------

--------------------- Problem 2 ---------------------
---- Accuracy: 0.100000 ----
PR Best: 1.000000
PR Worst: 1.000000
PR Average: 1.000000
PR Median: 1.000000
PR Standard Deviation: 0.000000
SR: 1.000000
---- Accuracy: 0.100000 ----
---- Accuracy: 0.010000 ----
PR Best: 1.000000
PR Worst: 1.000000
PR Average: 1.000000
PR Median: 1.000000
PR Standard Deviation: 0.000000
SR: 1.000000
---- Accuracy: 0.010000 ----
---- Accuracy: 0.001000 ----
PR Best: 1.000000
PR Worst: 1.000000
PR Average: 1.000000
PR Median: 1.000000
PR Standard Deviation: 0.000000
SR: 1.000000
---- Accuracy: 0.001000 ----
---- Accuracy: 0.000100 ----
PR Best: 1.000000
PR Worst: 1.000000
PR Average: 1.000000
PR Median: 1.000000
PR Standard Deviation: 0.000000
SR: 1.000000
---- Accuracy: 0.000100 ----
---- Accuracy: 0.000010 ----
PR Best: 1.000000
PR Worst: 1.000000
PR Average: 1.000000
PR Median: 1.000000
PR Standard Deviation: 0.000000
SR: 1.000000
---- Accuracy: 0.000010 ----
--------------------- Problem 2 ---------------------

--------------------- Problem 3 ---------------------
---- Accuracy: 0.100000 ----
PR Best: 1.000000
PR Worst: 0.500000
PR Average: 0.851562
PR Median: 0.750000
PR Standard Deviation: 0.024745
SR: 0.437500
---- Accuracy: 0.100000 ----
---- Accuracy: 0.010000 ----
PR Best: 1.000000
PR Worst: 0.500000
PR Average: 0.851562
PR Median: 0.750000
PR Standard Deviation: 0.024745
SR: 0.437500
---- Accuracy: 0.010000 ----
---- Accuracy: 0.001000 ----
PR Best: 1.000000
PR Worst: 0.500000
PR Average: 0.851562
PR Median: 0.750000
PR Standard Deviation: 0.024745
SR: 0.437500
---- Accuracy: 0.001000 ----
---- Accuracy: 0.000100 ----
PR Best: 1.000000
PR Worst: 0.500000
PR Average: 0.851562
PR Median: 0.750000
PR Standard Deviation: 0.024745
SR: 0.437500
---- Accuracy: 0.000100 ----
---- Accuracy: 0.000010 ----
PR Best: 1.000000
PR Worst: 0.500000
PR Average: 0.851562
PR Median: 0.750000
PR Standard Deviation: 0.024745
SR: 0.437500
---- Accuracy: 0.000010 ----
--------------------- Problem 3 ---------------------

--------------------- Problem 4 ---------------------
---- Accuracy: 0.100000 ----
PR Best: 1.000000
PR Worst: 1.000000
PR Average: 1.000000
PR Median: 1.000000
PR Standard Deviation: 0.000000
SR: 1.000000
---- Accuracy: 0.100000 ----
---- Accuracy: 0.010000 ----
PR Best: 1.000000
PR Worst: 1.000000
PR Average: 1.000000
PR Median: 1.000000
PR Standard Deviation: 0.000000
SR: 1.000000
---- Accuracy: 0.010000 ----
---- Accuracy: 0.001000 ----
PR Best: 1.000000
PR Worst: 1.000000
PR Average: 1.000000
PR Median: 1.000000
PR Standard Deviation: 0.000000
SR: 1.000000
---- Accuracy: 0.001000 ----
---- Accuracy: 0.000100 ----
PR Best: 1.000000
PR Worst: 1.000000
PR Average: 1.000000
PR Median: 1.000000
PR Standard Deviation: 0.000000
SR: 1.000000
---- Accuracy: 0.000100 ----
---- Accuracy: 0.000010 ----
PR Best: 1.000000
PR Worst: 1.000000
PR Average: 1.000000
PR Median: 1.000000
PR Standard Deviation: 0.000000
SR: 1.000000
---- Accuracy: 0.000010 ----
--------------------- Problem 4 ---------------------

--------------------- Problem 5 ---------------------
---- Accuracy: 0.100000 ----
PR Best: 0.750000
PR Worst: 0.375000
PR Average: 0.550781
PR Median: 0.500000
PR Standard Deviation: 0.017624
SR: 0.000000
---- Accuracy: 0.100000 ----
---- Accuracy: 0.010000 ----
PR Best: 0.750000
PR Worst: 0.375000
PR Average: 0.550781
PR Median: 0.500000
PR Standard Deviation: 0.017624
SR: 0.000000
---- Accuracy: 0.010000 ----
---- Accuracy: 0.001000 ----
PR Best: 0.750000
PR Worst: 0.375000
PR Average: 0.550781
PR Median: 0.500000
PR Standard Deviation: 0.017624
SR: 0.000000
---- Accuracy: 0.001000 ----
---- Accuracy: 0.000100 ----
PR Best: 0.750000
PR Worst: 0.375000
PR Average: 0.550781
PR Median: 0.500000
PR Standard Deviation: 0.017624
SR: 0.000000
---- Accuracy: 0.000100 ----
---- Accuracy: 0.000010 ----
PR Best: 0.750000
PR Worst: 0.375000
PR Average: 0.550781
PR Median: 0.500000
PR Standard Deviation: 0.017624
SR: 0.000000
---- Accuracy: 0.000010 ----
--------------------- Problem 5 ---------------------

--------------------- Problem 6 ---------------------
---- Accuracy: 0.100000 ----
PR Best: 0.406250
PR Worst: 0.156250
PR Average: 0.211914
PR Median: 0.187500
PR Standard Deviation: 0.008845
SR: 0.000000
---- Accuracy: 0.100000 ----
---- Accuracy: 0.010000 ----
PR Best: 0.281250
PR Worst: 0.062500
PR Average: 0.196289
PR Median: 0.187500
PR Standard Deviation: 0.007587
SR: 0.000000
---- Accuracy: 0.010000 ----
---- Accuracy: 0.001000 ----
PR Best: 0.281250
PR Worst: 0.000000
PR Average: 0.191406
PR Median: 0.187500
PR Standard Deviation: 0.009996
SR: 0.000000
---- Accuracy: 0.001000 ----
---- Accuracy: 0.000100 ----
PR Best: 0.281250
PR Worst: 0.000000
PR Average: 0.187500
PR Median: 0.187500
PR Standard Deviation: 0.010406
SR: 0.000000
---- Accuracy: 0.000100 ----
---- Accuracy: 0.000010 ----
PR Best: 0.281250
PR Worst: 0.000000
PR Average: 0.186523
PR Median: 0.187500
PR Standard Deviation: 0.010546
SR: 0.000000
---- Accuracy: 0.000010 ----
--------------------- Problem 6 ---------------------

--------------------- Problem 7 ---------------------
---- Accuracy: 0.100000 ----
PR Best: 1.000000
PR Worst: 0.500000
PR Average: 0.953125
PR Median: 1.000000
PR Standard Deviation: 0.026176
SR: 0.906250
---- Accuracy: 0.100000 ----
---- Accuracy: 0.010000 ----
PR Best: 1.000000
PR Worst: 0.500000
PR Average: 0.953125
PR Median: 1.000000
PR Standard Deviation: 0.026176
SR: 0.906250
---- Accuracy: 0.010000 ----
---- Accuracy: 0.001000 ----
PR Best: 1.000000
PR Worst: 0.500000
PR Average: 0.953125
PR Median: 1.000000
PR Standard Deviation: 0.026176
SR: 0.906250
---- Accuracy: 0.001000 ----
---- Accuracy: 0.000100 ----
PR Best: 1.000000
PR Worst: 0.500000
PR Average: 0.953125
PR Median: 1.000000
PR Standard Deviation: 0.026176
SR: 0.906250
---- Accuracy: 0.000100 ----
---- Accuracy: 0.000010 ----
PR Best: 1.000000
PR Worst: 0.500000
PR Average: 0.953125
PR Median: 1.000000
PR Standard Deviation: 0.026176
SR: 0.906250
---- Accuracy: 0.000010 ----
--------------------- Problem 7 ---------------------

--------------------- Problem 8 ---------------------
---- Accuracy: 0.100000 ----
PR Best: 0.875000
PR Worst: 0.375000
PR Average: 0.566406
PR Median: 0.500000
PR Standard Deviation: 0.020989
SR: 0.000000
---- Accuracy: 0.100000 ----
---- Accuracy: 0.010000 ----
PR Best: 0.875000
PR Worst: 0.375000
PR Average: 0.566406
PR Median: 0.500000
PR Standard Deviation: 0.020989
SR: 0.000000
---- Accuracy: 0.010000 ----
---- Accuracy: 0.001000 ----
PR Best: 0.875000
PR Worst: 0.375000
PR Average: 0.566406
PR Median: 0.500000
PR Standard Deviation: 0.020989
SR: 0.000000
---- Accuracy: 0.001000 ----
---- Accuracy: 0.000100 ----
PR Best: 0.875000
PR Worst: 0.375000
PR Average: 0.566406
PR Median: 0.500000
PR Standard Deviation: 0.020989
SR: 0.000000
---- Accuracy: 0.000100 ----
---- Accuracy: 0.000010 ----
PR Best: 0.875000
PR Worst: 0.375000
PR Average: 0.566406
PR Median: 0.500000
PR Standard Deviation: 0.020989
SR: 0.000000
---- Accuracy: 0.000010 ----
--------------------- Problem 8 ---------------------

--------------------- Problem 9 ---------------------
---- Accuracy: 0.100000 ----
PR Best: 0.281250
PR Worst: 0.062500
PR Average: 0.211914
PR Median: 0.218750
PR Standard Deviation: 0.010475
SR: 0.000000
---- Accuracy: 0.100000 ----
---- Accuracy: 0.010000 ----
PR Best: 0.281250
PR Worst: 0.062500
PR Average: 0.211914
PR Median: 0.218750
PR Standard Deviation: 0.010475
SR: 0.000000
---- Accuracy: 0.010000 ----
---- Accuracy: 0.001000 ----
PR Best: 0.281250
PR Worst: 0.062500
PR Average: 0.211914
PR Median: 0.218750
PR Standard Deviation: 0.010475
SR: 0.000000
---- Accuracy: 0.001000 ----
---- Accuracy: 0.000100 ----
PR Best: 0.281250
PR Worst: 0.062500
PR Average: 0.211914
PR Median: 0.218750
PR Standard Deviation: 0.010475
SR: 0.000000
---- Accuracy: 0.000100 ----
---- Accuracy: 0.000010 ----
PR Best: 0.281250
PR Worst: 0.062500
PR Average: 0.209961
PR Median: 0.218750
PR Standard Deviation: 0.010428
SR: 0.000000
---- Accuracy: 0.000010 ----
--------------------- Problem 9 ---------------------

--------------------- Problem 10 ---------------------
---- Accuracy: 0.100000 ----
PR Best: 0.400000
PR Worst: 0.100000
PR Average: 0.281250
PR Median: 0.300000
PR Standard Deviation: 0.013043
SR: 0.000000
---- Accuracy: 0.100000 ----
---- Accuracy: 0.010000 ----
PR Best: 0.400000
PR Worst: 0.100000
PR Average: 0.281250
PR Median: 0.300000
PR Standard Deviation: 0.013043
SR: 0.000000
---- Accuracy: 0.010000 ----
---- Accuracy: 0.001000 ----
PR Best: 0.400000
PR Worst: 0.100000
PR Average: 0.281250
PR Median: 0.300000
PR Standard Deviation: 0.013043
SR: 0.000000
---- Accuracy: 0.001000 ----
---- Accuracy: 0.000100 ----
PR Best: 0.400000
PR Worst: 0.100000
PR Average: 0.281250
PR Median: 0.300000
PR Standard Deviation: 0.013043
SR: 0.000000
---- Accuracy: 0.000100 ----
---- Accuracy: 0.000010 ----
PR Best: 0.400000
PR Worst: 0.100000
PR Average: 0.281250
PR Median: 0.300000
PR Standard Deviation: 0.013043
SR: 0.000000
---- Accuracy: 0.000010 ----
--------------------- Problem 10 ---------------------

--------------------- Problem 11 ---------------------
---- Accuracy: 0.100000 ----
PR Best: 1.000000
PR Worst: 0.750000
PR Average: 0.968750
PR Median: 1.000000
PR Standard Deviation: 0.014850
SR: 0.875000
---- Accuracy: 0.100000 ----
---- Accuracy: 0.010000 ----
PR Best: 1.000000
PR Worst: 0.750000
PR Average: 0.968750
PR Median: 1.000000
PR Standard Deviation: 0.014850
SR: 0.875000
---- Accuracy: 0.010000 ----
---- Accuracy: 0.001000 ----
PR Best: 1.000000
PR Worst: 0.750000
PR Average: 0.968750
PR Median: 1.000000
PR Standard Deviation: 0.014850
SR: 0.875000
---- Accuracy: 0.001000 ----
---- Accuracy: 0.000100 ----
PR Best: 1.000000
PR Worst: 0.750000
PR Average: 0.968750
PR Median: 1.000000
PR Standard Deviation: 0.014850
SR: 0.875000
---- Accuracy: 0.000100 ----
---- Accuracy: 0.000010 ----
PR Best: 1.000000
PR Worst: 0.750000
PR Average: 0.968750
PR Median: 1.000000
PR Standard Deviation: 0.014850
SR: 0.875000
---- Accuracy: 0.000010 ----
--------------------- Problem 11 ---------------------

--------------------- Problem 12 ---------------------
---- Accuracy: 0.100000 ----
PR Best: 1.000000
PR Worst: 0.750000
PR Average: 0.835938
PR Median: 0.750000
PR Standard Deviation: 0.021326
SR: 0.343750
---- Accuracy: 0.100000 ----
---- Accuracy: 0.010000 ----
PR Best: 1.000000
PR Worst: 0.750000
PR Average: 0.835938
PR Median: 0.750000
PR Standard Deviation: 0.021326
SR: 0.343750
---- Accuracy: 0.010000 ----
---- Accuracy: 0.001000 ----
PR Best: 1.000000
PR Worst: 0.750000
PR Average: 0.835938
PR Median: 0.750000
PR Standard Deviation: 0.021326
SR: 0.343750
---- Accuracy: 0.001000 ----
---- Accuracy: 0.000100 ----
PR Best: 1.000000
PR Worst: 0.750000
PR Average: 0.835938
PR Median: 0.750000
PR Standard Deviation: 0.021326
SR: 0.343750
---- Accuracy: 0.000100 ----
---- Accuracy: 0.000010 ----
PR Best: 1.000000
PR Worst: 0.750000
PR Average: 0.835938
PR Median: 0.750000
PR Standard Deviation: 0.021326
SR: 0.343750
---- Accuracy: 0.000010 ----
--------------------- Problem 12 ---------------------

--------------------- Problem 13 ---------------------
---- Accuracy: 0.100000 ----
PR Best: 1.000000
PR Worst: 1.000000
PR Average: 1.000000
PR Median: 1.000000
PR Standard Deviation: 0.000000
SR: 1.000000
---- Accuracy: 0.100000 ----
---- Accuracy: 0.010000 ----
PR Best: 1.000000
PR Worst: 1.000000
PR Average: 1.000000
PR Median: 1.000000
PR Standard Deviation: 0.000000
SR: 1.000000
---- Accuracy: 0.010000 ----
---- Accuracy: 0.001000 ----
PR Best: 1.000000
PR Worst: 1.000000
PR Average: 1.000000
PR Median: 1.000000
PR Standard Deviation: 0.000000
SR: 1.000000
---- Accuracy: 0.001000 ----
---- Accuracy: 0.000100 ----
PR Best: 1.000000
PR Worst: 1.000000
PR Average: 1.000000
PR Median: 1.000000
PR Standard Deviation: 0.000000
SR: 1.000000
---- Accuracy: 0.000100 ----
---- Accuracy: 0.000010 ----
PR Best: 1.000000
PR Worst: 1.000000
PR Average: 1.000000
PR Median: 1.000000
PR Standard Deviation: 0.000000
SR: 1.000000
---- Accuracy: 0.000010 ----
--------------------- Problem 13 ---------------------

--------------------- Problem 14 ---------------------
---- Accuracy: 0.100000 ----
PR Best: 0.300000
PR Worst: 0.200000
PR Average: 0.265625
PR Median: 0.300000
PR Standard Deviation: 0.008531
SR: 0.000000
---- Accuracy: 0.100000 ----
---- Accuracy: 0.010000 ----
PR Best: 0.300000
PR Worst: 0.200000
PR Average: 0.265625
PR Median: 0.300000
PR Standard Deviation: 0.008531
SR: 0.000000
---- Accuracy: 0.010000 ----
---- Accuracy: 0.001000 ----
PR Best: 0.300000
PR Worst: 0.200000
PR Average: 0.265625
PR Median: 0.300000
PR Standard Deviation: 0.008531
SR: 0.000000
---- Accuracy: 0.001000 ----
---- Accuracy: 0.000100 ----
PR Best: 0.300000
PR Worst: 0.200000
PR Average: 0.265625
PR Median: 0.300000
PR Standard Deviation: 0.008531
SR: 0.000000
---- Accuracy: 0.000100 ----
---- Accuracy: 0.000010 ----
PR Best: 0.300000
PR Worst: 0.200000
PR Average: 0.265625
PR Median: 0.300000
PR Standard Deviation: 0.008531
SR: 0.000000
---- Accuracy: 0.000010 ----
--------------------- Problem 14 ---------------------

--------------------- Problem 15 ---------------------
---- Accuracy: 0.100000 ----
PR Best: 1.000000
PR Worst: 0.375000
PR Average: 0.550781
PR Median: 0.500000
PR Standard Deviation: 0.021636
SR: 0.031250
---- Accuracy: 0.100000 ----
---- Accuracy: 0.010000 ----
PR Best: 0.625000
PR Worst: 0.375000
PR Average: 0.527344
PR Median: 0.500000
PR Standard Deviation: 0.016588
SR: 0.000000
---- Accuracy: 0.010000 ----
---- Accuracy: 0.001000 ----
PR Best: 0.625000
PR Worst: 0.250000
PR Average: 0.507812
PR Median: 0.500000
PR Standard Deviation: 0.019392
SR: 0.000000
---- Accuracy: 0.001000 ----
---- Accuracy: 0.000100 ----
PR Best: 0.625000
PR Worst: 0.000000
PR Average: 0.480469
PR Median: 0.500000
PR Standard Deviation: 0.025169
SR: 0.000000
---- Accuracy: 0.000100 ----
---- Accuracy: 0.000010 ----
PR Best: 0.625000
PR Worst: 0.000000
PR Average: 0.480469
PR Median: 0.500000
PR Standard Deviation: 0.025169
SR: 0.000000
---- Accuracy: 0.000010 ----
--------------------- Problem 15 ---------------------

--------------------- Problem 16 ---------------------
---- Accuracy: 0.100000 ----
PR Best: 0.625000
PR Worst: 0.125000
PR Average: 0.191406
PR Median: 0.166667
PR Standard Deviation: 0.017931
SR: 0.000000
---- Accuracy: 0.100000 ----
---- Accuracy: 0.010000 ----
PR Best: 0.208333
PR Worst: 0.125000
PR Average: 0.167969
PR Median: 0.166667
PR Standard Deviation: 0.004381
SR: 0.000000
---- Accuracy: 0.010000 ----
---- Accuracy: 0.001000 ----
PR Best: 0.208333
PR Worst: 0.000000
PR Average: 0.158854
PR Median: 0.166667
PR Standard Deviation: 0.007109
SR: 0.000000
---- Accuracy: 0.001000 ----
---- Accuracy: 0.000100 ----
PR Best: 0.208333
PR Worst: 0.000000
PR Average: 0.156250
PR Median: 0.166667
PR Standard Deviation: 0.008367
SR: 0.000000
---- Accuracy: 0.000100 ----
---- Accuracy: 0.000010 ----
PR Best: 0.208333
PR Worst: 0.000000
PR Average: 0.156250
PR Median: 0.166667
PR Standard Deviation: 0.008367
SR: 0.000000
---- Accuracy: 0.000010 ----
--------------------- Problem 16 ---------------------

--------------------- Problem 17 ---------------------
---- Accuracy: 0.100000 ----
PR Best: 1.000000
PR Worst: 0.187500
PR Average: 0.464844
PR Median: 0.375000
PR Standard Deviation: 0.041429
SR: 0.062500
---- Accuracy: 0.100000 ----
---- Accuracy: 0.010000 ----
PR Best: 0.500000
PR Worst: 0.000000
PR Average: 0.289062
PR Median: 0.312500
PR Standard Deviation: 0.020382
SR: 0.000000
---- Accuracy: 0.010000 ----
---- Accuracy: 0.001000 ----
PR Best: 0.375000
PR Worst: 0.000000
PR Average: 0.224609
PR Median: 0.250000
PR Standard Deviation: 0.015840
SR: 0.000000
---- Accuracy: 0.001000 ----
---- Accuracy: 0.000100 ----
PR Best: 0.312500
PR Worst: 0.000000
PR Average: 0.201172
PR Median: 0.218750
PR Standard Deviation: 0.015558
SR: 0.000000
---- Accuracy: 0.000100 ----
---- Accuracy: 0.000010 ----
PR Best: 0.312500
PR Worst: 0.000000
PR Average: 0.199219
PR Median: 0.218750
PR Standard Deviation: 0.015983
SR: 0.000000
---- Accuracy: 0.000010 ----
--------------------- Problem 17 ---------------------

--------------------- Problem 18 ---------------------
---- Accuracy: 0.100000 ----
PR Best: 0.187500
PR Worst: 0.000000
PR Average: 0.053223
PR Median: 0.000000
PR Standard Deviation: 0.014204
SR: 0.000000
---- Accuracy: 0.100000 ----
---- Accuracy: 0.010000 ----
PR Best: 0.078125
PR Worst: 0.000000
PR Average: 0.010742
PR Median: 0.000000
PR Standard Deviation: 0.003248
SR: 0.000000
---- Accuracy: 0.010000 ----
---- Accuracy: 0.001000 ----
PR Best: 0.015625
PR Worst: 0.000000
PR Average: 0.004395
PR Median: 0.000000
PR Standard Deviation: 0.001262
SR: 0.000000
---- Accuracy: 0.001000 ----
---- Accuracy: 0.000100 ----
PR Best: 0.015625
PR Worst: 0.000000
PR Average: 0.000488
PR Median: 0.000000
PR Standard Deviation: 0.000488
SR: 0.000000
---- Accuracy: 0.000100 ----
---- Accuracy: 0.000010 ----
PR Best: 0.000000
PR Worst: 0.000000
PR Average: 0.000000
PR Median: 0.000000
PR Standard Deviation: 0.000000
SR: 0.000000
---- Accuracy: 0.000010 ----
--------------------- Problem 18 ---------------------

--------------------- Stats ---------------------
Problem: 1, Average Peak Ratio: 1.000000
Problem: 2, Average Peak Ratio: 1.000000
Problem: 3, Average Peak Ratio: 0.851562
Problem: 4, Average Peak Ratio: 1.000000
Problem: 5, Average Peak Ratio: 0.550781
Problem: 6, Average Peak Ratio: 0.194727
Problem: 7, Average Peak Ratio: 0.953125
Problem: 8, Average Peak Ratio: 0.566406
Problem: 9, Average Peak Ratio: 0.211523
Problem: 10, Average Peak Ratio: 0.281250
Problem: 11, Average Peak Ratio: 0.968750
Problem: 12, Average Peak Ratio: 0.835938
Problem: 13, Average Peak Ratio: 1.000000
Problem: 14, Average Peak Ratio: 0.265625
Problem: 15, Average Peak Ratio: 0.509375
Problem: 16, Average Peak Ratio: 0.166146
Problem: 17, Average Peak Ratio: 0.275781
Problem: 18, Average Peak Ratio: 0.013770
Overall Average Peak Ratio: 0.591376
Accuracy: 0.100000, Average Peak Ratio: 0.608751
Accuracy: 0.010000, Average Peak Ratio: 0.593153
Accuracy: 0.001000, Average Peak Ratio: 0.587357
Accuracy: 0.000100, Average Peak Ratio: 0.583957
Accuracy: 0.000010, Average Peak Ratio: 0.583659
Accuracy: 0.100000, Average Success Ratio: 0.369792
Accuracy: 0.010000, Average Success Ratio: 0.364583
Accuracy: 0.001000, Average Success Ratio: 0.364583
Accuracy: 0.000100, Average Success Ratio: 0.364583
Accuracy: 0.000010, Average Success Ratio: 0.364583
--------------------- Stats ---------------------
