--------------------- Problem 1 ---------------------
---- Accuracy: 0.100000 ----
PR Best: 1.000000
PR Worst: 1.000000
PR Average: 1.000000
PR Median: 1.000000
PR Standard Deviation: 0.000000
SR: 1.000000
---- Accuracy: 0.100000 ----
---- Accuracy: 0.010000 ----
PR Best: 1.000000
PR Worst: 1.000000
PR Average: 1.000000
PR Median: 1.000000
PR Standard Deviation: 0.000000
SR: 1.000000
---- Accuracy: 0.010000 ----
---- Accuracy: 0.001000 ----
PR Best: 1.000000
PR Worst: 1.000000
PR Average: 1.000000
PR Median: 1.000000
PR Standard Deviation: 0.000000
SR: 1.000000
---- Accuracy: 0.001000 ----
---- Accuracy: 0.000100 ----
PR Best: 1.000000
PR Worst: 1.000000
PR Average: 1.000000
PR Median: 1.000000
PR Standard Deviation: 0.000000
SR: 1.000000
---- Accuracy: 0.000100 ----
---- Accuracy: 0.000010 ----
PR Best: 1.000000
PR Worst: 1.000000
PR Average: 1.000000
PR Median: 1.000000
PR Standard Deviation: 0.000000
SR: 1.000000
---- Accuracy: 0.000010 ----
--------------------- Problem 1 ---------------------

--------------------- Problem 2 ---------------------
---- Accuracy: 0.100000 ----
PR Best: 1.000000
PR Worst: 1.000000
PR Average: 1.000000
PR Median: 1.000000
PR Standard Deviation: 0.000000
SR: 1.000000
---- Accuracy: 0.100000 ----
---- Accuracy: 0.010000 ----
PR Best: 1.000000
PR Worst: 1.000000
PR Average: 1.000000
PR Median: 1.000000
PR Standard Deviation: 0.000000
SR: 1.000000
---- Accuracy: 0.010000 ----
---- Accuracy: 0.001000 ----
PR Best: 1.000000
PR Worst: 1.000000
PR Average: 1.000000
PR Median: 1.000000
PR Standard Deviation: 0.000000
SR: 1.000000
---- Accuracy: 0.001000 ----
---- Accuracy: 0.000100 ----
PR Best: 1.000000
PR Worst: 1.000000
PR Average: 1.000000
PR Median: 1.000000
PR Standard Deviation: 0.000000
SR: 1.000000
---- Accuracy: 0.000100 ----
---- Accuracy: 0.000010 ----
PR Best: 1.000000
PR Worst: 1.000000
PR Average: 1.000000
PR Median: 1.000000
PR Standard Deviation: 0.000000
SR: 1.000000
---- Accuracy: 0.000010 ----
--------------------- Problem 2 ---------------------

--------------------- Problem 3 ---------------------
---- Accuracy: 0.100000 ----
PR Best: 1.000000
PR Worst: 0.500000
PR Average: 0.820312
PR Median: 0.750000
PR Standard Deviation: 0.025682
SR: 0.343750
---- Accuracy: 0.100000 ----
---- Accuracy: 0.010000 ----
PR Best: 1.000000
PR Worst: 0.500000
PR Average: 0.820312
PR Median: 0.750000
PR Standard Deviation: 0.025682
SR: 0.343750
---- Accuracy: 0.010000 ----
---- Accuracy: 0.001000 ----
PR Best: 1.000000
PR Worst: 0.500000
PR Average: 0.820312
PR Median: 0.750000
PR Standard Deviation: 0.025682
SR: 0.343750
---- Accuracy: 0.001000 ----
---- Accuracy: 0.000100 ----
PR Best: 1.000000
PR Worst: 0.500000
PR Average: 0.820312
PR Median: 0.750000
PR Standard Deviation: 0.025682
SR: 0.343750
---- Accuracy: 0.000100 ----
---- Accuracy: 0.000010 ----
PR Best: 1.000000
PR Worst: 0.500000
PR Average: 0.820312
PR Median: 0.750000
PR Standard Deviation: 0.025682
SR: 0.343750
---- Accuracy: 0.000010 ----
--------------------- Problem 3 ---------------------

--------------------- Problem 4 ---------------------
---- Accuracy: 0.100000 ----
PR Best: 1.000000
PR Worst: 1.000000
PR Average: 1.000000
PR Median: 1.000000
PR Standard Deviation: 0.000000
SR: 1.000000
---- Accuracy: 0.100000 ----
---- Accuracy: 0.010000 ----
PR Best: 1.000000
PR Worst: 1.000000
PR Average: 1.000000
PR Median: 1.000000
PR Standard Deviation: 0.000000
SR: 1.000000
---- Accuracy: 0.010000 ----
---- Accuracy: 0.001000 ----
PR Best: 1.000000
PR Worst: 1.000000
PR Average: 1.000000
PR Median: 1.000000
PR Standard Deviation: 0.000000
SR: 1.000000
---- Accuracy: 0.001000 ----
---- Accuracy: 0.000100 ----
PR Best: 1.000000
PR Worst: 1.000000
PR Average: 1.000000
PR Median: 1.000000
PR Standard Deviation: 0.000000
SR: 1.000000
---- Accuracy: 0.000100 ----
---- Accuracy: 0.000010 ----
PR Best: 1.000000
PR Worst: 1.000000
PR Average: 1.000000
PR Median: 1.000000
PR Standard Deviation: 0.000000
SR: 1.000000
---- Accuracy: 0.000010 ----
--------------------- Problem 4 ---------------------

--------------------- Problem 5 ---------------------
---- Accuracy: 0.100000 ----
PR Best: 0.875000
PR Worst: 0.375000
PR Average: 0.585938
PR Median: 0.625000
PR Standard Deviation: 0.019794
SR: 0.000000
---- Accuracy: 0.100000 ----
---- Accuracy: 0.010000 ----
PR Best: 0.875000
PR Worst: 0.375000
PR Average: 0.585938
PR Median: 0.625000
PR Standard Deviation: 0.019794
SR: 0.000000
---- Accuracy: 0.010000 ----
---- Accuracy: 0.001000 ----
PR Best: 0.875000
PR Worst: 0.375000
PR Average: 0.585938
PR Median: 0.625000
PR Standard Deviation: 0.019794
SR: 0.000000
---- Accuracy: 0.001000 ----
---- Accuracy: 0.000100 ----
PR Best: 0.875000
PR Worst: 0.375000
PR Average: 0.585938
PR Median: 0.625000
PR Standard Deviation: 0.019794
SR: 0.000000
---- Accuracy: 0.000100 ----
---- Accuracy: 0.000010 ----
PR Best: 0.875000
PR Worst: 0.375000
PR Average: 0.585938
PR Median: 0.625000
PR Standard Deviation: 0.019794
SR: 0.000000
---- Accuracy: 0.000010 ----
--------------------- Problem 5 ---------------------

--------------------- Problem 6 ---------------------
---- Accuracy: 0.100000 ----
PR Best: 0.281250
PR Worst: 0.187500
PR Average: 0.214844
PR Median: 0.218750
PR Standard Deviation: 0.004381
SR: 0.000000
---- Accuracy: 0.100000 ----
---- Accuracy: 0.010000 ----
PR Best: 0.281250
PR Worst: 0.187500
PR Average: 0.214844
PR Median: 0.218750
PR Standard Deviation: 0.004381
SR: 0.000000
---- Accuracy: 0.010000 ----
---- Accuracy: 0.001000 ----
PR Best: 0.281250
PR Worst: 0.187500
PR Average: 0.214844
PR Median: 0.218750
PR Standard Deviation: 0.004381
SR: 0.000000
---- Accuracy: 0.001000 ----
---- Accuracy: 0.000100 ----
PR Best: 0.281250
PR Worst: 0.187500
PR Average: 0.214844
PR Median: 0.218750
PR Standard Deviation: 0.004381
SR: 0.000000
---- Accuracy: 0.000100 ----
---- Accuracy: 0.000010 ----
PR Best: 0.281250
PR Worst: 0.125000
PR Average: 0.208984
PR Median: 0.218750
PR Standard Deviation: 0.005859
SR: 0.000000
---- Accuracy: 0.000010 ----
--------------------- Problem 6 ---------------------

--------------------- Problem 7 ---------------------
---- Accuracy: 0.100000 ----
PR Best: 1.000000
PR Worst: 0.500000
PR Average: 0.968750
PR Median: 1.000000
PR Standard Deviation: 0.021738
SR: 0.937500
---- Accuracy: 0.100000 ----
---- Accuracy: 0.010000 ----
PR Best: 1.000000
PR Worst: 0.500000
PR Average: 0.968750
PR Median: 1.000000
PR Standard Deviation: 0.021738
SR: 0.937500
---- Accuracy: 0.010000 ----
---- Accuracy: 0.001000 ----
PR Best: 1.000000
PR Worst: 0.500000
PR Average: 0.968750
PR Median: 1.000000
PR Standard Deviation: 0.021738
SR: 0.937500
---- Accuracy: 0.001000 ----
---- Accuracy: 0.000100 ----
PR Best: 1.000000
PR Worst: 0.500000
PR Average: 0.968750
PR Median: 1.000000
PR Standard Deviation: 0.021738
SR: 0.937500
---- Accuracy: 0.000100 ----
---- Accuracy: 0.000010 ----
PR Best: 1.000000
PR Worst: 0.500000
PR Average: 0.968750
PR Median: 1.000000
PR Standard Deviation: 0.021738
SR: 0.937500
---- Accuracy: 0.000010 ----
--------------------- Problem 7 ---------------------

--------------------- Problem 8 ---------------------
---- Accuracy: 0.100000 ----
PR Best: 0.875000
PR Worst: 0.375000
PR Average: 0.636719
PR Median: 0.625000
PR Standard Deviation: 0.027701
SR: 0.000000
---- Accuracy: 0.100000 ----
---- Accuracy: 0.010000 ----
PR Best: 0.875000
PR Worst: 0.375000
PR Average: 0.636719
PR Median: 0.625000
PR Standard Deviation: 0.027701
SR: 0.000000
---- Accuracy: 0.010000 ----
---- Accuracy: 0.001000 ----
PR Best: 0.875000
PR Worst: 0.375000
PR Average: 0.636719
PR Median: 0.625000
PR Standard Deviation: 0.027701
SR: 0.000000
---- Accuracy: 0.001000 ----
---- Accuracy: 0.000100 ----
PR Best: 0.875000
PR Worst: 0.375000
PR Average: 0.636719
PR Median: 0.625000
PR Standard Deviation: 0.027701
SR: 0.000000
---- Accuracy: 0.000100 ----
---- Accuracy: 0.000010 ----
PR Best: 0.875000
PR Worst: 0.375000
PR Average: 0.636719
PR Median: 0.625000
PR Standard Deviation: 0.027701
SR: 0.000000
---- Accuracy: 0.000010 ----
--------------------- Problem 8 ---------------------

--------------------- Problem 9 ---------------------
---- Accuracy: 0.100000 ----
PR Best: 0.250000
PR Worst: 0.093750
PR Average: 0.176758
PR Median: 0.156250
PR Standard Deviation: 0.006214
SR: 0.000000
---- Accuracy: 0.100000 ----
---- Accuracy: 0.010000 ----
PR Best: 0.250000
PR Worst: 0.093750
PR Average: 0.176758
PR Median: 0.156250
PR Standard Deviation: 0.006214
SR: 0.000000
---- Accuracy: 0.010000 ----
---- Accuracy: 0.001000 ----
PR Best: 0.250000
PR Worst: 0.093750
PR Average: 0.176758
PR Median: 0.156250
PR Standard Deviation: 0.006214
SR: 0.000000
---- Accuracy: 0.001000 ----
---- Accuracy: 0.000100 ----
PR Best: 0.250000
PR Worst: 0.093750
PR Average: 0.176758
PR Median: 0.156250
PR Standard Deviation: 0.006214
SR: 0.000000
---- Accuracy: 0.000100 ----
---- Accuracy: 0.000010 ----
PR Best: 0.250000
PR Worst: 0.093750
PR Average: 0.176758
PR Median: 0.156250
PR Standard Deviation: 0.006214
SR: 0.000000
---- Accuracy: 0.000010 ----
--------------------- Problem 9 ---------------------

--------------------- Problem 10 ---------------------
---- Accuracy: 0.100000 ----
PR Best: 0.400000
PR Worst: 0.200000
PR Average: 0.262500
PR Median: 0.300000
PR Standard Deviation: 0.010767
SR: 0.000000
---- Accuracy: 0.100000 ----
---- Accuracy: 0.010000 ----
PR Best: 0.400000
PR Worst: 0.200000
PR Average: 0.262500
PR Median: 0.300000
PR Standard Deviation: 0.010767
SR: 0.000000
---- Accuracy: 0.010000 ----
---- Accuracy: 0.001000 ----
PR Best: 0.400000
PR Worst: 0.200000
PR Average: 0.262500
PR Median: 0.300000
PR Standard Deviation: 0.010767
SR: 0.000000
---- Accuracy: 0.001000 ----
---- Accuracy: 0.000100 ----
PR Best: 0.400000
PR Worst: 0.200000
PR Average: 0.262500
PR Median: 0.300000
PR Standard Deviation: 0.010767
SR: 0.000000
---- Accuracy: 0.000100 ----
---- Accuracy: 0.000010 ----
PR Best: 0.400000
PR Worst: 0.200000
PR Average: 0.262500
PR Median: 0.300000
PR Standard Deviation: 0.010767
SR: 0.000000
---- Accuracy: 0.000010 ----
--------------------- Problem 10 ---------------------

--------------------- Problem 11 ---------------------
---- Accuracy: 0.100000 ----
PR Best: 1.000000
PR Worst: 0.750000
PR Average: 0.992188
PR Median: 1.000000
PR Standard Deviation: 0.007812
SR: 0.968750
---- Accuracy: 0.100000 ----
---- Accuracy: 0.010000 ----
PR Best: 1.000000
PR Worst: 0.750000
PR Average: 0.992188
PR Median: 1.000000
PR Standard Deviation: 0.007812
SR: 0.968750
---- Accuracy: 0.010000 ----
---- Accuracy: 0.001000 ----
PR Best: 1.000000
PR Worst: 0.750000
PR Average: 0.992188
PR Median: 1.000000
PR Standard Deviation: 0.007812
SR: 0.968750
---- Accuracy: 0.001000 ----
---- Accuracy: 0.000100 ----
PR Best: 1.000000
PR Worst: 0.750000
PR Average: 0.992188
PR Median: 1.000000
PR Standard Deviation: 0.007812
SR: 0.968750
---- Accuracy: 0.000100 ----
---- Accuracy: 0.000010 ----
PR Best: 1.000000
PR Worst: 0.750000
PR Average: 0.992188
PR Median: 1.000000
PR Standard Deviation: 0.007812
SR: 0.968750
---- Accuracy: 0.000010 ----
--------------------- Problem 11 ---------------------

--------------------- Problem 12 ---------------------
---- Accuracy: 0.100000 ----
PR Best: 1.000000
PR Worst: 0.500000
PR Average: 0.898438
PR Median: 1.000000
PR Standard Deviation: 0.024745
SR: 0.625000
---- Accuracy: 0.100000 ----
---- Accuracy: 0.010000 ----
PR Best: 1.000000
PR Worst: 0.500000
PR Average: 0.898438
PR Median: 1.000000
PR Standard Deviation: 0.024745
SR: 0.625000
---- Accuracy: 0.010000 ----
---- Accuracy: 0.001000 ----
PR Best: 1.000000
PR Worst: 0.500000
PR Average: 0.898438
PR Median: 1.000000
PR Standard Deviation: 0.024745
SR: 0.625000
---- Accuracy: 0.001000 ----
---- Accuracy: 0.000100 ----
PR Best: 1.000000
PR Worst: 0.500000
PR Average: 0.898438
PR Median: 1.000000
PR Standard Deviation: 0.024745
SR: 0.625000
---- Accuracy: 0.000100 ----
---- Accuracy: 0.000010 ----
PR Best: 1.000000
PR Worst: 0.500000
PR Average: 0.898438
PR Median: 1.000000
PR Standard Deviation: 0.024745
SR: 0.625000
---- Accuracy: 0.000010 ----
--------------------- Problem 12 ---------------------

--------------------- Problem 13 ---------------------
---- Accuracy: 0.100000 ----
PR Best: 1.000000
PR Worst: 0.500000
PR Average: 0.937500
PR Median: 1.000000
PR Standard Deviation: 0.029699
SR: 0.875000
---- Accuracy: 0.100000 ----
---- Accuracy: 0.010000 ----
PR Best: 1.000000
PR Worst: 0.500000
PR Average: 0.937500
PR Median: 1.000000
PR Standard Deviation: 0.029699
SR: 0.875000
---- Accuracy: 0.010000 ----
---- Accuracy: 0.001000 ----
PR Best: 1.000000
PR Worst: 0.500000
PR Average: 0.937500
PR Median: 1.000000
PR Standard Deviation: 0.029699
SR: 0.875000
---- Accuracy: 0.001000 ----
---- Accuracy: 0.000100 ----
PR Best: 1.000000
PR Worst: 0.500000
PR Average: 0.937500
PR Median: 1.000000
PR Standard Deviation: 0.029699
SR: 0.875000
---- Accuracy: 0.000100 ----
---- Accuracy: 0.000010 ----
PR Best: 1.000000
PR Worst: 0.500000
PR Average: 0.937500
PR Median: 1.000000
PR Standard Deviation: 0.029699
SR: 0.875000
---- Accuracy: 0.000010 ----
--------------------- Problem 13 ---------------------

--------------------- Problem 14 ---------------------
---- Accuracy: 0.100000 ----
PR Best: 0.300000
PR Worst: 0.200000
PR Average: 0.287500
PR Median: 0.300000
PR Standard Deviation: 0.005940
SR: 0.000000
---- Accuracy: 0.100000 ----
---- Accuracy: 0.010000 ----
PR Best: 0.300000
PR Worst: 0.200000
PR Average: 0.287500
PR Median: 0.300000
PR Standard Deviation: 0.005940
SR: 0.000000
---- Accuracy: 0.010000 ----
---- Accuracy: 0.001000 ----
PR Best: 0.300000
PR Worst: 0.200000
PR Average: 0.287500
PR Median: 0.300000
PR Standard Deviation: 0.005940
SR: 0.000000
---- Accuracy: 0.001000 ----
---- Accuracy: 0.000100 ----
PR Best: 0.300000
PR Worst: 0.200000
PR Average: 0.287500
PR Median: 0.300000
PR Standard Deviation: 0.005940
SR: 0.000000
---- Accuracy: 0.000100 ----
---- Accuracy: 0.000010 ----
PR Best: 0.300000
PR Worst: 0.200000
PR Average: 0.287500
PR Median: 0.300000
PR Standard Deviation: 0.005940
SR: 0.000000
---- Accuracy: 0.000010 ----
--------------------- Problem 14 ---------------------

--------------------- Problem 15 ---------------------
---- Accuracy: 0.100000 ----
PR Best: 1.000000
PR Worst: 0.250000
PR Average: 0.511719
PR Median: 0.500000
PR Standard Deviation: 0.023385
SR: 0.031250
---- Accuracy: 0.100000 ----
---- Accuracy: 0.010000 ----
PR Best: 0.750000
PR Worst: 0.250000
PR Average: 0.503906
PR Median: 0.500000
PR Standard Deviation: 0.019021
SR: 0.000000
---- Accuracy: 0.010000 ----
---- Accuracy: 0.001000 ----
PR Best: 0.625000
PR Worst: 0.250000
PR Average: 0.500000
PR Median: 0.500000
PR Standard Deviation: 0.017749
SR: 0.000000
---- Accuracy: 0.001000 ----
---- Accuracy: 0.000100 ----
PR Best: 0.625000
PR Worst: 0.000000
PR Average: 0.480469
PR Median: 0.500000
PR Standard Deviation: 0.023216
SR: 0.000000
---- Accuracy: 0.000100 ----
---- Accuracy: 0.000010 ----
PR Best: 0.625000
PR Worst: 0.000000
PR Average: 0.480469
PR Median: 0.500000
PR Standard Deviation: 0.023216
SR: 0.000000
---- Accuracy: 0.000010 ----
--------------------- Problem 15 ---------------------

--------------------- Problem 16 ---------------------
---- Accuracy: 0.100000 ----
PR Best: 0.583333
PR Worst: 0.041667
PR Average: 0.180990
PR Median: 0.166667
PR Standard Deviation: 0.015832
SR: 0.000000
---- Accuracy: 0.100000 ----
---- Accuracy: 0.010000 ----
PR Best: 0.375000
PR Worst: 0.041667
PR Average: 0.170573
PR Median: 0.166667
PR Standard Deviation: 0.009421
SR: 0.000000
---- Accuracy: 0.010000 ----
---- Accuracy: 0.001000 ----
PR Best: 0.250000
PR Worst: 0.041667
PR Average: 0.162760
PR Median: 0.166667
PR Standard Deviation: 0.006838
SR: 0.000000
---- Accuracy: 0.001000 ----
---- Accuracy: 0.000100 ----
PR Best: 0.250000
PR Worst: 0.041667
PR Average: 0.160156
PR Median: 0.166667
PR Standard Deviation: 0.006236
SR: 0.000000
---- Accuracy: 0.000100 ----
---- Accuracy: 0.000010 ----
PR Best: 0.250000
PR Worst: 0.041667
PR Average: 0.158854
PR Median: 0.166667
PR Standard Deviation: 0.006327
SR: 0.000000
---- Accuracy: 0.000010 ----
--------------------- Problem 16 ---------------------

--------------------- Problem 17 ---------------------
---- Accuracy: 0.100000 ----
PR Best: 0.750000
PR Worst: 0.125000
PR Average: 0.351562
PR Median: 0.312500
PR Standard Deviation: 0.024263
SR: 0.000000
---- Accuracy: 0.100000 ----
---- Accuracy: 0.010000 ----
PR Best: 0.562500
PR Worst: 0.125000
PR Average: 0.328125
PR Median: 0.312500
PR Standard Deviation: 0.018402
SR: 0.000000
---- Accuracy: 0.010000 ----
---- Accuracy: 0.001000 ----
PR Best: 0.375000
PR Worst: 0.000000
PR Average: 0.248047
PR Median: 0.250000
PR Standard Deviation: 0.012701
SR: 0.000000
---- Accuracy: 0.001000 ----
---- Accuracy: 0.000100 ----
PR Best: 0.312500
PR Worst: 0.000000
PR Average: 0.234375
PR Median: 0.250000
PR Standard Deviation: 0.012860
SR: 0.000000
---- Accuracy: 0.000100 ----
---- Accuracy: 0.000010 ----
PR Best: 0.312500
PR Worst: 0.000000
PR Average: 0.234375
PR Median: 0.250000
PR Standard Deviation: 0.012860
SR: 0.000000
---- Accuracy: 0.000010 ----
--------------------- Problem 17 ---------------------

--------------------- Problem 18 ---------------------
---- Accuracy: 0.100000 ----
PR Best: 0.125000
PR Worst: 0.000000
PR Average: 0.032227
PR Median: 0.015625
PR Standard Deviation: 0.006154
SR: 0.000000
---- Accuracy: 0.100000 ----
---- Accuracy: 0.010000 ----
PR Best: 0.093750
PR Worst: 0.000000
PR Average: 0.005859
PR Median: 0.000000
PR Standard Deviation: 0.003762
SR: 0.000000
---- Accuracy: 0.010000 ----
---- Accuracy: 0.001000 ----
PR Best: 0.078125
PR Worst: 0.000000
PR Average: 0.003906
PR Median: 0.000000
PR Standard Deviation: 0.002625
SR: 0.000000
---- Accuracy: 0.001000 ----
---- Accuracy: 0.000100 ----
PR Best: 0.015625
PR Worst: 0.000000
PR Average: 0.001465
PR Median: 0.000000
PR Standard Deviation: 0.000818
SR: 0.000000
---- Accuracy: 0.000100 ----
---- Accuracy: 0.000010 ----
PR Best: 0.000000
PR Worst: 0.000000
PR Average: 0.000000
PR Median: 0.000000
PR Standard Deviation: 0.000000
SR: 0.000000
---- Accuracy: 0.000010 ----
--------------------- Problem 18 ---------------------

--------------------- Stats ---------------------
Problem: 1, Average Peak Ratio: 1.000000
Problem: 2, Average Peak Ratio: 1.000000
Problem: 3, Average Peak Ratio: 0.820312
Problem: 4, Average Peak Ratio: 1.000000
Problem: 5, Average Peak Ratio: 0.585938
Problem: 6, Average Peak Ratio: 0.213672
Problem: 7, Average Peak Ratio: 0.968750
Problem: 8, Average Peak Ratio: 0.636719
Problem: 9, Average Peak Ratio: 0.176758
Problem: 10, Average Peak Ratio: 0.262500
Problem: 11, Average Peak Ratio: 0.992188
Problem: 12, Average Peak Ratio: 0.898438
Problem: 13, Average Peak Ratio: 0.937500
Problem: 14, Average Peak Ratio: 0.287500
Problem: 15, Average Peak Ratio: 0.495312
Problem: 16, Average Peak Ratio: 0.166667
Problem: 17, Average Peak Ratio: 0.279297
Problem: 18, Average Peak Ratio: 0.008691
Overall Average Peak Ratio: 0.596124
Accuracy: 0.100000, Average Peak Ratio: 0.603219
Accuracy: 0.010000, Average Peak Ratio: 0.599439
Accuracy: 0.001000, Average Peak Ratio: 0.594231
Accuracy: 0.000100, Average Peak Ratio: 0.592106
Accuracy: 0.000010, Average Peak Ratio: 0.591627
Accuracy: 0.100000, Average Success Ratio: 0.376736
Accuracy: 0.010000, Average Success Ratio: 0.375000
Accuracy: 0.001000, Average Success Ratio: 0.375000
Accuracy: 0.000100, Average Success Ratio: 0.375000
Accuracy: 0.000010, Average Success Ratio: 0.375000
--------------------- Stats ---------------------
