--------------------- Problem 1 ---------------------
---- Accuracy: 0.100000 ----
PR Best: 1.000000
PR Worst: 0.000000
PR Average: 0.734375
PR Median: 1.000000
PR Standard Deviation: 0.063438
SR: 0.593750
---- Accuracy: 0.100000 ----
---- Accuracy: 0.010000 ----
PR Best: 1.000000
PR Worst: 0.000000
PR Average: 0.734375
PR Median: 1.000000
PR Standard Deviation: 0.063438
SR: 0.593750
---- Accuracy: 0.010000 ----
---- Accuracy: 0.001000 ----
PR Best: 1.000000
PR Worst: 0.000000
PR Average: 0.703125
PR Median: 1.000000
PR Standard Deviation: 0.062939
SR: 0.531250
---- Accuracy: 0.001000 ----
---- Accuracy: 0.000100 ----
PR Best: 1.000000
PR Worst: 0.000000
PR Average: 0.703125
PR Median: 1.000000
PR Standard Deviation: 0.062939
SR: 0.531250
---- Accuracy: 0.000100 ----
---- Accuracy: 0.000010 ----
PR Best: 1.000000
PR Worst: 0.000000
PR Average: 0.703125
PR Median: 1.000000
PR Standard Deviation: 0.062939
SR: 0.531250
---- Accuracy: 0.000010 ----
--------------------- Problem 1 ---------------------

--------------------- Problem 2 ---------------------
---- Accuracy: 0.100000 ----
PR Best: 1.000000
PR Worst: 0.000000
PR Average: 0.828125
PR Median: 1.000000
PR Standard Deviation: 0.065874
SR: 0.812500
---- Accuracy: 0.100000 ----
---- Accuracy: 0.010000 ----
PR Best: 1.000000
PR Worst: 0.000000
PR Average: 0.828125
PR Median: 1.000000
PR Standard Deviation: 0.065874
SR: 0.812500
---- Accuracy: 0.010000 ----
---- Accuracy: 0.001000 ----
PR Best: 1.000000
PR Worst: 0.000000
PR Average: 0.828125
PR Median: 1.000000
PR Standard Deviation: 0.065874
SR: 0.812500
---- Accuracy: 0.001000 ----
---- Accuracy: 0.000100 ----
PR Best: 1.000000
PR Worst: 0.000000
PR Average: 0.828125
PR Median: 1.000000
PR Standard Deviation: 0.065874
SR: 0.812500
---- Accuracy: 0.000100 ----
---- Accuracy: 0.000010 ----
PR Best: 1.000000
PR Worst: 0.000000
PR Average: 0.828125
PR Median: 1.000000
PR Standard Deviation: 0.065874
SR: 0.812500
---- Accuracy: 0.000010 ----
--------------------- Problem 2 ---------------------

--------------------- Problem 3 ---------------------
---- Accuracy: 0.100000 ----
PR Best: 1.000000
PR Worst: 0.000000
PR Average: 0.781250
PR Median: 1.000000
PR Standard Deviation: 0.063252
SR: 0.656250
---- Accuracy: 0.100000 ----
---- Accuracy: 0.010000 ----
PR Best: 1.000000
PR Worst: 0.000000
PR Average: 0.765625
PR Median: 1.000000
PR Standard Deviation: 0.065394
SR: 0.625000
---- Accuracy: 0.010000 ----
---- Accuracy: 0.001000 ----
PR Best: 1.000000
PR Worst: 0.000000
PR Average: 0.765625
PR Median: 1.000000
PR Standard Deviation: 0.065394
SR: 0.625000
---- Accuracy: 0.001000 ----
---- Accuracy: 0.000100 ----
PR Best: 1.000000
PR Worst: 0.000000
PR Average: 0.765625
PR Median: 1.000000
PR Standard Deviation: 0.065394
SR: 0.625000
---- Accuracy: 0.000100 ----
---- Accuracy: 0.000010 ----
PR Best: 1.000000
PR Worst: 0.000000
PR Average: 0.765625
PR Median: 1.000000
PR Standard Deviation: 0.065394
SR: 0.625000
---- Accuracy: 0.000010 ----
--------------------- Problem 3 ---------------------

--------------------- Problem 4 ---------------------
---- Accuracy: 0.100000 ----
PR Best: 1.000000
PR Worst: 0.000000
PR Average: 0.828125
PR Median: 1.000000
PR Standard Deviation: 0.057718
SR: 0.750000
---- Accuracy: 0.100000 ----
---- Accuracy: 0.010000 ----
PR Best: 1.000000
PR Worst: 0.000000
PR Average: 0.765625
PR Median: 1.000000
PR Standard Deviation: 0.070940
SR: 0.718750
---- Accuracy: 0.010000 ----
---- Accuracy: 0.001000 ----
PR Best: 1.000000
PR Worst: 0.000000
PR Average: 0.765625
PR Median: 1.000000
PR Standard Deviation: 0.070940
SR: 0.718750
---- Accuracy: 0.001000 ----
---- Accuracy: 0.000100 ----
PR Best: 1.000000
PR Worst: 0.000000
PR Average: 0.765625
PR Median: 1.000000
PR Standard Deviation: 0.070940
SR: 0.718750
---- Accuracy: 0.000100 ----
---- Accuracy: 0.000010 ----
PR Best: 1.000000
PR Worst: 0.000000
PR Average: 0.750000
PR Median: 1.000000
PR Standard Deviation: 0.074460
SR: 0.718750
---- Accuracy: 0.000010 ----
--------------------- Problem 4 ---------------------

--------------------- Problem 5 ---------------------
---- Accuracy: 0.100000 ----
PR Best: 1.000000
PR Worst: 0.000000
PR Average: 0.585938
PR Median: 0.750000
PR Standard Deviation: 0.057632
SR: 0.031250
---- Accuracy: 0.100000 ----
---- Accuracy: 0.010000 ----
PR Best: 1.000000
PR Worst: 0.000000
PR Average: 0.585938
PR Median: 0.750000
PR Standard Deviation: 0.057632
SR: 0.031250
---- Accuracy: 0.010000 ----
---- Accuracy: 0.001000 ----
PR Best: 1.000000
PR Worst: 0.000000
PR Average: 0.578125
PR Median: 0.750000
PR Standard Deviation: 0.057169
SR: 0.031250
---- Accuracy: 0.001000 ----
---- Accuracy: 0.000100 ----
PR Best: 1.000000
PR Worst: 0.000000
PR Average: 0.578125
PR Median: 0.750000
PR Standard Deviation: 0.057169
SR: 0.031250
---- Accuracy: 0.000100 ----
---- Accuracy: 0.000010 ----
PR Best: 1.000000
PR Worst: 0.000000
PR Average: 0.562500
PR Median: 0.750000
PR Standard Deviation: 0.055563
SR: 0.031250
---- Accuracy: 0.000010 ----
--------------------- Problem 5 ---------------------

--------------------- Problem 6 ---------------------
---- Accuracy: 0.100000 ----
PR Best: 0.406250
PR Worst: 0.000000
PR Average: 0.213867
PR Median: 0.250000
PR Standard Deviation: 0.022630
SR: 0.000000
---- Accuracy: 0.100000 ----
---- Accuracy: 0.010000 ----
PR Best: 0.343750
PR Worst: 0.000000
PR Average: 0.196289
PR Median: 0.250000
PR Standard Deviation: 0.020393
SR: 0.000000
---- Accuracy: 0.010000 ----
---- Accuracy: 0.001000 ----
PR Best: 0.343750
PR Worst: 0.000000
PR Average: 0.165039
PR Median: 0.203125
PR Standard Deviation: 0.019806
SR: 0.000000
---- Accuracy: 0.001000 ----
---- Accuracy: 0.000100 ----
PR Best: 0.312500
PR Worst: 0.000000
PR Average: 0.131836
PR Median: 0.156250
PR Standard Deviation: 0.016646
SR: 0.000000
---- Accuracy: 0.000100 ----
---- Accuracy: 0.000010 ----
PR Best: 0.218750
PR Worst: 0.000000
PR Average: 0.099609
PR Median: 0.125000
PR Standard Deviation: 0.012427
SR: 0.000000
---- Accuracy: 0.000010 ----
--------------------- Problem 6 ---------------------

--------------------- Problem 7 ---------------------
---- Accuracy: 0.100000 ----
PR Best: 1.000000
PR Worst: 0.000000
PR Average: 0.703125
PR Median: 1.000000
PR Standard Deviation: 0.080508
SR: 0.687500
---- Accuracy: 0.100000 ----
---- Accuracy: 0.010000 ----
PR Best: 1.000000
PR Worst: 0.000000
PR Average: 0.671875
PR Median: 1.000000
PR Standard Deviation: 0.079722
SR: 0.625000
---- Accuracy: 0.010000 ----
---- Accuracy: 0.001000 ----
PR Best: 1.000000
PR Worst: 0.000000
PR Average: 0.625000
PR Median: 1.000000
PR Standard Deviation: 0.077771
SR: 0.531250
---- Accuracy: 0.001000 ----
---- Accuracy: 0.000100 ----
PR Best: 1.000000
PR Worst: 0.000000
PR Average: 0.484375
PR Median: 0.500000
PR Standard Deviation: 0.069141
SR: 0.281250
---- Accuracy: 0.000100 ----
---- Accuracy: 0.000010 ----
PR Best: 1.000000
PR Worst: 0.000000
PR Average: 0.390625
PR Median: 0.500000
PR Standard Deviation: 0.058261
SR: 0.125000
---- Accuracy: 0.000010 ----
--------------------- Problem 7 ---------------------

--------------------- Problem 8 ---------------------
---- Accuracy: 0.100000 ----
PR Best: 1.000000
PR Worst: 0.000000
PR Average: 0.570312
PR Median: 0.625000
PR Standard Deviation: 0.062232
SR: 0.156250
---- Accuracy: 0.100000 ----
---- Accuracy: 0.010000 ----
PR Best: 0.625000
PR Worst: 0.000000
PR Average: 0.261719
PR Median: 0.250000
PR Standard Deviation: 0.031928
SR: 0.000000
---- Accuracy: 0.010000 ----
---- Accuracy: 0.001000 ----
PR Best: 0.375000
PR Worst: 0.000000
PR Average: 0.125000
PR Median: 0.125000
PR Standard Deviation: 0.018615
SR: 0.000000
---- Accuracy: 0.001000 ----
---- Accuracy: 0.000100 ----
PR Best: 0.250000
PR Worst: 0.000000
PR Average: 0.042969
PR Median: 0.000000
PR Standard Deviation: 0.014429
SR: 0.000000
---- Accuracy: 0.000100 ----
---- Accuracy: 0.000010 ----
PR Best: 0.125000
PR Worst: 0.000000
PR Average: 0.019531
PR Median: 0.000000
PR Standard Deviation: 0.008152
SR: 0.000000
---- Accuracy: 0.000010 ----
--------------------- Problem 8 ---------------------

--------------------- Problem 9 ---------------------
---- Accuracy: 0.100000 ----
PR Best: 0.343750
PR Worst: 0.000000
PR Average: 0.174805
PR Median: 0.250000
PR Standard Deviation: 0.022619
SR: 0.000000
---- Accuracy: 0.100000 ----
---- Accuracy: 0.010000 ----
PR Best: 0.093750
PR Worst: 0.000000
PR Average: 0.028320
PR Median: 0.031250
PR Standard Deviation: 0.005129
SR: 0.000000
---- Accuracy: 0.010000 ----
---- Accuracy: 0.001000 ----
PR Best: 0.031250
PR Worst: 0.000000
PR Average: 0.005859
PR Median: 0.000000
PR Standard Deviation: 0.002191
SR: 0.000000
---- Accuracy: 0.001000 ----
---- Accuracy: 0.000100 ----
PR Best: 0.000000
PR Worst: 0.000000
PR Average: 0.000000
PR Median: 0.000000
PR Standard Deviation: 0.000000
SR: 0.000000
---- Accuracy: 0.000100 ----
---- Accuracy: 0.000010 ----
PR Best: 0.000000
PR Worst: 0.000000
PR Average: 0.000000
PR Median: 0.000000
PR Standard Deviation: 0.000000
SR: 0.000000
---- Accuracy: 0.000010 ----
--------------------- Problem 9 ---------------------

--------------------- Problem 10 ---------------------
---- Accuracy: 0.100000 ----
PR Best: 1.000000
PR Worst: 0.000000
PR Average: 0.687500
PR Median: 0.900000
PR Standard Deviation: 0.061688
SR: 0.187500
---- Accuracy: 0.100000 ----
---- Accuracy: 0.010000 ----
PR Best: 1.000000
PR Worst: 0.000000
PR Average: 0.687500
PR Median: 0.900000
PR Standard Deviation: 0.061688
SR: 0.187500
---- Accuracy: 0.010000 ----
---- Accuracy: 0.001000 ----
PR Best: 1.000000
PR Worst: 0.000000
PR Average: 0.681250
PR Median: 0.900000
PR Standard Deviation: 0.061309
SR: 0.187500
---- Accuracy: 0.001000 ----
---- Accuracy: 0.000100 ----
PR Best: 0.900000
PR Worst: 0.000000
PR Average: 0.556250
PR Median: 0.700000
PR Standard Deviation: 0.057139
SR: 0.000000
---- Accuracy: 0.000100 ----
---- Accuracy: 0.000010 ----
PR Best: 0.900000
PR Worst: 0.000000
PR Average: 0.471875
PR Median: 0.600000
PR Standard Deviation: 0.050047
SR: 0.000000
---- Accuracy: 0.000010 ----
--------------------- Problem 10 ---------------------

--------------------- Problem 11 ---------------------
---- Accuracy: 0.100000 ----
PR Best: 1.000000
PR Worst: 0.750000
PR Average: 0.921875
PR Median: 1.000000
PR Standard Deviation: 0.020812
SR: 0.687500
---- Accuracy: 0.100000 ----
---- Accuracy: 0.010000 ----
PR Best: 1.000000
PR Worst: 0.750000
PR Average: 0.921875
PR Median: 1.000000
PR Standard Deviation: 0.020812
SR: 0.687500
---- Accuracy: 0.010000 ----
---- Accuracy: 0.001000 ----
PR Best: 1.000000
PR Worst: 0.750000
PR Average: 0.921875
PR Median: 1.000000
PR Standard Deviation: 0.020812
SR: 0.687500
---- Accuracy: 0.001000 ----
---- Accuracy: 0.000100 ----
PR Best: 1.000000
PR Worst: 0.750000
PR Average: 0.921875
PR Median: 1.000000
PR Standard Deviation: 0.020812
SR: 0.687500
---- Accuracy: 0.000100 ----
---- Accuracy: 0.000010 ----
PR Best: 1.000000
PR Worst: 0.750000
PR Average: 0.921875
PR Median: 1.000000
PR Standard Deviation: 0.020812
SR: 0.687500
---- Accuracy: 0.000010 ----
--------------------- Problem 11 ---------------------

--------------------- Problem 12 ---------------------
---- Accuracy: 0.100000 ----
PR Best: 1.000000
PR Worst: 0.000000
PR Average: 0.750000
PR Median: 1.000000
PR Standard Deviation: 0.070102
SR: 0.625000
---- Accuracy: 0.100000 ----
---- Accuracy: 0.010000 ----
PR Best: 1.000000
PR Worst: 0.000000
PR Average: 0.750000
PR Median: 1.000000
PR Standard Deviation: 0.070102
SR: 0.625000
---- Accuracy: 0.010000 ----
---- Accuracy: 0.001000 ----
PR Best: 1.000000
PR Worst: 0.000000
PR Average: 0.750000
PR Median: 1.000000
PR Standard Deviation: 0.070102
SR: 0.625000
---- Accuracy: 0.001000 ----
---- Accuracy: 0.000100 ----
PR Best: 1.000000
PR Worst: 0.000000
PR Average: 0.750000
PR Median: 1.000000
PR Standard Deviation: 0.070102
SR: 0.625000
---- Accuracy: 0.000100 ----
---- Accuracy: 0.000010 ----
PR Best: 1.000000
PR Worst: 0.000000
PR Average: 0.750000
PR Median: 1.000000
PR Standard Deviation: 0.070102
SR: 0.625000
---- Accuracy: 0.000010 ----
--------------------- Problem 12 ---------------------

--------------------- Problem 13 ---------------------
---- Accuracy: 0.100000 ----
PR Best: 1.000000
PR Worst: 0.000000
PR Average: 0.828125
PR Median: 1.000000
PR Standard Deviation: 0.065874
SR: 0.812500
---- Accuracy: 0.100000 ----
---- Accuracy: 0.010000 ----
PR Best: 1.000000
PR Worst: 0.000000
PR Average: 0.703125
PR Median: 1.000000
PR Standard Deviation: 0.066824
SR: 0.562500
---- Accuracy: 0.010000 ----
---- Accuracy: 0.001000 ----
PR Best: 1.000000
PR Worst: 0.000000
PR Average: 0.703125
PR Median: 1.000000
PR Standard Deviation: 0.066824
SR: 0.562500
---- Accuracy: 0.001000 ----
---- Accuracy: 0.000100 ----
PR Best: 1.000000
PR Worst: 0.000000
PR Average: 0.703125
PR Median: 1.000000
PR Standard Deviation: 0.066824
SR: 0.562500
---- Accuracy: 0.000100 ----
---- Accuracy: 0.000010 ----
PR Best: 1.000000
PR Worst: 0.000000
PR Average: 0.703125
PR Median: 1.000000
PR Standard Deviation: 0.066824
SR: 0.562500
---- Accuracy: 0.000010 ----
--------------------- Problem 13 ---------------------

--------------------- Problem 14 ---------------------
---- Accuracy: 0.100000 ----
PR Best: 1.000000
PR Worst: 0.000000
PR Average: 0.612500
PR Median: 1.000000
PR Standard Deviation: 0.079660
SR: 0.531250
---- Accuracy: 0.100000 ----
---- Accuracy: 0.010000 ----
PR Best: 1.000000
PR Worst: 0.000000
PR Average: 0.600000
PR Median: 0.900000
PR Standard Deviation: 0.078288
SR: 0.468750
---- Accuracy: 0.010000 ----
---- Accuracy: 0.001000 ----
PR Best: 1.000000
PR Worst: 0.000000
PR Average: 0.531250
PR Median: 0.500000
PR Standard Deviation: 0.078087
SR: 0.406250
---- Accuracy: 0.001000 ----
---- Accuracy: 0.000100 ----
PR Best: 1.000000
PR Worst: 0.000000
PR Average: 0.506250
PR Median: 0.400000
PR Standard Deviation: 0.076192
SR: 0.343750
---- Accuracy: 0.000100 ----
---- Accuracy: 0.000010 ----
PR Best: 1.000000
PR Worst: 0.000000
PR Average: 0.496875
PR Median: 0.400000
PR Standard Deviation: 0.074526
SR: 0.281250
---- Accuracy: 0.000010 ----
--------------------- Problem 14 ---------------------

--------------------- Problem 15 ---------------------
---- Accuracy: 0.100000 ----
PR Best: 1.000000
PR Worst: 0.000000
PR Average: 0.863281
PR Median: 1.000000
PR Standard Deviation: 0.055096
SR: 0.781250
---- Accuracy: 0.100000 ----
---- Accuracy: 0.010000 ----
PR Best: 1.000000
PR Worst: 0.000000
PR Average: 0.730469
PR Median: 1.000000
PR Standard Deviation: 0.071682
SR: 0.656250
---- Accuracy: 0.010000 ----
---- Accuracy: 0.001000 ----
PR Best: 1.000000
PR Worst: 0.000000
PR Average: 0.515625
PR Median: 0.500000
PR Standard Deviation: 0.067527
SR: 0.250000
---- Accuracy: 0.001000 ----
---- Accuracy: 0.000100 ----
PR Best: 0.625000
PR Worst: 0.000000
PR Average: 0.171875
PR Median: 0.125000
PR Standard Deviation: 0.037546
SR: 0.000000
---- Accuracy: 0.000100 ----
---- Accuracy: 0.000010 ----
PR Best: 0.250000
PR Worst: 0.000000
PR Average: 0.054688
PR Median: 0.000000
PR Standard Deviation: 0.012472
SR: 0.000000
---- Accuracy: 0.000010 ----
--------------------- Problem 15 ---------------------

--------------------- Problem 16 ---------------------
---- Accuracy: 0.100000 ----
PR Best: 1.000000
PR Worst: 0.000000
PR Average: 0.710938
PR Median: 0.916667
PR Standard Deviation: 0.059720
SR: 0.187500
---- Accuracy: 0.100000 ----
---- Accuracy: 0.010000 ----
PR Best: 0.666667
PR Worst: 0.000000
PR Average: 0.376302
PR Median: 0.416667
PR Standard Deviation: 0.037159
SR: 0.000000
---- Accuracy: 0.010000 ----
---- Accuracy: 0.001000 ----
PR Best: 0.291667
PR Worst: 0.000000
PR Average: 0.145833
PR Median: 0.166667
PR Standard Deviation: 0.015764
SR: 0.000000
---- Accuracy: 0.001000 ----
---- Accuracy: 0.000100 ----
PR Best: 0.166667
PR Worst: 0.000000
PR Average: 0.066406
PR Median: 0.083333
PR Standard Deviation: 0.008945
SR: 0.000000
---- Accuracy: 0.000100 ----
---- Accuracy: 0.000010 ----
PR Best: 0.125000
PR Worst: 0.000000
PR Average: 0.019531
PR Median: 0.000000
PR Standard Deviation: 0.004944
SR: 0.000000
---- Accuracy: 0.000010 ----
--------------------- Problem 16 ---------------------

--------------------- Problem 17 ---------------------
---- Accuracy: 0.100000 ----
PR Best: 1.000000
PR Worst: 0.000000
PR Average: 0.515625
PR Median: 0.562500
PR Standard Deviation: 0.069084
SR: 0.187500
---- Accuracy: 0.100000 ----
---- Accuracy: 0.010000 ----
PR Best: 0.500000
PR Worst: 0.000000
PR Average: 0.185547
PR Median: 0.187500
PR Standard Deviation: 0.030804
SR: 0.000000
---- Accuracy: 0.010000 ----
---- Accuracy: 0.001000 ----
PR Best: 0.250000
PR Worst: 0.000000
PR Average: 0.046875
PR Median: 0.000000
PR Standard Deviation: 0.011225
SR: 0.000000
---- Accuracy: 0.001000 ----
---- Accuracy: 0.000100 ----
PR Best: 0.062500
PR Worst: 0.000000
PR Average: 0.007812
PR Median: 0.000000
PR Standard Deviation: 0.003712
SR: 0.000000
---- Accuracy: 0.000100 ----
---- Accuracy: 0.000010 ----
PR Best: 0.000000
PR Worst: 0.000000
PR Average: 0.000000
PR Median: 0.000000
PR Standard Deviation: 0.000000
SR: 0.000000
---- Accuracy: 0.000010 ----
--------------------- Problem 17 ---------------------

--------------------- Problem 18 ---------------------
---- Accuracy: 0.100000 ----
PR Best: 0.203125
PR Worst: 0.000000
PR Average: 0.086914
PR Median: 0.070312
PR Standard Deviation: 0.009359
SR: 0.000000
---- Accuracy: 0.100000 ----
---- Accuracy: 0.010000 ----
PR Best: 0.062500
PR Worst: 0.000000
PR Average: 0.013184
PR Median: 0.007812
PR Standard Deviation: 0.002902
SR: 0.000000
---- Accuracy: 0.010000 ----
---- Accuracy: 0.001000 ----
PR Best: 0.015625
PR Worst: 0.000000
PR Average: 0.000977
PR Median: 0.000000
PR Standard Deviation: 0.000679
SR: 0.000000
---- Accuracy: 0.001000 ----
---- Accuracy: 0.000100 ----
PR Best: 0.000000
PR Worst: 0.000000
PR Average: 0.000000
PR Median: 0.000000
PR Standard Deviation: 0.000000
SR: 0.000000
---- Accuracy: 0.000100 ----
---- Accuracy: 0.000010 ----
PR Best: 0.000000
PR Worst: 0.000000
PR Average: 0.000000
PR Median: 0.000000
PR Standard Deviation: 0.000000
SR: 0.000000
---- Accuracy: 0.000010 ----
--------------------- Problem 18 ---------------------

--------------------- Stats ---------------------
Problem: 1, Average Peak Ratio: 0.715625
Problem: 2, Average Peak Ratio: 0.828125
Problem: 3, Average Peak Ratio: 0.768750
Problem: 4, Average Peak Ratio: 0.775000
Problem: 5, Average Peak Ratio: 0.578125
Problem: 6, Average Peak Ratio: 0.161328
Problem: 7, Average Peak Ratio: 0.575000
Problem: 8, Average Peak Ratio: 0.203906
Problem: 9, Average Peak Ratio: 0.041797
Problem: 10, Average Peak Ratio: 0.616875
Problem: 11, Average Peak Ratio: 0.921875
Problem: 12, Average Peak Ratio: 0.750000
Problem: 13, Average Peak Ratio: 0.728125
Problem: 14, Average Peak Ratio: 0.549375
Problem: 15, Average Peak Ratio: 0.467187
Problem: 16, Average Peak Ratio: 0.263802
Problem: 17, Average Peak Ratio: 0.151172
Problem: 18, Average Peak Ratio: 0.020215
Overall Average Peak Ratio: 0.506460
Accuracy: 0.100000, Average Peak Ratio: 0.633149
Accuracy: 0.010000, Average Peak Ratio: 0.544772
Accuracy: 0.001000, Average Peak Ratio: 0.492130
Accuracy: 0.000100, Average Peak Ratio: 0.443522
Accuracy: 0.000010, Average Peak Ratio: 0.418728
Accuracy: 0.100000, Average Success Ratio: 0.427083
Accuracy: 0.010000, Average Success Ratio: 0.366319
Accuracy: 0.001000, Average Success Ratio: 0.331597
Accuracy: 0.000100, Average Success Ratio: 0.289931
Accuracy: 0.000010, Average Success Ratio: 0.277778
--------------------- Stats ---------------------
